Mon May 27 0:19:28 PYT 2013: INCICIO SISTEMA
Mon May 27 0:19:28 PYT 2013: Seccion administracion 
Mon May 27 0:19:28 PYT 2013: Web: 
Mon May 27 0:19:28 PYT 2013: Web: seccion categorias
Mon May 27 0:19:28 PYT 2013: Asignando el template:
Mon May 27 0:19:45 PYT 2013: INCICIO SISTEMA
Mon May 27 0:19:45 PYT 2013: Seccion administracion 
Mon May 27 0:19:45 PYT 2013: Web: 
Mon May 27 0:19:45 PYT 2013: Web: seccion categorias
Mon May 27 0:19:45 PYT 2013: Asignando el template:
Mon May 27 0:20:15 PYT 2013: INCICIO SISTEMA
Mon May 27 0:20:15 PYT 2013: Seccion administracion 
Mon May 27 0:20:15 PYT 2013: Web: 
Mon May 27 0:20:15 PYT 2013: Web: seccion categorias
Mon May 27 0:20:15 PYT 2013: Asignando el template:
Mon May 27 0:20:35 PYT 2013: INCICIO SISTEMA
Mon May 27 0:20:35 PYT 2013: Seccion administracion 
Mon May 27 0:20:35 PYT 2013: Web: 
Mon May 27 0:20:35 PYT 2013: Web: seccion categorias
Mon May 27 0:20:35 PYT 2013: Asignando el template:
Mon May 27 0:20:50 PYT 2013: INCICIO SISTEMA
Mon May 27 0:20:50 PYT 2013: Seccion administracion 
Mon May 27 0:20:50 PYT 2013: Web: 
Mon May 27 0:20:50 PYT 2013: Web: seccion categorias
Mon May 27 0:20:50 PYT 2013: Asignando el template:
Mon May 27 0:21:17 PYT 2013: INCICIO SISTEMA
Mon May 27 0:21:17 PYT 2013: Seccion administracion 
Mon May 27 0:21:17 PYT 2013: Web: 
Mon May 27 0:21:17 PYT 2013: Web: seccion categorias
Mon May 27 0:21:17 PYT 2013: Asignando el template:
Mon May 27 0:21:20 PYT 2013: INCICIO SISTEMA
Mon May 27 0:21:20 PYT 2013: Seccion administracion 
Mon May 27 0:21:20 PYT 2013: Web: 
Mon May 27 0:21:20 PYT 2013: Web: seccion categorias
Mon May 27 0:21:20 PYT 2013: Asignando el template:
Mon May 27 0:21:21 PYT 2013: INCICIO SISTEMA
Mon May 27 0:21:21 PYT 2013: Seccion administracion 
Mon May 27 0:21:21 PYT 2013: Web: 
Mon May 27 0:21:21 PYT 2013: Web: seccion categorias
Mon May 27 0:21:21 PYT 2013: Asignando el template:
Mon May 27 0:21:21 PYT 2013: INCICIO SISTEMA
Mon May 27 0:21:21 PYT 2013: Seccion administracion 
Mon May 27 0:21:21 PYT 2013: Web: 
Mon May 27 0:21:21 PYT 2013: Web: seccion categorias
Mon May 27 0:21:21 PYT 2013: Asignando el template:
Mon May 27 0:22:00 PYT 2013: INCICIO SISTEMA
Mon May 27 0:22:00 PYT 2013: Seccion administracion 
Mon May 27 0:22:00 PYT 2013: Web: 
Mon May 27 0:22:00 PYT 2013: Web: seccion categorias
Mon May 27 0:22:00 PYT 2013: Asignando el template:
Mon May 27 0:23:40 PYT 2013: INCICIO SISTEMA
Mon May 27 0:23:40 PYT 2013: Seccion administracion 
Mon May 27 0:23:40 PYT 2013: Web: 
Mon May 27 0:23:40 PYT 2013: Web: seccion categorias
Mon May 27 0:23:40 PYT 2013: Asignando el template:
Mon May 27 0:24:21 PYT 2013: INCICIO SISTEMA
Mon May 27 0:24:21 PYT 2013: Seccion administracion 
Mon May 27 0:24:21 PYT 2013: Web: 
Mon May 27 0:24:21 PYT 2013: Web: menu principal 
Mon May 27 0:24:33 PYT 2013: INCICIO SISTEMA
Mon May 27 0:24:33 PYT 2013: Seccion administracion 
Mon May 27 0:24:33 PYT 2013: Web: 
Mon May 27 0:24:33 PYT 2013: Web: seccion categorias
Mon May 27 0:24:33 PYT 2013: Asignando el template:
Mon May 27 0:25:46 PYT 2013: INCICIO SISTEMA
Mon May 27 0:25:46 PYT 2013: Seccion administracion 
Mon May 27 0:25:46 PYT 2013: Web: 
Mon May 27 0:25:46 PYT 2013: Web: seccion categorias
Mon May 27 0:25:46 PYT 2013: Asignando el template:
Mon May 27 0:26:11 PYT 2013: INCICIO SISTEMA
Mon May 27 0:26:11 PYT 2013: Seccion administracion 
Mon May 27 0:26:11 PYT 2013: Web: 
Mon May 27 0:26:11 PYT 2013: Web: seccion categorias
Mon May 27 0:26:11 PYT 2013: Asignando el template:
Mon May 27 0:27:11 PYT 2013: INCICIO SISTEMA
Mon May 27 0:27:11 PYT 2013: Seccion administracion 
Mon May 27 0:27:11 PYT 2013: Web: 
Mon May 27 0:27:11 PYT 2013: Web: seccion categorias
Mon May 27 0:27:11 PYT 2013: Asignando el template:
Mon May 27 0:27:41 PYT 2013: INCICIO SISTEMA
Mon May 27 0:27:41 PYT 2013: Seccion administracion 
Mon May 27 0:27:41 PYT 2013: Web: 
Mon May 27 0:27:41 PYT 2013: Web: seccion categorias
Mon May 27 0:27:41 PYT 2013: Asignando el template:
Mon May 27 0:27:49 PYT 2013: INCICIO SISTEMA
Mon May 27 0:27:49 PYT 2013: Seccion administracion 
Mon May 27 0:27:49 PYT 2013: Web: 
Mon May 27 0:27:49 PYT 2013: Web: seccion categorias
Mon May 27 0:27:49 PYT 2013: Asignando el template:
Mon May 27 0:27:55 PYT 2013: INCICIO SISTEMA
Mon May 27 0:27:55 PYT 2013: Seccion administracion 
Mon May 27 0:27:55 PYT 2013: Web: 
Mon May 27 0:27:55 PYT 2013: Web: seccion categorias
Mon May 27 0:27:55 PYT 2013: Asignando el template:
Mon May 27 0:28:28 PYT 2013: INCICIO SISTEMA
Mon May 27 0:28:28 PYT 2013: Seccion administracion 
Mon May 27 0:28:28 PYT 2013: Web: 
Mon May 27 0:28:28 PYT 2013: Web: seccion categorias
Mon May 27 0:28:28 PYT 2013: Asignando el template:
Mon May 27 0:28:30 PYT 2013: INCICIO SISTEMA
Mon May 27 0:28:30 PYT 2013: Seccion administracion 
Mon May 27 0:28:30 PYT 2013: Web: 
Mon May 27 0:28:30 PYT 2013: Web: seccion categorias
Mon May 27 0:28:30 PYT 2013: Asignando el template:
Mon May 27 0:29:26 PYT 2013: INCICIO SISTEMA
Mon May 27 0:29:56 PYT 2013: INCICIO SISTEMA
Mon May 27 0:29:56 PYT 2013: Seccion administracion 
Mon May 27 0:29:56 PYT 2013: Web: 
Mon May 27 0:29:56 PYT 2013: Web: menu principal 
Mon May 27 0:30:19 PYT 2013: INCICIO SISTEMA
Mon May 27 0:30:19 PYT 2013: Seccion administracion 
Mon May 27 0:30:19 PYT 2013: Web: 
Mon May 27 0:30:19 PYT 2013: Web: seccion categorias
Mon May 27 0:30:19 PYT 2013: Asignando el template:
Mon May 27 0:33:40 PYT 2013: INCICIO SISTEMA
Mon May 27 0:33:48 PYT 2013: INCICIO SISTEMA
Mon May 27 0:33:48 PYT 2013: Seccion administracion 
Mon May 27 0:33:48 PYT 2013: Web: 
Mon May 27 0:33:48 PYT 2013: Web: menu principal 
Mon May 27 0:33:50 PYT 2013: INCICIO SISTEMA
Mon May 27 0:33:50 PYT 2013: Seccion administracion 
Mon May 27 0:33:50 PYT 2013: Web: 
Mon May 27 0:33:50 PYT 2013: Web: seccion categorias
Mon May 27 0:33:50 PYT 2013: Asignando el template:
Mon May 27 0:36:16 PYT 2013: INCICIO SISTEMA
Mon May 27 0:36:16 PYT 2013: Seccion administracion 
Mon May 27 0:36:16 PYT 2013: Web: 
Mon May 27 0:36:16 PYT 2013: Web: seccion categorias
Mon May 27 0:36:29 PYT 2013: INCICIO SISTEMA
Mon May 27 0:36:29 PYT 2013: Seccion administracion 
Mon May 27 0:36:29 PYT 2013: Web: 
Mon May 27 0:36:29 PYT 2013: Web: seccion categorias
Mon May 27 0:36:51 PYT 2013: INCICIO SISTEMA
Mon May 27 0:36:51 PYT 2013: Seccion administracion 
Mon May 27 0:36:51 PYT 2013: Web: 
Mon May 27 0:36:51 PYT 2013: Web: seccion categorias
Mon May 27 0:36:51 PYT 2013: Asignando el template:
Mon May 27 0:39:58 PYT 2013: INCICIO SISTEMA
Mon May 27 0:39:58 PYT 2013: Seccion administracion 
Mon May 27 0:39:58 PYT 2013: Web: 
Mon May 27 0:39:58 PYT 2013: Web: seccion categorias
Mon May 27 0:39:58 PYT 2013: Asignando el template:
Mon May 27 0:41:40 PYT 2013: INCICIO SISTEMA
Mon May 27 0:41:44 PYT 2013: INCICIO SISTEMA
Mon May 27 0:41:44 PYT 2013: Seccion administracion 
Mon May 27 0:41:44 PYT 2013: Web: 
Mon May 27 0:41:44 PYT 2013: Web: menu principal 
Mon May 27 0:41:46 PYT 2013: INCICIO SISTEMA
Mon May 27 0:41:46 PYT 2013: Seccion administracion 
Mon May 27 0:41:46 PYT 2013: Web: 
Mon May 27 0:41:46 PYT 2013: Web: seccion categorias
Mon May 27 0:41:46 PYT 2013: Asignando el template:
Mon May 27 0:42:30 PYT 2013: INCICIO SISTEMA
Mon May 27 0:42:30 PYT 2013: Seccion administracion 
Mon May 27 0:42:30 PYT 2013: Web: 
Mon May 27 0:42:30 PYT 2013: Web: seccion categorias
Mon May 27 0:42:30 PYT 2013: Asignando el template:
Mon May 27 0:42:33 PYT 2013: --- OPERACIONES --
Mon May 27 0:42:33 PYT 2013: --- OPERACIONES: Agregar Categoria  --
Mon May 27 0:42:33 PYT 2013: Asignando el template:
Mon May 27 0:42:33 PYT 2013: AGREGAR CATEGORIA
Mon May 27 0:42:33 PYT 2013: AGREGAR CATEGORIAS: SQL:INSERT INTO categorias (categoria) values ('abc');
Mon May 27 0:42:51 PYT 2013: INCICIO SISTEMA
Mon May 27 0:42:51 PYT 2013: Seccion administracion 
Mon May 27 0:42:51 PYT 2013: Web: 
Mon May 27 0:42:51 PYT 2013: Web: seccion categorias
Mon May 27 0:42:51 PYT 2013: Asignando el template:
Mon May 27 0:42:55 PYT 2013: --- OPERACIONES --
Mon May 27 0:42:55 PYT 2013: --- OPERACIONES: Agregar Categoria  --
Mon May 27 0:42:55 PYT 2013: Asignando el template:
Mon May 27 0:42:55 PYT 2013: AGREGAR CATEGORIA
Mon May 27 0:42:55 PYT 2013: AGREGAR CATEGORIAS: SQL:INSERT INTO categorias (categoria) values ('abcdef');
Mon May 27 0:42:55 PYT 2013: --- OPERACIONES --
Mon May 27 0:42:55 PYT 2013: --- OPERACIONES: Listar Categoria  --
Mon May 27 0:42:55 PYT 2013: Asignando el template:
Mon May 27 0:43:21 PYT 2013: INCICIO SISTEMA
Mon May 27 0:43:21 PYT 2013: Seccion administracion 
Mon May 27 0:43:21 PYT 2013: Web: 
Mon May 27 0:43:21 PYT 2013: Web: seccion categorias
Mon May 27 0:43:21 PYT 2013: Asignando el template:
Mon May 27 0:44:20 PYT 2013: INCICIO SISTEMA
Mon May 27 0:44:20 PYT 2013: Seccion administracion 
Mon May 27 0:44:20 PYT 2013: Web: 
Mon May 27 0:44:20 PYT 2013: Web: seccion categorias
Mon May 27 0:44:20 PYT 2013: Asignando el template:
Mon May 27 0:44:30 PYT 2013: --- OPERACIONES --
Mon May 27 0:44:30 PYT 2013: --- OPERACIONES: Agregar Categoria  --
Mon May 27 0:44:30 PYT 2013: Asignando el template:
Mon May 27 0:44:30 PYT 2013: AGREGAR CATEGORIA
Mon May 27 0:44:30 PYT 2013: AGREGAR CATEGORIAS: SQL:INSERT INTO categorias (categoria) values ('hijklm');
Mon May 27 0:44:30 PYT 2013: --- OPERACIONES --
Mon May 27 0:44:30 PYT 2013: --- OPERACIONES: Listar Categoria  --
Mon May 27 0:44:30 PYT 2013: Asignando el template:
Mon May 27 0:44:36 PYT 2013: --- OPERACIONES --
Mon May 27 0:44:36 PYT 2013: --- OPERACIONES: Agregar Categoria  --
Mon May 27 0:44:36 PYT 2013: Asignando el template:
Mon May 27 0:44:36 PYT 2013: AGREGAR CATEGORIA
Mon May 27 0:44:36 PYT 2013: AGREGAR CATEGORIAS: SQL:INSERT INTO categorias (categoria) values ('OPQRSTU');
Mon May 27 0:44:36 PYT 2013: --- OPERACIONES --
Mon May 27 0:44:36 PYT 2013: --- OPERACIONES: Listar Categoria  --
Mon May 27 0:44:36 PYT 2013: Asignando el template:
Mon May 27 0:51:15 PYT 2013: --- OPERACIONES --
Mon May 27 0:51:15 PYT 2013: --- OPERACIONES: Agregar Categoria  --
Mon May 27 0:51:15 PYT 2013: Asignando el template:
Mon May 27 0:51:15 PYT 2013: AGREGAR CATEGORIA
Mon May 27 0:51:15 PYT 2013: AGREGAR CATEGORIAS: SQL:INSERT INTO categorias (categoria) values ('abcdeef');
Mon May 27 0:51:15 PYT 2013: --- OPERACIONES --
Mon May 27 0:51:15 PYT 2013: --- OPERACIONES: Listar Categoria  --
Mon May 27 0:51:15 PYT 2013: Asignando el template:
Mon May 27 1:09:47 PYT 2013: INCICIO SISTEMA
Mon May 27 1:09:47 PYT 2013: Seccion administracion 
Mon May 27 1:09:47 PYT 2013: Web: 
Mon May 27 1:09:47 PYT 2013: Web: seccion categorias
Mon May 27 1:09:47 PYT 2013: Asignando el template:
Mon May 27 1:09:51 PYT 2013: --- OPERACIONES --
Mon May 27 1:09:51 PYT 2013: --- OPERACIONES: Eliminar Categoria  --
Mon May 27 1:09:51 PYT 2013: Asignando el template:
Mon May 27 1:09:51 PYT 2013: ELIMINAR CATEGORIA
Mon May 27 1:09:51 PYT 2013: ELIMINAR CATEGORIAS: SQL:DELETE  from categorias  where idcategoria= 10 limit 1);
Mon May 27 1:10:00 PYT 2013: --- OPERACIONES --
Mon May 27 1:10:00 PYT 2013: --- OPERACIONES: Eliminar Categoria  --
Mon May 27 1:10:00 PYT 2013: Asignando el template:
Mon May 27 1:10:00 PYT 2013: ELIMINAR CATEGORIA
Mon May 27 1:10:00 PYT 2013: ELIMINAR CATEGORIAS: SQL:DELETE  from categorias  where idcategoria= 10 limit 1);
Mon May 27 1:10:06 PYT 2013: INCICIO SISTEMA
Mon May 27 1:10:06 PYT 2013: Seccion administracion 
Mon May 27 1:10:06 PYT 2013: Web: 
Mon May 27 1:10:06 PYT 2013: Web: seccion categorias
Mon May 27 1:10:06 PYT 2013: Asignando el template:
Mon May 27 1:10:09 PYT 2013: --- OPERACIONES --
Mon May 27 1:10:09 PYT 2013: --- OPERACIONES: Eliminar Categoria  --
Mon May 27 1:10:09 PYT 2013: Asignando el template:
Mon May 27 1:10:09 PYT 2013: ELIMINAR CATEGORIA
Mon May 27 1:10:09 PYT 2013: ELIMINAR CATEGORIAS: SQL:DELETE  from categorias  where idcategoria= 10 limit 1);
Mon May 27 1:10:38 PYT 2013: INCICIO SISTEMA
Mon May 27 1:10:38 PYT 2013: Seccion administracion 
Mon May 27 1:10:38 PYT 2013: Web: 
Mon May 27 1:10:38 PYT 2013: Web: seccion categorias
Mon May 27 1:10:38 PYT 2013: Asignando el template:
Mon May 27 1:10:42 PYT 2013: --- OPERACIONES --
Mon May 27 1:10:42 PYT 2013: --- OPERACIONES: Eliminar Categoria  --
Mon May 27 1:10:42 PYT 2013: Asignando el template:
Mon May 27 1:10:42 PYT 2013: ELIMINAR CATEGORIA
Mon May 27 1:10:42 PYT 2013: ELIMINAR CATEGORIAS: SQL:DELETE  from categorias  where idcategoria= 9 limit 1);
Mon May 27 1:11:11 PYT 2013: --- OPERACIONES --
Mon May 27 1:11:11 PYT 2013: --- OPERACIONES: Eliminar Categoria  --
Mon May 27 1:11:11 PYT 2013: Asignando el template:
Mon May 27 1:11:11 PYT 2013: ELIMINAR CATEGORIA
Mon May 27 1:11:11 PYT 2013: ELIMINAR CATEGORIAS: SQL:DELETE  from categorias  where idcategoria= 9 limit 1;
Mon May 27 1:11:11 PYT 2013: --- OPERACIONES --
Mon May 27 1:11:11 PYT 2013: --- OPERACIONES: Listar Categoria  --
Mon May 27 1:11:11 PYT 2013: Asignando el template:
Mon May 27 1:11:14 PYT 2013: --- OPERACIONES --
Mon May 27 1:11:14 PYT 2013: --- OPERACIONES: Eliminar Categoria  --
Mon May 27 1:11:14 PYT 2013: Asignando el template:
Mon May 27 1:11:14 PYT 2013: ELIMINAR CATEGORIA
Mon May 27 1:11:14 PYT 2013: ELIMINAR CATEGORIAS: SQL:DELETE  from categorias  where idcategoria= 10 limit 1;
Mon May 27 1:11:14 PYT 2013: --- OPERACIONES --
Mon May 27 1:11:14 PYT 2013: --- OPERACIONES: Listar Categoria  --
Mon May 27 1:11:14 PYT 2013: Asignando el template:
Mon May 27 1:11:17 PYT 2013: --- OPERACIONES --
Mon May 27 1:11:17 PYT 2013: --- OPERACIONES: Eliminar Categoria  --
Mon May 27 1:11:17 PYT 2013: Asignando el template:
Mon May 27 1:11:17 PYT 2013: ELIMINAR CATEGORIA
Mon May 27 1:11:17 PYT 2013: ELIMINAR CATEGORIAS: SQL:DELETE  from categorias  where idcategoria= 11 limit 1;
Mon May 27 1:11:17 PYT 2013: --- OPERACIONES --
Mon May 27 1:11:17 PYT 2013: --- OPERACIONES: Listar Categoria  --
Mon May 27 1:11:17 PYT 2013: Asignando el template:
Mon May 27 1:11:19 PYT 2013: --- OPERACIONES --
Mon May 27 1:11:19 PYT 2013: --- OPERACIONES: Eliminar Categoria  --
Mon May 27 1:11:19 PYT 2013: Asignando el template:
Mon May 27 1:11:19 PYT 2013: ELIMINAR CATEGORIA
Mon May 27 1:11:19 PYT 2013: ELIMINAR CATEGORIAS: SQL:DELETE  from categorias  where idcategoria= 8 limit 1;
Mon May 27 1:11:19 PYT 2013: --- OPERACIONES --
Mon May 27 1:11:19 PYT 2013: --- OPERACIONES: Listar Categoria  --
Mon May 27 1:11:19 PYT 2013: Asignando el template:
Mon May 27 1:11:28 PYT 2013: --- OPERACIONES --
Mon May 27 1:11:28 PYT 2013: --- OPERACIONES: Eliminar Categoria  --
Mon May 27 1:11:28 PYT 2013: Asignando el template:
Mon May 27 1:11:28 PYT 2013: ELIMINAR CATEGORIA
Mon May 27 1:11:28 PYT 2013: ELIMINAR CATEGORIAS: SQL:DELETE  from categorias  where idcategoria= 7 limit 1;
Mon May 27 1:11:28 PYT 2013: --- OPERACIONES --
Mon May 27 1:11:28 PYT 2013: --- OPERACIONES: Listar Categoria  --
Mon May 27 1:11:28 PYT 2013: Asignando el template:
Mon May 27 1:16:16 PYT 2013: INCICIO SISTEMA
Mon May 27 1:16:16 PYT 2013: Seccion administracion 
Mon May 27 1:16:16 PYT 2013: Web: 
Mon May 27 1:16:16 PYT 2013: Web: menu principal 
Mon May 27 1:16:17 PYT 2013: INCICIO SISTEMA
Mon May 27 1:16:18 PYT 2013: INCICIO SISTEMA
Mon May 27 1:16:18 PYT 2013: Seccion administracion 
Mon May 27 1:16:18 PYT 2013: Web: 
Mon May 27 1:16:18 PYT 2013: Web: menu principal 
Mon May 27 1:16:18 PYT 2013: INCICIO SISTEMA
Mon May 27 1:16:18 PYT 2013: Seccion administracion 
Mon May 27 1:16:18 PYT 2013: Web: 
Mon May 27 1:16:18 PYT 2013: Web: menu principal 
Mon May 27 1:24:06 PYT 2013: INCICIO SISTEMA
Mon May 27 1:24:09 PYT 2013: INCICIO SISTEMA
Mon May 27 1:24:09 PYT 2013: Seccion administracion 
Mon May 27 1:24:09 PYT 2013: Web: 
Mon May 27 1:24:09 PYT 2013: Web: menu principal 
Mon May 27 1:24:10 PYT 2013: INCICIO SISTEMA
Mon May 27 1:24:49 PYT 2013: INCICIO SISTEMA
Mon May 27 1:24:49 PYT 2013: INCICIO SISTEMA
Mon May 27 1:25:09 PYT 2013: INCICIO SISTEMA
Mon May 27 1:25:09 PYT 2013: Seccion administracion 
Mon May 27 1:25:09 PYT 2013: Web: 
Mon May 27 1:25:09 PYT 2013: Web: menu principal 
Mon May 27 1:25:10 PYT 2013: INCICIO SISTEMA
Mon May 27 1:25:10 PYT 2013: Seccion administracion 
Mon May 27 1:25:10 PYT 2013: Web: 
Mon May 27 1:25:10 PYT 2013: Web: seccion categorias
Mon May 27 1:25:10 PYT 2013: Asignando el template:
Mon May 27 1:25:12 PYT 2013: INCICIO SISTEMA
Mon May 27 1:25:12 PYT 2013: Seccion administracion 
Mon May 27 1:25:12 PYT 2013: Web: 
Mon May 27 1:25:12 PYT 2013: Web: seccion categorias
Mon May 27 1:25:12 PYT 2013: Asignando el template:
Mon May 27 1:25:24 PYT 2013: --- OPERACIONES --
Mon May 27 1:25:24 PYT 2013: --- OPERACIONES: Agregar Categoria  --
Mon May 27 1:25:24 PYT 2013: Asignando el template:
Mon May 27 1:25:24 PYT 2013: AGREGAR CATEGORIA
Mon May 27 1:25:24 PYT 2013: AGREGAR CATEGORIAS: SQL:INSERT INTO categorias (categoria) values ('Gerenciales');
Mon May 27 1:25:24 PYT 2013: --- OPERACIONES --
Mon May 27 1:25:24 PYT 2013: --- OPERACIONES: Listar Categoria  --
Mon May 27 1:25:24 PYT 2013: Asignando el template:
Mon May 27 1:25:26 PYT 2013: INCICIO SISTEMA
Mon May 27 1:25:28 PYT 2013: INCICIO SISTEMA
Mon May 27 1:25:28 PYT 2013: Seccion administracion 
Mon May 27 1:25:28 PYT 2013: Web: 
Mon May 27 1:25:28 PYT 2013: Web: menu principal 
Mon May 27 1:25:30 PYT 2013: INCICIO SISTEMA
Mon May 27 1:25:30 PYT 2013: Seccion administracion 
Mon May 27 1:25:30 PYT 2013: Web: 
Mon May 27 1:25:30 PYT 2013: Web: seccion categorias
Mon May 27 1:25:30 PYT 2013: Asignando el template:
Mon May 27 1:28:21 PYT 2013: INCICIO SISTEMA
Mon May 27 1:28:21 PYT 2013: Seccion administracion 
Mon May 27 1:28:21 PYT 2013: Web: 
Mon May 27 1:28:21 PYT 2013: Web: seccion categorias
Mon May 27 1:28:21 PYT 2013: Asignando el template:
Mon May 27 1:32:55 PYT 2013: INCICIO SISTEMA
Mon May 27 1:32:55 PYT 2013: Seccion administracion 
Mon May 27 1:32:55 PYT 2013: Web: 
Mon May 27 1:32:55 PYT 2013: Web: seccion categorias
Mon May 27 1:32:55 PYT 2013: Asignando el template:
Mon May 27 1:32:56 PYT 2013: INCICIO SISTEMA
Mon May 27 1:32:56 PYT 2013: Seccion administracion 
Mon May 27 1:32:56 PYT 2013: Web: 
Mon May 27 1:32:56 PYT 2013: Web: seccion subcategorias
Mon May 27 1:33:20 PYT 2013: INCICIO SISTEMA
Mon May 27 1:33:20 PYT 2013: Seccion administracion 
Mon May 27 1:33:20 PYT 2013: Web: 
Mon May 27 1:33:20 PYT 2013: Web: seccion subcategorias
Mon May 27 1:33:21 PYT 2013: INCICIO SISTEMA
Mon May 27 1:33:21 PYT 2013: Seccion administracion 
Mon May 27 1:33:21 PYT 2013: Web: 
Mon May 27 1:33:21 PYT 2013: Web: seccion subcategorias
Mon May 27 1:33:21 PYT 2013: INCICIO SISTEMA
Mon May 27 1:33:21 PYT 2013: Seccion administracion 
Mon May 27 1:33:21 PYT 2013: Web: 
Mon May 27 1:33:21 PYT 2013: Web: seccion subcategorias
Mon May 27 1:33:21 PYT 2013: INCICIO SISTEMA
Mon May 27 1:33:21 PYT 2013: Seccion administracion 
Mon May 27 1:33:21 PYT 2013: Web: 
Mon May 27 1:33:21 PYT 2013: Web: seccion subcategorias
Mon May 27 1:33:21 PYT 2013: INCICIO SISTEMA
Mon May 27 1:33:21 PYT 2013: Seccion administracion 
Mon May 27 1:33:21 PYT 2013: Web: 
Mon May 27 1:33:21 PYT 2013: Web: seccion subcategorias
Mon May 27 1:34:16 PYT 2013: INCICIO SISTEMA
Mon May 27 1:34:16 PYT 2013: Seccion administracion 
Mon May 27 1:34:16 PYT 2013: Web: 
Mon May 27 1:34:16 PYT 2013: Web: seccion subcategorias
Mon May 27 1:34:17 PYT 2013: INCICIO SISTEMA
Mon May 27 1:34:17 PYT 2013: Seccion administracion 
Mon May 27 1:34:17 PYT 2013: Web: 
Mon May 27 1:34:17 PYT 2013: Web: seccion subcategorias
Mon May 27 1:34:17 PYT 2013: INCICIO SISTEMA
Mon May 27 1:34:17 PYT 2013: Seccion administracion 
Mon May 27 1:34:17 PYT 2013: Web: 
Mon May 27 1:34:17 PYT 2013: Web: seccion subcategorias
Mon May 27 1:35:00 PYT 2013: INCICIO SISTEMA
Mon May 27 1:35:00 PYT 2013: Seccion administracion 
Mon May 27 1:35:00 PYT 2013: Web: 
Mon May 27 1:35:00 PYT 2013: Web: seccion subcategorias
Mon May 27 1:35:00 PYT 2013: Asignando el template:
Mon May 27 1:35:32 PYT 2013: INCICIO SISTEMA
Mon May 27 1:35:32 PYT 2013: Seccion administracion 
Mon May 27 1:35:32 PYT 2013: Web: 
Mon May 27 1:35:32 PYT 2013: Web: seccion subcategorias
Mon May 27 1:35:32 PYT 2013: Asignando el template:
Mon May 27 1:35:48 PYT 2013: INCICIO SISTEMA
Mon May 27 1:35:48 PYT 2013: Seccion administracion 
Mon May 27 1:35:48 PYT 2013: Web: 
Mon May 27 1:35:48 PYT 2013: Web: seccion subcategorias
Mon May 27 1:35:48 PYT 2013: Asignando el template:
Mon May 27 1:35:57 PYT 2013: INCICIO SISTEMA
Mon May 27 1:35:57 PYT 2013: Seccion administracion 
Mon May 27 1:35:57 PYT 2013: Web: 
Mon May 27 1:35:57 PYT 2013: Web: seccion subcategorias
Mon May 27 1:35:57 PYT 2013: Asignando el template:
Mon May 27 1:36:18 PYT 2013: INCICIO SISTEMA
Mon May 27 1:36:18 PYT 2013: Seccion administracion 
Mon May 27 1:36:18 PYT 2013: Web: 
Mon May 27 1:36:18 PYT 2013: Web: seccion subcategorias
Mon May 27 1:36:18 PYT 2013: Asignando el template:
Mon May 27 1:36:27 PYT 2013: INCICIO SISTEMA
Mon May 27 1:36:27 PYT 2013: Seccion administracion 
Mon May 27 1:36:27 PYT 2013: Web: 
Mon May 27 1:36:27 PYT 2013: Web: seccion subcategorias
Mon May 27 1:36:27 PYT 2013: Asignando el template:
Mon May 27 1:36:28 PYT 2013: INCICIO SISTEMA
Mon May 27 1:36:28 PYT 2013: Seccion administracion 
Mon May 27 1:36:28 PYT 2013: Web: 
Mon May 27 1:36:28 PYT 2013: Web: seccion subcategorias
Mon May 27 1:36:28 PYT 2013: Asignando el template:
Mon May 27 1:36:28 PYT 2013: INCICIO SISTEMA
Mon May 27 1:36:28 PYT 2013: Seccion administracion 
Mon May 27 1:36:28 PYT 2013: Web: 
Mon May 27 1:36:28 PYT 2013: Web: seccion subcategorias
Mon May 27 1:36:28 PYT 2013: Asignando el template:
Mon May 27 1:36:40 PYT 2013: INCICIO SISTEMA
Mon May 27 1:36:40 PYT 2013: Seccion administracion 
Mon May 27 1:36:40 PYT 2013: Web: 
Mon May 27 1:36:40 PYT 2013: Web: seccion subcategorias
Mon May 27 1:36:40 PYT 2013: Asignando el template:
Mon May 27 1:36:41 PYT 2013: INCICIO SISTEMA
Mon May 27 1:36:41 PYT 2013: Seccion administracion 
Mon May 27 1:36:41 PYT 2013: Web: 
Mon May 27 1:36:41 PYT 2013: Web: seccion subcategorias
Mon May 27 1:36:41 PYT 2013: Asignando el template:
Mon May 27 1:36:41 PYT 2013: INCICIO SISTEMA
Mon May 27 1:36:41 PYT 2013: Seccion administracion 
Mon May 27 1:36:41 PYT 2013: Web: 
Mon May 27 1:36:41 PYT 2013: Web: seccion subcategorias
Mon May 27 1:36:41 PYT 2013: Asignando el template:
Mon May 27 1:36:51 PYT 2013: INCICIO SISTEMA
Mon May 27 1:36:51 PYT 2013: Seccion administracion 
Mon May 27 1:36:51 PYT 2013: Web: 
Mon May 27 1:36:51 PYT 2013: Web: seccion subcategorias
Mon May 27 1:36:51 PYT 2013: Asignando el template:
Mon May 27 1:40:26 PYT 2013: INCICIO SISTEMA
Mon May 27 1:40:26 PYT 2013: Seccion administracion 
Mon May 27 1:40:26 PYT 2013: Web: 
Mon May 27 1:40:26 PYT 2013: Web: seccion subcategorias
Mon May 27 1:40:26 PYT 2013: Asignando el template:
Mon May 27 1:40:27 PYT 2013: INCICIO SISTEMA
Mon May 27 1:40:27 PYT 2013: Seccion administracion 
Mon May 27 1:40:27 PYT 2013: Web: 
Mon May 27 1:40:27 PYT 2013: Web: seccion categorias
Mon May 27 1:40:27 PYT 2013: Asignando el template:
Mon May 27 1:40:28 PYT 2013: INCICIO SISTEMA
Mon May 27 1:40:28 PYT 2013: Seccion administracion 
Mon May 27 1:40:28 PYT 2013: Web: 
Mon May 27 1:40:28 PYT 2013: Web: seccion subcategorias
Mon May 27 1:40:28 PYT 2013: Asignando el template:
Mon May 27 1:40:31 PYT 2013: INCICIO SISTEMA
Mon May 27 1:40:31 PYT 2013: Seccion administracion 
Mon May 27 1:40:31 PYT 2013: Web: 
Mon May 27 1:40:31 PYT 2013: Web: seccion subcategorias
Mon May 27 1:40:31 PYT 2013: Asignando el template:
Mon May 27 1:40:32 PYT 2013: INCICIO SISTEMA
Mon May 27 1:40:32 PYT 2013: Seccion administracion 
Mon May 27 1:40:32 PYT 2013: Web: 
Mon May 27 1:40:32 PYT 2013: Web: seccion categorias
Mon May 27 1:40:32 PYT 2013: Asignando el template:
Mon May 27 1:40:46 PYT 2013: INCICIO SISTEMA
Mon May 27 1:40:47 PYT 2013: INCICIO SISTEMA
Mon May 27 1:40:47 PYT 2013: Seccion administracion 
Mon May 27 1:40:47 PYT 2013: Web: 
Mon May 27 1:40:47 PYT 2013: Web: menu principal 
Mon May 27 1:40:49 PYT 2013: INCICIO SISTEMA
Mon May 27 1:40:51 PYT 2013: INCICIO SISTEMA
Mon May 27 1:40:52 PYT 2013: INCICIO SISTEMA
Mon May 27 1:40:52 PYT 2013: INCICIO SISTEMA
Mon May 27 1:40:53 PYT 2013: INCICIO SISTEMA
Mon May 27 1:40:54 PYT 2013: INCICIO SISTEMA
Mon May 27 1:40:54 PYT 2013: Seccion administracion 
Mon May 27 1:40:54 PYT 2013: Web: 
Mon May 27 1:40:54 PYT 2013: Web: menu principal 
Mon May 27 1:40:55 PYT 2013: INCICIO SISTEMA
Mon May 27 1:40:56 PYT 2013: INCICIO SISTEMA
Mon May 27 1:40:56 PYT 2013: INCICIO SISTEMA
Mon May 27 1:40:57 PYT 2013: INCICIO SISTEMA
Mon May 27 1:40:58 PYT 2013: INCICIO SISTEMA
Mon May 27 1:40:58 PYT 2013: Seccion administracion 
Mon May 27 1:40:58 PYT 2013: Web: 
Mon May 27 1:40:58 PYT 2013: Web: menu principal 
Mon May 27 1:40:59 PYT 2013: INCICIO SISTEMA
Mon May 27 1:41:01 PYT 2013: INCICIO SISTEMA
Mon May 27 1:41:01 PYT 2013: Seccion administracion 
Mon May 27 1:41:01 PYT 2013: Web: 
Mon May 27 1:41:01 PYT 2013: Web: menu principal 
Mon May 27 1:41:03 PYT 2013: INCICIO SISTEMA
Mon May 27 1:41:03 PYT 2013: Seccion administracion 
Mon May 27 1:41:03 PYT 2013: Web: 
Mon May 27 1:41:03 PYT 2013: Web: seccion categorias
Mon May 27 1:41:03 PYT 2013: Asignando el template:
Mon May 27 1:41:03 PYT 2013: INCICIO SISTEMA
Mon May 27 1:41:03 PYT 2013: Seccion administracion 
Mon May 27 1:41:03 PYT 2013: Web: 
Mon May 27 1:41:03 PYT 2013: Web: seccion subcategorias
Mon May 27 1:41:03 PYT 2013: Asignando el template:
Mon May 27 1:41:05 PYT 2013: INCICIO SISTEMA
Mon May 27 1:41:05 PYT 2013: Seccion administracion 
Mon May 27 1:41:05 PYT 2013: Web: 
Mon May 27 1:41:05 PYT 2013: Web: seccion categorias
Mon May 27 1:41:05 PYT 2013: Asignando el template:
Mon May 27 1:41:06 PYT 2013: INCICIO SISTEMA
Mon May 27 1:41:06 PYT 2013: Seccion administracion 
Mon May 27 1:41:06 PYT 2013: Web: 
Mon May 27 1:41:06 PYT 2013: Web: seccion subcategorias
Mon May 27 1:41:06 PYT 2013: Asignando el template:
Mon May 27 1:41:07 PYT 2013: INCICIO SISTEMA
Mon May 27 1:41:07 PYT 2013: Seccion administracion 
Mon May 27 1:41:07 PYT 2013: Web: 
Mon May 27 1:41:07 PYT 2013: Web: seccion categorias
Mon May 27 1:41:07 PYT 2013: Asignando el template:
Mon May 27 1:41:08 PYT 2013: INCICIO SISTEMA
Mon May 27 1:41:08 PYT 2013: Seccion administracion 
Mon May 27 1:41:08 PYT 2013: Web: 
Mon May 27 1:41:08 PYT 2013: Web: seccion subcategorias
Mon May 27 1:41:08 PYT 2013: Asignando el template:
Mon May 27 1:41:21 PYT 2013: INCICIO SISTEMA
Mon May 27 1:41:21 PYT 2013: Seccion administracion 
Mon May 27 1:41:21 PYT 2013: Web: 
Mon May 27 1:41:21 PYT 2013: Web: seccion subcategorias
Mon May 27 1:41:21 PYT 2013: Asignando el template:
Mon May 27 1:50:07 PYT 2013: INCICIO SISTEMA
Mon May 27 1:50:07 PYT 2013: Seccion administracion 
Mon May 27 1:50:07 PYT 2013: Web: 
Mon May 27 1:50:07 PYT 2013: Web: seccion subcategorias
Mon May 27 1:50:07 PYT 2013: Asignando el template:
Mon May 27 1:50:32 PYT 2013: INCICIO SISTEMA
Mon May 27 1:50:32 PYT 2013: Seccion administracion 
Mon May 27 1:50:32 PYT 2013: Web: 
Mon May 27 1:50:32 PYT 2013: Web: seccion subcategorias
Mon May 27 1:50:32 PYT 2013: Asignando el template:
Mon May 27 1:50:53 PYT 2013: INCICIO SISTEMA
Mon May 27 1:50:53 PYT 2013: Seccion administracion 
Mon May 27 1:50:53 PYT 2013: Web: 
Mon May 27 1:50:53 PYT 2013: Web: seccion subcategorias
Mon May 27 1:50:53 PYT 2013: Asignando el template:
Mon May 27 1:51:12 PYT 2013: INCICIO SISTEMA
Mon May 27 1:51:12 PYT 2013: Seccion administracion 
Mon May 27 1:51:12 PYT 2013: Web: 
Mon May 27 1:51:12 PYT 2013: Web: seccion subcategorias
Mon May 27 1:51:12 PYT 2013: Asignando el template:
Mon May 27 1:51:30 PYT 2013: INCICIO SISTEMA
Mon May 27 1:51:30 PYT 2013: Seccion administracion 
Mon May 27 1:51:30 PYT 2013: Web: 
Mon May 27 1:51:30 PYT 2013: Web: seccion categorias
Mon May 27 1:51:30 PYT 2013: Asignando el template:
Mon May 27 1:51:32 PYT 2013: INCICIO SISTEMA
Mon May 27 1:51:32 PYT 2013: Seccion administracion 
Mon May 27 1:51:32 PYT 2013: Web: 
Mon May 27 1:51:32 PYT 2013: Web: seccion subcategorias
Mon May 27 1:51:32 PYT 2013: Asignando el template:
Mon May 27 1:56:14 PYT 2013: INCICIO SISTEMA
Mon May 27 1:56:14 PYT 2013: Seccion administracion 
Mon May 27 1:56:14 PYT 2013: Web: 
Mon May 27 1:56:14 PYT 2013: Web: seccion subcategorias
Mon May 27 1:56:14 PYT 2013: Asignando el template:
Mon May 27 1:56:24 PYT 2013: --- OPERACIONES --
Mon May 27 1:56:24 PYT 2013: --- OPERACIONES: Agregar Categoria  --
Mon May 27 1:56:24 PYT 2013: Asignando el template:
Mon May 27 1:56:24 PYT 2013: AGREGAR SUBCATEGORIA
Mon May 27 1:56:24 PYT 2013: AGREGAR SUBCATEGORIAS: SQL:INSERT INTO subcategorias (subcategoria, idcategoria) values ('Prueba',1);
Mon May 27 1:56:24 PYT 2013: --- OPERACIONES --
Mon May 27 1:56:24 PYT 2013: --- OPERACIONES: Listar Categoria  --
Mon May 27 1:56:24 PYT 2013: Asignando el template:
Mon May 27 1:56:29 PYT 2013: --- OPERACIONES --
Mon May 27 1:56:29 PYT 2013: --- OPERACIONES: Eliminar Categoria  --
Mon May 27 1:56:29 PYT 2013: Asignando el template:
Mon May 27 1:56:29 PYT 2013: ELIMINAR SUBCATEGORIA
Mon May 27 1:56:29 PYT 2013: ELIMINAR SUBCATEGORIAS: SQL:DELETE  from subcategorias  where idsubcategoria= 4 limit 1;
Mon May 27 1:56:29 PYT 2013: --- OPERACIONES --
Mon May 27 1:56:29 PYT 2013: --- OPERACIONES: Listar Categoria  --
Mon May 27 1:56:29 PYT 2013: Asignando el template:
Mon May 27 1:56:34 PYT 2013: --- OPERACIONES --
Mon May 27 1:56:34 PYT 2013: --- OPERACIONES: Agregar Categoria  --
Mon May 27 1:56:34 PYT 2013: Asignando el template:
Mon May 27 1:56:34 PYT 2013: AGREGAR SUBCATEGORIA
Mon May 27 1:56:34 PYT 2013: AGREGAR SUBCATEGORIAS: SQL:INSERT INTO subcategorias (subcategoria, idcategoria) values ('Prueba',1);
Mon May 27 1:56:34 PYT 2013: --- OPERACIONES --
Mon May 27 1:56:34 PYT 2013: --- OPERACIONES: Listar Categoria  --
Mon May 27 1:56:34 PYT 2013: Asignando el template:
Mon May 27 1:56:37 PYT 2013: --- OPERACIONES --
Mon May 27 1:56:37 PYT 2013: --- OPERACIONES: Eliminar Categoria  --
Mon May 27 1:56:37 PYT 2013: Asignando el template:
Mon May 27 1:56:37 PYT 2013: ELIMINAR SUBCATEGORIA
Mon May 27 1:56:37 PYT 2013: ELIMINAR SUBCATEGORIAS: SQL:DELETE  from subcategorias  where idsubcategoria= 5 limit 1;
Mon May 27 1:56:37 PYT 2013: --- OPERACIONES --
Mon May 27 1:56:37 PYT 2013: --- OPERACIONES: Listar Categoria  --
Mon May 27 1:56:37 PYT 2013: Asignando el template:
Mon May 27 2:06:04 PYT 2013: INCICIO SISTEMA
Mon May 27 2:06:04 PYT 2013: Seccion administracion 
Mon May 27 2:06:04 PYT 2013: Web: 
Mon May 27 2:06:04 PYT 2013: Web: seccion subcategorias
Mon May 27 2:06:04 PYT 2013: Asignando el template:
Mon May 27 2:06:06 PYT 2013: INCICIO SISTEMA
Mon May 27 2:06:06 PYT 2013: Seccion administracion 
Mon May 27 2:06:06 PYT 2013: Web: 
Mon May 27 2:06:06 PYT 2013: no agregar nada
Mon May 27 2:06:30 PYT 2013: INCICIO SISTEMA
Mon May 27 2:06:30 PYT 2013: Seccion administracion 
Mon May 27 2:06:30 PYT 2013: Web: 
Mon May 27 2:06:30 PYT 2013: no agregar nada
Mon May 27 2:06:30 PYT 2013: BUSCAR_DOCUMENTOS
Mon May 27 2:06:30 PYT 2013: BUSCAR_DOCUMENTOS > Busqueda:
Mon May 27 2:09:33 PYT 2013: INCICIO SISTEMA
Mon May 27 2:09:33 PYT 2013: Seccion administracion 
Mon May 27 2:09:33 PYT 2013: Web: 
Mon May 27 2:09:33 PYT 2013: no agregar nada
Mon May 27 2:09:44 PYT 2013: INCICIO SISTEMA
Mon May 27 2:09:44 PYT 2013: Seccion administracion 
Mon May 27 2:09:44 PYT 2013: Web: 
Mon May 27 2:09:44 PYT 2013: no agregar nada
Mon May 27 2:09:58 PYT 2013: INCICIO SISTEMA
Mon May 27 2:09:58 PYT 2013: Seccion administracion 
Mon May 27 2:09:58 PYT 2013: Web: 
Mon May 27 2:09:58 PYT 2013: no agregar nada
Mon May 27 2:09:58 PYT 2013: BUSCAR_DOCUMENTOS
Mon May 27 2:09:58 PYT 2013: BUSCAR_DOCUMENTOS > Busqueda:
Mon May 27 2:09:58 PYT 2013: BUSCAR_DOCUMENTOS :

Mon May 27 2:10:35 PYT 2013: INCICIO SISTEMA
Mon May 27 2:10:35 PYT 2013: Seccion administracion 
Mon May 27 2:10:35 PYT 2013: Web: 
Mon May 27 2:10:35 PYT 2013: no agregar nada
Mon May 27 2:10:35 PYT 2013: BUSCAR_DOCUMENTOS
Mon May 27 2:10:35 PYT 2013: BUSCAR_DOCUMENTOS > Busqueda:
Mon May 27 2:10:35 PYT 2013: BUSCAR_DOCUMENTOS :

Mon May 27 2:11:02 PYT 2013: INCICIO SISTEMA
Mon May 27 2:11:02 PYT 2013: Seccion administracion 
Mon May 27 2:11:02 PYT 2013: Web: 
Mon May 27 2:11:02 PYT 2013: no agregar nada
Mon May 27 2:11:02 PYT 2013: BUSCAR_DOCUMENTOS
Mon May 27 2:11:02 PYT 2013: BUSCAR_DOCUMENTOS > Busqueda:
Mon May 27 2:11:02 PYT 2013: BUSCAR_DOCUMENTOS :

Mon May 27 2:12:56 PYT 2013: INCICIO SISTEMA
Mon May 27 2:12:56 PYT 2013: Seccion administracion 
Mon May 27 2:12:56 PYT 2013: Web: 
Mon May 27 2:12:56 PYT 2013: no agregar nada
Mon May 27 2:12:56 PYT 2013: BUSCAR_DOCUMENTOS
Mon May 27 2:12:56 PYT 2013: BUSCAR_DOCUMENTOS > Busqueda:
Mon May 27 2:12:56 PYT 2013: BUSCAR_DOCUMENTOS :

Mon May 27 2:13:38 PYT 2013: INCICIO SISTEMA
Mon May 27 2:13:38 PYT 2013: Seccion administracion 
Mon May 27 2:13:38 PYT 2013: Web: 
Mon May 27 2:13:38 PYT 2013: no agregar nada
Mon May 27 2:13:38 PYT 2013: BUSCAR_DOCUMENTOS
Mon May 27 2:13:38 PYT 2013: BUSCAR_DOCUMENTOS > Busqueda:
Mon May 27 2:13:38 PYT 2013: BUSCAR_DOCUMENTOS :

Mon May 27 2:13:40 PYT 2013: --- OPERACIONES --
Mon May 27 2:13:40 PYT 2013: --- OPERACIONES: Mostrar ABM Documentos--
Mon May 27 2:13:40 PYT 2013: no agregar nada
Mon May 27 2:13:40 PYT 2013: MTD_FORMULARIO_DOCUMENTOS :

Mon May 27 2:15:11 PYT 2013: INCICIO SISTEMA
Mon May 27 2:15:11 PYT 2013: Seccion administracion 
Mon May 27 2:15:11 PYT 2013: Web: 
Mon May 27 2:15:11 PYT 2013: no agregar nada
Mon May 27 2:15:11 PYT 2013: BUSCAR_DOCUMENTOS
Mon May 27 2:15:11 PYT 2013: BUSCAR_DOCUMENTOS > Busqueda:
Mon May 27 2:15:11 PYT 2013: BUSCAR_DOCUMENTOS :

Mon May 27 2:15:12 PYT 2013: --- OPERACIONES --
Mon May 27 2:15:12 PYT 2013: --- OPERACIONES: Mostrar ABM Documentos--
Mon May 27 2:15:12 PYT 2013: no agregar nada
Mon May 27 2:15:12 PYT 2013: MTD_FORMULARIO_DOCUMENTOS :

Mon May 27 2:15:22 PYT 2013: --- OPERACIONES --
Mon May 27 2:15:22 PYT 2013: --- OPERACIONES: Mostrar ABM Documentos--
Mon May 27 2:15:22 PYT 2013: no agregar nada
Mon May 27 2:15:22 PYT 2013: MTD_FORMULARIO_DOCUMENTOS :

Mon May 27 2:15:33 PYT 2013: --- OPERACIONES --
Mon May 27 2:15:33 PYT 2013: --- OPERACIONES: Mostrar ABM Documentos--
Mon May 27 2:15:33 PYT 2013: no agregar nada
Mon May 27 2:15:33 PYT 2013: MTD_FORMULARIO_DOCUMENTOS :

Mon May 27 2:15:39 PYT 2013: INCICIO SISTEMA
Mon May 27 2:15:39 PYT 2013: Seccion administracion 
Mon May 27 2:15:39 PYT 2013: Web: 
Mon May 27 2:15:39 PYT 2013: no agregar nada
Mon May 27 2:15:39 PYT 2013: BUSCAR_DOCUMENTOS
Mon May 27 2:15:39 PYT 2013: BUSCAR_DOCUMENTOS > Busqueda:
Mon May 27 2:15:39 PYT 2013: BUSCAR_DOCUMENTOS :

Mon May 27 2:15:40 PYT 2013: --- OPERACIONES --
Mon May 27 2:15:40 PYT 2013: --- OPERACIONES: Mostrar ABM Documentos--
Mon May 27 2:15:40 PYT 2013: no agregar nada
Mon May 27 2:15:40 PYT 2013: MTD_FORMULARIO_DOCUMENTOS :

Mon May 27 22:37:20 PYT 2013: INCICIO SISTEMA
Mon May 27 22:37:25 PYT 2013: INCICIO SISTEMA
Mon May 27 22:37:25 PYT 2013: Seccion administracion 
Mon May 27 22:37:25 PYT 2013: Web: 
Mon May 27 22:37:25 PYT 2013: Web: menu principal 
Mon May 27 22:37:27 PYT 2013: INCICIO SISTEMA
Mon May 27 22:37:27 PYT 2013: Seccion administracion 
Mon May 27 22:37:27 PYT 2013: Web: 
Mon May 27 22:37:27 PYT 2013: Web: seccion categorias
Mon May 27 22:37:27 PYT 2013: Asignando el template:
Mon May 27 22:37:27 PYT 2013: INCICIO SISTEMA
Mon May 27 22:37:27 PYT 2013: Seccion administracion 
Mon May 27 22:37:27 PYT 2013: Web: 
Mon May 27 22:37:27 PYT 2013: Web: seccion subcategorias
Mon May 27 22:37:27 PYT 2013: Asignando el template:
Mon May 27 22:52:11 PYT 2013: INCICIO SISTEMA
Mon May 27 22:52:13 PYT 2013: INCICIO SISTEMA
Mon May 27 22:52:14 PYT 2013: INCICIO SISTEMA
Mon May 27 22:52:14 PYT 2013: Seccion administracion 
Mon May 27 22:52:14 PYT 2013: Web: 
Mon May 27 22:52:14 PYT 2013: Web: menu principal 
Mon May 27 22:52:15 PYT 2013: INCICIO SISTEMA
Mon May 27 22:52:15 PYT 2013: Seccion administracion 
Mon May 27 22:52:15 PYT 2013: Web: 
Mon May 27 22:52:15 PYT 2013: Web: seccion categorias
Mon May 27 22:52:15 PYT 2013: Asignando el template:
Mon May 27 22:52:48 PYT 2013: INCICIO SISTEMA
Mon May 27 22:52:48 PYT 2013: Seccion administracion 
Mon May 27 22:52:48 PYT 2013: Web: 
Mon May 27 22:52:48 PYT 2013: no agregar nada
Mon May 27 22:52:48 PYT 2013: BUSCAR_DOCUMENTOS
Mon May 27 22:52:48 PYT 2013: BUSCAR_DOCUMENTOS > Busqueda:
Mon May 27 22:52:48 PYT 2013: BUSCAR_DOCUMENTOS :

Mon May 27 22:52:49 PYT 2013: --- OPERACIONES --
Mon May 27 22:52:49 PYT 2013: --- OPERACIONES: Mostrar ABM Documentos--
Mon May 27 22:52:49 PYT 2013: no agregar nada
Mon May 27 22:52:49 PYT 2013: MTD_FORMULARIO_DOCUMENTOS :

Mon May 27 22:53:06 PYT 2013: --- OPERACIONES --
Mon May 27 22:53:06 PYT 2013: --- OPERACIONES: Mostrar ABM Documentos--
Mon May 27 22:53:06 PYT 2013: no agregar nada
Mon May 27 22:53:06 PYT 2013: MTD_FORMULARIO_DOCUMENTOS :

Mon May 27 22:53:07 PYT 2013: --- OPERACIONES --
Mon May 27 22:53:07 PYT 2013: --- OPERACIONES: Mostrar ABM Documentos--
Mon May 27 22:53:07 PYT 2013: no agregar nada
Mon May 27 22:53:07 PYT 2013: MTD_FORMULARIO_DOCUMENTOS :

Mon May 27 22:53:07 PYT 2013: --- OPERACIONES --
Mon May 27 22:53:07 PYT 2013: --- OPERACIONES: Mostrar ABM Documentos--
Mon May 27 22:53:07 PYT 2013: no agregar nada
Mon May 27 22:53:07 PYT 2013: MTD_FORMULARIO_DOCUMENTOS :

Mon May 27 22:53:08 PYT 2013: --- OPERACIONES --
Mon May 27 22:53:08 PYT 2013: --- OPERACIONES: Mostrar ABM Documentos--
Mon May 27 22:53:08 PYT 2013: no agregar nada
Mon May 27 22:53:08 PYT 2013: MTD_FORMULARIO_DOCUMENTOS :

Mon May 27 22:53:08 PYT 2013: --- OPERACIONES --
Mon May 27 22:53:08 PYT 2013: --- OPERACIONES: Mostrar ABM Documentos--
Mon May 27 22:53:08 PYT 2013: no agregar nada
Mon May 27 22:53:08 PYT 2013: MTD_FORMULARIO_DOCUMENTOS :

Mon May 27 22:53:08 PYT 2013: --- OPERACIONES --
Mon May 27 22:53:08 PYT 2013: --- OPERACIONES: Mostrar ABM Documentos--
Mon May 27 22:53:08 PYT 2013: no agregar nada
Mon May 27 22:53:08 PYT 2013: MTD_FORMULARIO_DOCUMENTOS :

Mon May 27 22:53:08 PYT 2013: --- OPERACIONES --
Mon May 27 22:53:08 PYT 2013: --- OPERACIONES: Mostrar ABM Documentos--
Mon May 27 22:53:08 PYT 2013: no agregar nada
Mon May 27 22:53:08 PYT 2013: MTD_FORMULARIO_DOCUMENTOS :

Mon May 27 23:10:47 PYT 2013: INCICIO SISTEMA
Mon May 27 23:10:47 PYT 2013: Seccion administracion 
Mon May 27 23:10:47 PYT 2013: Web: 
Mon May 27 23:10:47 PYT 2013: no agregar nada
Mon May 27 23:10:47 PYT 2013: BUSCAR_DOCUMENTOS
Mon May 27 23:10:47 PYT 2013: BUSCAR_DOCUMENTOS > Busqueda:
Mon May 27 23:10:47 PYT 2013: BUSCAR_DOCUMENTOS :

Mon May 27 23:11:08 PYT 2013: INCICIO SISTEMA
Mon May 27 23:11:08 PYT 2013: Seccion administracion 
Mon May 27 23:11:08 PYT 2013: Web: 
Mon May 27 23:11:08 PYT 2013: no agregar nada
Mon May 27 23:11:08 PYT 2013: BUSCAR_DOCUMENTOS
Mon May 27 23:11:08 PYT 2013: BUSCAR_DOCUMENTOS > Busqueda:
Mon May 27 23:11:08 PYT 2013: BUSCAR_DOCUMENTOS :

Mon May 27 23:11:09 PYT 2013: --- OPERACIONES --
Mon May 27 23:11:09 PYT 2013: --- OPERACIONES: Mostrar ABM Documentos--
Mon May 27 23:11:09 PYT 2013: no agregar nada
Mon May 27 23:11:09 PYT 2013: MTD_FORMULARIO_DOCUMENTOS :

Mon May 27 23:11:55 PYT 2013: INCICIO SISTEMA
Mon May 27 23:11:55 PYT 2013: Seccion administracion 
Mon May 27 23:11:55 PYT 2013: Web: 
Mon May 27 23:11:55 PYT 2013: no agregar nada
Mon May 27 23:11:55 PYT 2013: BUSCAR_DOCUMENTOS
Mon May 27 23:11:55 PYT 2013: BUSCAR_DOCUMENTOS > Busqueda:
Mon May 27 23:11:55 PYT 2013: BUSCAR_DOCUMENTOS :

Mon May 27 23:11:56 PYT 2013: --- OPERACIONES --
Mon May 27 23:11:56 PYT 2013: --- OPERACIONES: Mostrar ABM Documentos--
Mon May 27 23:11:56 PYT 2013: no agregar nada
Mon May 27 23:11:56 PYT 2013: MTD_FORMULARIO_DOCUMENTOS :

Mon May 27 23:12:10 PYT 2013: INCICIO SISTEMA
Mon May 27 23:12:10 PYT 2013: Seccion administracion 
Mon May 27 23:12:10 PYT 2013: Web: 
Mon May 27 23:12:10 PYT 2013: Web: seccion categorias
Mon May 27 23:12:10 PYT 2013: Asignando el template:
Mon May 27 23:12:19 PYT 2013: --- OPERACIONES --
Mon May 27 23:12:19 PYT 2013: --- OPERACIONES: Eliminar Categoria  --
Mon May 27 23:12:19 PYT 2013: Asignando el template:
Mon May 27 23:12:19 PYT 2013: ELIMINAR CATEGORIA
Mon May 27 23:12:19 PYT 2013: ELIMINAR CATEGORIAS: SQL:DELETE  from categorias  where idcategoria= 12 limit 1;
Mon May 27 23:12:19 PYT 2013: --- OPERACIONES --
Mon May 27 23:12:19 PYT 2013: --- OPERACIONES: Listar Categoria  --
Mon May 27 23:12:19 PYT 2013: Asignando el template:
Mon May 27 23:14:16 PYT 2013: INCICIO SISTEMA
Mon May 27 23:14:16 PYT 2013: Seccion administracion 
Mon May 27 23:14:16 PYT 2013: Web: 
Mon May 27 23:14:16 PYT 2013: Web: seccion subcategorias
Mon May 27 23:14:16 PYT 2013: Asignando el template:
Mon May 27 23:14:20 PYT 2013: INCICIO SISTEMA
Mon May 27 23:14:20 PYT 2013: Seccion administracion 
Mon May 27 23:14:20 PYT 2013: Web: 
Mon May 27 23:14:20 PYT 2013: no agregar nada
Mon May 27 23:14:20 PYT 2013: BUSCAR_DOCUMENTOS
Mon May 27 23:14:20 PYT 2013: BUSCAR_DOCUMENTOS > Busqueda:
Mon May 27 23:14:20 PYT 2013: BUSCAR_DOCUMENTOS :

Mon May 27 23:14:22 PYT 2013: --- OPERACIONES --
Mon May 27 23:14:22 PYT 2013: --- OPERACIONES: Mostrar ABM Documentos--
Mon May 27 23:14:22 PYT 2013: no agregar nada
Mon May 27 23:14:22 PYT 2013: MTD_FORMULARIO_DOCUMENTOS :

Mon May 27 23:16:36 PYT 2013: INCICIO SISTEMA
Mon May 27 23:16:36 PYT 2013: Seccion administracion 
Mon May 27 23:16:36 PYT 2013: Web: 
Mon May 27 23:16:36 PYT 2013: no agregar nada
Mon May 27 23:16:36 PYT 2013: BUSCAR_DOCUMENTOS
Mon May 27 23:16:36 PYT 2013: BUSCAR_DOCUMENTOS > Busqueda:
Mon May 27 23:16:36 PYT 2013: BUSCAR_DOCUMENTOS :

Mon May 27 23:17:08 PYT 2013: INCICIO SISTEMA
Mon May 27 23:17:08 PYT 2013: Seccion administracion 
Mon May 27 23:17:08 PYT 2013: Web: 
Mon May 27 23:17:08 PYT 2013: no agregar nada
Mon May 27 23:17:08 PYT 2013: BUSCAR_DOCUMENTOS
Mon May 27 23:17:08 PYT 2013: BUSCAR_DOCUMENTOS > Busqueda:
Mon May 27 23:17:08 PYT 2013: BUSCAR_DOCUMENTOS :

Mon May 27 23:17:29 PYT 2013: INCICIO SISTEMA
Mon May 27 23:17:29 PYT 2013: Seccion administracion 
Mon May 27 23:17:29 PYT 2013: Web: 
Mon May 27 23:17:29 PYT 2013: no agregar nada
Mon May 27 23:17:29 PYT 2013: BUSCAR_DOCUMENTOS
Mon May 27 23:17:29 PYT 2013: BUSCAR_DOCUMENTOS > Busqueda:
Mon May 27 23:17:29 PYT 2013: BUSCAR_DOCUMENTOS :

Mon May 27 23:25:36 PYT 2013: INCICIO SISTEMA
Mon May 27 23:25:36 PYT 2013: Seccion administracion 
Mon May 27 23:25:36 PYT 2013: Web: 
Mon May 27 23:25:36 PYT 2013: Web: seccion subcategorias
Mon May 27 23:25:36 PYT 2013: Asignando el template:
Mon May 27 23:25:39 PYT 2013: INCICIO SISTEMA
Mon May 27 23:25:39 PYT 2013: Seccion administracion 
Mon May 27 23:25:39 PYT 2013: Web: 
Mon May 27 23:25:39 PYT 2013: no agregar nada
Mon May 27 23:25:39 PYT 2013: BUSCAR_DOCUMENTOS
Mon May 27 23:25:39 PYT 2013: BUSCAR_DOCUMENTOS > Busqueda:
Mon May 27 23:25:39 PYT 2013: BUSCAR_DOCUMENTOS :

Mon May 27 23:25:40 PYT 2013: --- OPERACIONES --
Mon May 27 23:25:40 PYT 2013: --- OPERACIONES: Mostrar ABM Documentos--
Mon May 27 23:25:40 PYT 2013: no agregar nada
Mon May 27 23:25:40 PYT 2013: MTD_FORMULARIO_DOCUMENTOS :

Mon May 27 23:28:57 PYT 2013: INCICIO SISTEMA
Mon May 27 23:28:57 PYT 2013: Seccion administracion 
Mon May 27 23:28:57 PYT 2013: Web: 
Mon May 27 23:28:57 PYT 2013: no agregar nada
Mon May 27 23:28:57 PYT 2013: BUSCAR_DOCUMENTOS
Mon May 27 23:28:57 PYT 2013: BUSCAR_DOCUMENTOS > Busqueda:
Mon May 27 23:28:57 PYT 2013: BUSCAR_DOCUMENTOS :

Mon May 27 23:28:58 PYT 2013: --- OPERACIONES --
Mon May 27 23:28:58 PYT 2013: --- OPERACIONES: Mostrar ABM Documentos--
Mon May 27 23:28:58 PYT 2013: no agregar nada
Mon May 27 23:28:58 PYT 2013: MTD_FORMULARIO_DOCUMENTOS :

Mon May 27 23:59:27 PYT 2013: --- OPERACIONES --
Mon May 27 23:59:27 PYT 2013: --- OPERACIONES: Mostrar ABM Documentos--
Mon May 27 23:59:27 PYT 2013: no agregar nada
Mon May 27 23:59:27 PYT 2013: MTD_FORMULARIO_DOCUMENTOS :

