Tue Jun 4 0:11:52 PYT 2013: INCICIO SISTEMA
Tue Jun 4 0:11:52 PYT 2013: CLASS_LISTA_DOCUMENTOS Inicializar
Tue Jun 4 0:15:27 PYT 2013: INCICIO SISTEMA
Tue Jun 4 0:15:27 PYT 2013: CLASS_LISTA_DOCUMENTOS Inicializar
Tue Jun 4 0:15:39 PYT 2013: INCICIO SISTEMA
Tue Jun 4 0:15:39 PYT 2013: CLASS_LISTA_DOCUMENTOS Inicializar
Tue Jun 4 0:16:13 PYT 2013: INCICIO SISTEMA
Tue Jun 4 0:16:13 PYT 2013: CLASS_LISTA_DOCUMENTOS Inicializar
Tue Jun 4 0:16:28 PYT 2013: INCICIO SISTEMA
Tue Jun 4 0:16:28 PYT 2013: CLASS_LISTA_DOCUMENTOS Inicializar
Tue Jun 4 0:16:39 PYT 2013: INCICIO SISTEMA
Tue Jun 4 0:16:39 PYT 2013: CLASS_LISTA_DOCUMENTOS Inicializar
Tue Jun 4 0:17:24 PYT 2013: INCICIO SISTEMA
Tue Jun 4 0:17:24 PYT 2013: CLASS_LISTA_DOCUMENTOS Inicializar
Tue Jun 4 0:17:41 PYT 2013: INCICIO SISTEMA
Tue Jun 4 0:17:41 PYT 2013: CLASS_LISTA_DOCUMENTOS Inicializar
Tue Jun 4 0:17:45 PYT 2013: INCICIO SISTEMA
Tue Jun 4 0:17:45 PYT 2013: CLASS_LISTA_DOCUMENTOS Inicializar
Tue Jun 4 0:17:48 PYT 2013: INCICIO SISTEMA
Tue Jun 4 0:17:48 PYT 2013: CLASS_LISTA_DOCUMENTOS Inicializar
Tue Jun 4 0:17:53 PYT 2013: INCICIO SISTEMA
Tue Jun 4 0:17:53 PYT 2013: CLASS_LISTA_DOCUMENTOS Inicializar
Tue Jun 4 0:17:56 PYT 2013: INCICIO SISTEMA
Tue Jun 4 0:17:56 PYT 2013: CLASS_LISTA_DOCUMENTOS Inicializar
Tue Jun 4 0:18:02 PYT 2013: INCICIO SISTEMA
Tue Jun 4 0:18:02 PYT 2013: CLASS_LISTA_DOCUMENTOS Inicializar
Tue Jun 4 0:18:06 PYT 2013: INCICIO SISTEMA
Tue Jun 4 0:18:06 PYT 2013: CLASS_LISTA_DOCUMENTOS Inicializar
Tue Jun 4 0:18:09 PYT 2013: INCICIO SISTEMA
Tue Jun 4 0:18:09 PYT 2013: CLASS_LISTA_DOCUMENTOS Inicializar
Tue Jun 4 0:18:12 PYT 2013: INCICIO SISTEMA
Tue Jun 4 0:18:12 PYT 2013: CLASS_LISTA_DOCUMENTOS Inicializar
Tue Jun 4 0:23:40 PYT 2013: INCICIO SISTEMA
Tue Jun 4 0:23:41 PYT 2013: CLASS_LISTA_DOCUMENTOS Inicializar
Tue Jun 4 0:23:54 PYT 2013: INCICIO SISTEMA
Tue Jun 4 0:23:54 PYT 2013: CLASS_LISTA_DOCUMENTOS Inicializar
Tue Jun 4 0:23:57 PYT 2013: INCICIO SISTEMA
Tue Jun 4 0:23:57 PYT 2013: CLASS_LISTA_DOCUMENTOS Inicializar
Tue Jun 4 0:24:00 PYT 2013: INCICIO SISTEMA
Tue Jun 4 0:24:00 PYT 2013: CLASS_LISTA_DOCUMENTOS Inicializar
Tue Jun 4 0:24:03 PYT 2013: INCICIO SISTEMA
Tue Jun 4 0:24:03 PYT 2013: CLASS_LISTA_DOCUMENTOS Inicializar
Tue Jun 4 0:24:06 PYT 2013: INCICIO SISTEMA
Tue Jun 4 0:24:06 PYT 2013: CLASS_LISTA_DOCUMENTOS Inicializar
Tue Jun 4 0:24:57 PYT 2013: INCICIO SISTEMA
Tue Jun 4 0:24:57 PYT 2013: CLASS_LISTA_DOCUMENTOS Inicializar
Tue Jun 4 0:25:12 PYT 2013: INCICIO SISTEMA
Tue Jun 4 0:25:12 PYT 2013: CLASS_LISTA_DOCUMENTOS Inicializar
Tue Jun 4 0:25:22 PYT 2013: INCICIO SISTEMA
Tue Jun 4 0:25:22 PYT 2013: CLASS_LISTA_DOCUMENTOS Inicializar
Tue Jun 4 0:25:26 PYT 2013: INCICIO SISTEMA
Tue Jun 4 0:25:26 PYT 2013: CLASS_LISTA_DOCUMENTOS Inicializar
Tue Jun 4 0:25:28 PYT 2013: INCICIO SISTEMA
Tue Jun 4 0:25:28 PYT 2013: CLASS_LISTA_DOCUMENTOS Inicializar
Tue Jun 4 0:35:39 PYT 2013: INCICIO SISTEMA
Tue Jun 4 0:35:39 PYT 2013: CLASS_LISTA_DOCUMENTOS Inicializar
Tue Jun 4 0:38:43 PYT 2013: INCICIO SISTEMA
Tue Jun 4 0:38:43 PYT 2013: CLASS_LISTA_DOCUMENTOS Inicializar
Tue Jun 4 0:42:52 PYT 2013: INCICIO SISTEMA
Tue Jun 4 0:42:52 PYT 2013: CLASS_LISTA_DOCUMENTOS Inicializar
Tue Jun 4 0:58:02 PYT 2013: INCICIO SISTEMA
Tue Jun 4 0:58:02 PYT 2013: CLASS_LISTA_DOCUMENTOS Inicializar
Tue Jun 4 0:58:11 PYT 2013: INCICIO SISTEMA
Tue Jun 4 0:58:11 PYT 2013: CLASS_LISTA_DOCUMENTOS Inicializar
Tue Jun 4 0:59:30 PYT 2013: INCICIO SISTEMA
Tue Jun 4 0:59:30 PYT 2013: CLASS_LISTA_DOCUMENTOS Inicializar
Tue Jun 4 1:02:08 PYT 2013: INCICIO SISTEMA
Tue Jun 4 1:02:08 PYT 2013: CLASS_LISTA_DOCUMENTOS Inicializar
Tue Jun 4 1:02:30 PYT 2013: INCICIO SISTEMA
Tue Jun 4 1:02:30 PYT 2013: CLASS_LISTA_DOCUMENTOS Inicializar
Tue Jun 4 1:08:51 PYT 2013: INCICIO SISTEMA
Tue Jun 4 1:08:51 PYT 2013: CLASS_LISTA_DOCUMENTOS Inicializar
Tue Jun 4 1:09:10 PYT 2013: INCICIO SISTEMA
Tue Jun 4 1:09:10 PYT 2013: CLASS_LISTA_DOCUMENTOS Inicializar
Tue Jun 4 1:09:30 PYT 2013: INCICIO SISTEMA
Tue Jun 4 1:09:30 PYT 2013: CLASS_LISTA_DOCUMENTOS Inicializar
Tue Jun 4 1:16:15 PYT 2013: INCICIO SISTEMA
Tue Jun 4 1:16:15 PYT 2013: CLASS_LISTA_DOCUMENTOS Inicializar
Tue Jun 4 1:19:59 PYT 2013: INCICIO SISTEMA
Tue Jun 4 1:19:59 PYT 2013: CLASS_LISTA_DOCUMENTOS Inicializar
Tue Jun 4 1:20:15 PYT 2013: INCICIO SISTEMA
Tue Jun 4 1:20:15 PYT 2013: CLASS_LISTA_DOCUMENTOS Inicializar
Tue Jun 4 1:22:01 PYT 2013: INCICIO SISTEMA
Tue Jun 4 1:22:01 PYT 2013: CLASS_LISTA_DOCUMENTOS Inicializar
Tue Jun 4 1:22:07 PYT 2013: INCICIO SISTEMA
Tue Jun 4 1:22:07 PYT 2013: CLASS_LISTA_DOCUMENTOS Inicializar
Tue Jun 4 1:22:13 PYT 2013: INCICIO SISTEMA
Tue Jun 4 1:22:13 PYT 2013: CLASS_LISTA_DOCUMENTOS Inicializar
Tue Jun 4 1:22:45 PYT 2013: INCICIO SISTEMA
Tue Jun 4 1:22:45 PYT 2013: CLASS_LISTA_DOCUMENTOS Inicializar
Tue Jun 4 1:22:47 PYT 2013: INCICIO SISTEMA
Tue Jun 4 1:22:47 PYT 2013: CLASS_LISTA_DOCUMENTOS Inicializar
Tue Jun 4 1:24:27 PYT 2013: INCICIO SISTEMA
Tue Jun 4 1:24:27 PYT 2013: CLASS_LISTA_DOCUMENTOS Inicializar
Tue Jun 4 1:24:31 PYT 2013: INCICIO SISTEMA
Tue Jun 4 1:24:31 PYT 2013: CLASS_LISTA_DOCUMENTOS Inicializar
Tue Jun 4 1:24:34 PYT 2013: INCICIO SISTEMA
Tue Jun 4 1:24:34 PYT 2013: CLASS_LISTA_DOCUMENTOS Inicializar
Tue Jun 4 1:24:36 PYT 2013: INCICIO SISTEMA
Tue Jun 4 1:24:36 PYT 2013: CLASS_LISTA_DOCUMENTOS Inicializar
Tue Jun 4 1:24:39 PYT 2013: INCICIO SISTEMA
Tue Jun 4 1:24:39 PYT 2013: CLASS_LISTA_DOCUMENTOS Inicializar
Tue Jun 4 1:24:46 PYT 2013: INCICIO SISTEMA
Tue Jun 4 1:24:46 PYT 2013: CLASS_LISTA_DOCUMENTOS Inicializar
Tue Jun 4 1:24:48 PYT 2013: INCICIO SISTEMA
Tue Jun 4 1:24:48 PYT 2013: CLASS_LISTA_DOCUMENTOS Inicializar
Tue Jun 4 1:33:10 PYT 2013: INCICIO SISTEMA
Tue Jun 4 1:33:10 PYT 2013: CLASS_LISTA_DOCUMENTOS Inicializar
Tue Jun 4 1:38:25 PYT 2013: INCICIO SISTEMA
Tue Jun 4 1:38:25 PYT 2013: CLASS_LISTA_DOCUMENTOS Inicializar
Tue Jun 4 1:38:33 PYT 2013: INCICIO SISTEMA
Tue Jun 4 1:38:33 PYT 2013: CLASS_LISTA_DOCUMENTOS Inicializar
Tue Jun 4 1:38:36 PYT 2013: INCICIO SISTEMA
Tue Jun 4 1:38:36 PYT 2013: CLASS_LISTA_DOCUMENTOS Inicializar
Tue Jun 4 1:38:39 PYT 2013: INCICIO SISTEMA
Tue Jun 4 1:38:39 PYT 2013: CLASS_LISTA_DOCUMENTOS Inicializar
Tue Jun 4 1:40:38 PYT 2013: INCICIO SISTEMA
Tue Jun 4 1:40:38 PYT 2013: CLASS_LISTA_DOCUMENTOS Inicializar
Tue Jun 4 1:40:38 PYT 2013: contas pioResource id #39
Tue Jun 4 1:41:50 PYT 2013: INCICIO SISTEMA
Tue Jun 4 1:41:50 PYT 2013: CLASS_LISTA_DOCUMENTOS Inicializar
Tue Jun 4 1:41:50 PYT 2013: contas pioResource id #39
Tue Jun 4 1:43:58 PYT 2013: INCICIO SISTEMA
Tue Jun 4 1:43:58 PYT 2013: CLASS_LISTA_DOCUMENTOS Inicializar
Tue Jun 4 1:43:58 PYT 2013: contas pioResource id #39
Tue Jun 4 1:44:02 PYT 2013: INCICIO SISTEMA
Tue Jun 4 1:44:02 PYT 2013: CLASS_LISTA_DOCUMENTOS Inicializar
Tue Jun 4 1:44:02 PYT 2013: contas pioResource id #39
Tue Jun 4 1:44:20 PYT 2013: INCICIO SISTEMA
Tue Jun 4 1:44:20 PYT 2013: CLASS_LISTA_DOCUMENTOS Inicializar
Tue Jun 4 1:44:20 PYT 2013: contas pioResource id #39
Tue Jun 4 1:47:52 PYT 2013: INCICIO SISTEMA
Tue Jun 4 1:47:52 PYT 2013: CLASS_LISTA_DOCUMENTOS Inicializar
Tue Jun 4 1:47:52 PYT 2013: contas pio Resource id #39
Tue Jun 4 1:49:10 PYT 2013: INCICIO SISTEMA
Tue Jun 4 1:49:10 PYT 2013: CLASS_LISTA_DOCUMENTOS Inicializar
Tue Jun 4 1:49:10 PYT 2013: contas pio 
Tue Jun 4 1:49:50 PYT 2013: INCICIO SISTEMA
Tue Jun 4 1:49:50 PYT 2013: CLASS_LISTA_DOCUMENTOS Inicializar
Tue Jun 4 1:49:50 PYT 2013: contas pio 
Tue Jun 4 1:51:42 PYT 2013: INCICIO SISTEMA
Tue Jun 4 1:51:42 PYT 2013: CLASS_LISTA_DOCUMENTOS Inicializar
Tue Jun 4 1:51:42 PYT 2013: contas pio 
Tue Jun 4 1:54:40 PYT 2013: INCICIO SISTEMA
Tue Jun 4 1:54:40 PYT 2013: CLASS_LISTA_DOCUMENTOS Inicializar
Tue Jun 4 1:54:40 PYT 2013: contas pio 4
Tue Jun 4 1:54:52 PYT 2013: INCICIO SISTEMA
Tue Jun 4 1:54:52 PYT 2013: CLASS_LISTA_DOCUMENTOS Inicializar
Tue Jun 4 1:54:52 PYT 2013: contas pio 4
Tue Jun 4 1:55:03 PYT 2013: INCICIO SISTEMA
Tue Jun 4 1:55:03 PYT 2013: CLASS_LISTA_DOCUMENTOS Inicializar
Tue Jun 4 1:55:03 PYT 2013: contas pio 4
Tue Jun 4 1:55:05 PYT 2013: INCICIO SISTEMA
Tue Jun 4 1:55:05 PYT 2013: CLASS_LISTA_DOCUMENTOS Inicializar
Tue Jun 4 1:55:05 PYT 2013: contas pio 4
Tue Jun 4 1:55:08 PYT 2013: INCICIO SISTEMA
Tue Jun 4 1:55:08 PYT 2013: CLASS_LISTA_DOCUMENTOS Inicializar
Tue Jun 4 1:55:08 PYT 2013: contas pio 4
Tue Jun 4 1:55:20 PYT 2013: INCICIO SISTEMA
Tue Jun 4 1:55:20 PYT 2013: CLASS_LISTA_DOCUMENTOS Inicializar
Tue Jun 4 1:55:20 PYT 2013: contas pio 4
Tue Jun 4 1:55:25 PYT 2013: INCICIO SISTEMA
Tue Jun 4 1:55:25 PYT 2013: CLASS_LISTA_DOCUMENTOS Inicializar
Tue Jun 4 1:55:25 PYT 2013: contas pio 4
Tue Jun 4 1:55:29 PYT 2013: INCICIO SISTEMA
Tue Jun 4 1:55:29 PYT 2013: CLASS_LISTA_DOCUMENTOS Inicializar
Tue Jun 4 1:55:29 PYT 2013: contas pio 4
Tue Jun 4 1:55:32 PYT 2013: INCICIO SISTEMA
Tue Jun 4 1:55:32 PYT 2013: CLASS_LISTA_DOCUMENTOS Inicializar
Tue Jun 4 1:55:32 PYT 2013: contas pio 4
Tue Jun 4 1:56:12 PYT 2013: INCICIO SISTEMA
Tue Jun 4 1:56:12 PYT 2013: CLASS_LISTA_DOCUMENTOS Inicializar
Tue Jun 4 1:56:12 PYT 2013: contas pio 4
Tue Jun 4 1:57:23 PYT 2013: INCICIO SISTEMA
Tue Jun 4 1:57:23 PYT 2013: CLASS_LISTA_DOCUMENTOS Inicializar
Tue Jun 4 1:57:23 PYT 2013: contas pio 4
Tue Jun 4 1:57:52 PYT 2013: INCICIO SISTEMA
Tue Jun 4 1:57:52 PYT 2013: CLASS_LISTA_DOCUMENTOS Inicializar
Tue Jun 4 1:57:52 PYT 2013: contas pio 4
Tue Jun 4 1:58:05 PYT 2013: INCICIO SISTEMA
Tue Jun 4 1:58:05 PYT 2013: CLASS_LISTA_DOCUMENTOS Inicializar
Tue Jun 4 1:58:05 PYT 2013: contas pio 4
Tue Jun 4 1:58:08 PYT 2013: INCICIO SISTEMA
Tue Jun 4 1:58:08 PYT 2013: CLASS_LISTA_DOCUMENTOS Inicializar
Tue Jun 4 1:58:08 PYT 2013: contas pio 4
Tue Jun 4 2:02:51 PYT 2013: INCICIO SISTEMA
Tue Jun 4 2:02:51 PYT 2013: CLASS_LISTA_DOCUMENTOS Inicializar
Tue Jun 4 2:02:51 PYT 2013: contas pio 4
Tue Jun 4 2:02:55 PYT 2013: INCICIO SISTEMA
Tue Jun 4 2:02:55 PYT 2013: CLASS_LISTA_DOCUMENTOS Inicializar
Tue Jun 4 2:02:55 PYT 2013: contas pio 4
Tue Jun 4 2:04:04 PYT 2013: INCICIO SISTEMA
Tue Jun 4 2:04:04 PYT 2013: CLASS_LISTA_DOCUMENTOS Inicializar
Tue Jun 4 2:04:04 PYT 2013: contas pio 4
Tue Jun 4 2:04:22 PYT 2013: INCICIO SISTEMA
Tue Jun 4 2:04:22 PYT 2013: CLASS_LISTA_DOCUMENTOS Inicializar
Tue Jun 4 2:04:22 PYT 2013: contas pio 4
Tue Jun 4 2:04:23 PYT 2013: INCICIO SISTEMA
Tue Jun 4 2:04:23 PYT 2013: CLASS_LISTA_DOCUMENTOS Inicializar
Tue Jun 4 2:04:23 PYT 2013: contas pio 4
Tue Jun 4 2:04:38 PYT 2013: INCICIO SISTEMA
Tue Jun 4 2:04:38 PYT 2013: CLASS_LISTA_DOCUMENTOS Inicializar
Tue Jun 4 2:04:38 PYT 2013: contas pio 4
Tue Jun 4 2:08:16 PYT 2013: INCICIO SISTEMA
Tue Jun 4 2:08:16 PYT 2013: CLASS_LISTA_DOCUMENTOS Inicializar
Tue Jun 4 2:08:16 PYT 2013: contas pio 4
Tue Jun 4 2:09:11 PYT 2013: INCICIO SISTEMA
Tue Jun 4 2:09:11 PYT 2013: CLASS_LISTA_DOCUMENTOS Inicializar
Tue Jun 4 2:09:11 PYT 2013: contas pio 4
Tue Jun 4 2:09:20 PYT 2013: INCICIO SISTEMA
Tue Jun 4 2:09:20 PYT 2013: CLASS_LISTA_DOCUMENTOS Inicializar
Tue Jun 4 2:09:20 PYT 2013: contas pio 4
Tue Jun 4 2:10:37 PYT 2013: INCICIO SISTEMA
Tue Jun 4 2:10:37 PYT 2013: CLASS_LISTA_DOCUMENTOS Inicializar
Tue Jun 4 2:10:37 PYT 2013: contas pio 4
Tue Jun 4 2:13:11 PYT 2013: INCICIO SISTEMA
Tue Jun 4 2:13:11 PYT 2013: CLASS_LISTA_DOCUMENTOS Inicializar
Tue Jun 4 2:13:11 PYT 2013: contas pio 4
Tue Jun 4 2:13:24 PYT 2013: INCICIO SISTEMA
Tue Jun 4 2:13:24 PYT 2013: CLASS_LISTA_DOCUMENTOS Inicializar
Tue Jun 4 2:13:24 PYT 2013: contas pio 4
Tue Jun 4 2:13:30 PYT 2013: INCICIO SISTEMA
Tue Jun 4 2:13:30 PYT 2013: CLASS_LISTA_DOCUMENTOS Inicializar
Tue Jun 4 2:13:30 PYT 2013: contas pio 4
Tue Jun 4 2:14:19 PYT 2013: INCICIO SISTEMA
Tue Jun 4 2:14:24 PYT 2013: INCICIO SISTEMA
Tue Jun 4 2:14:26 PYT 2013: INCICIO SISTEMA
Tue Jun 4 2:14:28 PYT 2013: INCICIO SISTEMA
Tue Jun 4 2:14:30 PYT 2013: INCICIO SISTEMA
Tue Jun 4 2:14:32 PYT 2013: INCICIO SISTEMA
Tue Jun 4 2:14:33 PYT 2013: INCICIO SISTEMA
Tue Jun 4 2:14:39 PYT 2013: INCICIO SISTEMA
Tue Jun 4 2:14:39 PYT 2013: CLASS_LISTA_DOCUMENTOS Inicializar
Tue Jun 4 2:14:39 PYT 2013: contas pio 4
Tue Jun 4 2:14:45 PYT 2013: INCICIO SISTEMA
Tue Jun 4 2:14:45 PYT 2013: CLASS_LISTA_DOCUMENTOS Inicializar
Tue Jun 4 2:14:45 PYT 2013: contas pio 4
Tue Jun 4 2:17:07 PYT 2013: INCICIO SISTEMA
Tue Jun 4 2:17:07 PYT 2013: CLASS_LISTA_DOCUMENTOS Inicializar
Tue Jun 4 2:17:07 PYT 2013: contas pio 4
Tue Jun 4 2:19:45 PYT 2013: INCICIO SISTEMA
Tue Jun 4 2:19:45 PYT 2013: CLASS_LISTA_DOCUMENTOS Inicializar
Tue Jun 4 2:19:45 PYT 2013: contas pio 4
Tue Jun 4 2:26:48 PYT 2013: INCICIO SISTEMA
Tue Jun 4 2:26:48 PYT 2013: CLASS_LISTA_DOCUMENTOS Inicializar
Tue Jun 4 2:26:48 PYT 2013: contas pio 4
Tue Jun 4 2:28:15 PYT 2013: INCICIO SISTEMA
Tue Jun 4 2:28:15 PYT 2013: CLASS_LISTA_DOCUMENTOS Inicializar
Tue Jun 4 2:28:15 PYT 2013: contas pio 4
Tue Jun 4 2:28:28 PYT 2013: INCICIO SISTEMA
Tue Jun 4 2:28:28 PYT 2013: CLASS_LISTA_DOCUMENTOS Inicializar
Tue Jun 4 2:28:28 PYT 2013: contas pio 4
Tue Jun 4 2:28:36 PYT 2013: INCICIO SISTEMA
Tue Jun 4 2:28:36 PYT 2013: CLASS_LISTA_DOCUMENTOS Inicializar
Tue Jun 4 2:28:36 PYT 2013: contas pio 4
Tue Jun 4 9:56:17 PYT 2013: INCICIO SISTEMA
Tue Jun 4 9:56:17 PYT 2013: CLASS_LISTA_DOCUMENTOS Inicializar
Tue Jun 4 9:56:17 PYT 2013: contas pio 4
