Mon Jun 10 1:36:39 PYT 2013: INCICIO SISTEMA
Mon Jun 10 1:36:39 PYT 2013: CLASS_LISTA_DOCUMENTOS Inicializar
Mon Jun 10 1:36:39 PYT 2013: contas pio 3
Mon Jun 10 1:40:00 PYT 2013: INCICIO SISTEMA
Mon Jun 10 1:40:00 PYT 2013: Seccion administracion 
Mon Jun 10 1:40:00 PYT 2013: Web: 
Mon Jun 10 1:40:00 PYT 2013: Web: menu principal 
Mon Jun 10 1:40:02 PYT 2013: INCICIO SISTEMA
Mon Jun 10 1:40:02 PYT 2013: Seccion administracion 
Mon Jun 10 1:40:02 PYT 2013: Web: 
Mon Jun 10 1:40:02 PYT 2013: no agregar nada
Mon Jun 10 1:40:02 PYT 2013: BUSCAR_DOCUMENTOS
Mon Jun 10 1:40:02 PYT 2013: BUSCAR_DOCUMENTOS > Busqueda:
Mon Jun 10 1:40:02 PYT 2013: BUSCAR_DOCUMENTOS :

Mon Jun 10 2:25:24 PYT 2013: INCICIO SISTEMA
Mon Jun 10 2:25:24 PYT 2013: Seccion administracion 
Mon Jun 10 2:25:24 PYT 2013: Web: 
Mon Jun 10 2:25:24 PYT 2013: no agregar nada
Mon Jun 10 2:25:24 PYT 2013: BUSCAR_DOCUMENTOS
Mon Jun 10 2:25:24 PYT 2013: BUSCAR_DOCUMENTOS > Busqueda:
Mon Jun 10 2:25:24 PYT 2013: BUSCAR_DOCUMENTOS :

Mon Jun 10 2:25:29 PYT 2013: --- OPERACIONES --
Mon Jun 10 23:32:38 PYT 2013: INCICIO SISTEMA
Mon Jun 10 23:32:38 PYT 2013: CLASS_LISTA_DOCUMENTOS Inicializar
Mon Jun 10 23:32:38 PYT 2013: contas pio 3
Mon Jun 10 23:32:40 PYT 2013: INCICIO SISTEMA
Mon Jun 10 23:32:40 PYT 2013: Seccion administracion 
Mon Jun 10 23:32:40 PYT 2013: Web: 
Mon Jun 10 23:32:40 PYT 2013: Web: menu principal 
Mon Jun 10 23:51:24 PYT 2013: INCICIO SISTEMA
Mon Jun 10 23:51:24 PYT 2013: Seccion administracion 
Mon Jun 10 23:51:24 PYT 2013: Web: 
Mon Jun 10 23:51:24 PYT 2013: no agregar nada
Mon Jun 10 23:51:24 PYT 2013: BUSCAR_DOCUMENTOS
Mon Jun 10 23:51:24 PYT 2013: BUSCAR_DOCUMENTOS > Busqueda:
Mon Jun 10 23:51:24 PYT 2013: BUSCAR_DOCUMENTOS :

