Thu Jun 20 3:14:03 UTC 2013: Sessions -> logged_in
Thu Jun 20 3:14:03 UTC 2013: Session query: SELECT username,token,session,ip,id_usuario FROM usuarios WHERE id_usuario= 70 AND token='dbb05d4a1198d334ff88ef49f0cb9b2d' AND session='k5t4i7ovaas3ts21gjv7c0d7v1' AND ip='127.0.0.1'
Thu Jun 20 3:14:03 UTC 2013: Sessions -> Session chequed for :cbustamantem@gmail.com from 127.0.0.1
Thu Jun 20 3:14:11 UTC 2013: Sessions -> Default
Thu Jun 20 3:14:11 UTC 2013: Sessions -> logged_in
Thu Jun 20 3:14:11 UTC 2013: Session query: SELECT username,token,session,ip,id_usuario FROM usuarios WHERE id_usuario= 0 AND token='' AND session='k5t4i7ovaas3ts21gjv7c0d7v1' AND ip='127.0.0.1'
Thu Jun 20 3:14:11 UTC 2013: Session Logout
Thu Jun 20 0:01:03 PYT 2013: INCICIO SISTEMA
Thu Jun 20 0:01:03 PYT 2013: Sessions -> Default
Thu Jun 20 0:01:03 PYT 2013: Sessions -> logged_in
Thu Jun 20 0:01:03 PYT 2013: Session query: SELECT username,token,session,ip,id_usuario FROM usuarios WHERE id_usuario= 0 AND token='' AND session='k5t4i7ovaas3ts21gjv7c0d7v1' AND ip='127.0.0.1'
Thu Jun 20 0:01:03 PYT 2013: Session Logout
Thu Jun 20 0:01:03 PYT 2013: Seccion administracion 
Thu Jun 20 0:01:03 PYT 2013: Web: 
Thu Jun 20 0:01:03 PYT 2013: Web: seccion categorias
Thu Jun 20 0:01:03 PYT 2013: Asignando el template:
Thu Jun 20 0:01:04 PYT 2013: INCICIO SISTEMA
Thu Jun 20 0:01:04 PYT 2013: Sessions -> Default
Thu Jun 20 0:01:04 PYT 2013: Sessions -> logged_in
Thu Jun 20 0:01:04 PYT 2013: Session query: SELECT username,token,session,ip,id_usuario FROM usuarios WHERE id_usuario= 0 AND token='' AND session='k5t4i7ovaas3ts21gjv7c0d7v1' AND ip='127.0.0.1'
Thu Jun 20 0:01:04 PYT 2013: Session Logout
Thu Jun 20 0:01:04 PYT 2013: Seccion administracion 
Thu Jun 20 0:01:04 PYT 2013: Web: 
Thu Jun 20 0:01:04 PYT 2013: Web: seccion subcategorias
Thu Jun 20 0:01:04 PYT 2013: Asignando el template:
Thu Jun 20 0:01:05 PYT 2013: INCICIO SISTEMA
Thu Jun 20 0:01:05 PYT 2013: Sessions -> Default
Thu Jun 20 0:01:05 PYT 2013: Sessions -> logged_in
Thu Jun 20 0:01:05 PYT 2013: Session query: SELECT username,token,session,ip,id_usuario FROM usuarios WHERE id_usuario= 0 AND token='' AND session='k5t4i7ovaas3ts21gjv7c0d7v1' AND ip='127.0.0.1'
Thu Jun 20 0:01:05 PYT 2013: Session Logout
Thu Jun 20 0:01:05 PYT 2013: Seccion administracion 
Thu Jun 20 0:01:05 PYT 2013: Web: 
Thu Jun 20 0:01:05 PYT 2013: BUSCAR_DOCUMENTOS
Thu Jun 20 0:01:05 PYT 2013: BUSCAR_DOCUMENTOS > Busqueda:
Thu Jun 20 0:01:05 PYT 2013: BUSCAR_DOCUMENTOS :

Thu Jun 20 0:01:06 PYT 2013: INCICIO SISTEMA
Thu Jun 20 0:01:06 PYT 2013: Sessions -> Default
Thu Jun 20 0:01:06 PYT 2013: Sessions -> logged_in
Thu Jun 20 0:01:06 PYT 2013: Session query: SELECT username,token,session,ip,id_usuario FROM usuarios WHERE id_usuario= 0 AND token='' AND session='k5t4i7ovaas3ts21gjv7c0d7v1' AND ip='127.0.0.1'
Thu Jun 20 0:01:06 PYT 2013: Session Logout
Thu Jun 20 0:01:06 PYT 2013: Seccion administracion 
Thu Jun 20 0:01:06 PYT 2013: Web: 
Thu Jun 20 0:01:06 PYT 2013: Web: menu principal 
