Sat May 25 14:13:57 PYT 2013: INCICIO SISTEMA
Sat May 25 14:14:04 PYT 2013: INCICIO SISTEMA
Sat May 25 14:14:04 PYT 2013: Seccion administracion 
Sat May 25 14:14:04 PYT 2013: Web: 
Sat May 25 14:14:04 PYT 2013: Web: menu principal 
Sat May 25 16:19:27 PYT 2013: INCICIO SISTEMA
Sat May 25 16:19:27 PYT 2013: INCICIO SISTEMA
Sat May 25 18:59:23 PYT 2013: INCICIO SISTEMA
Sat May 25 18:59:27 PYT 2013: INCICIO SISTEMA
Sat May 25 18:59:27 PYT 2013: Seccion administracion 
Sat May 25 18:59:27 PYT 2013: Web: 
Sat May 25 18:59:27 PYT 2013: Web: menu principal 
Sat May 25 18:59:29 PYT 2013: INCICIO SISTEMA
Sat May 25 18:59:29 PYT 2013: Seccion administracion 
Sat May 25 18:59:29 PYT 2013: Web: 
Sat May 25 18:59:29 PYT 2013: Web: menu principal 
Sat May 25 20:00:15 PYT 2013: INCICIO SISTEMA
Sat May 25 20:01:10 PYT 2013: INCICIO SISTEMA
Sat May 25 20:34:45 PYT 2013: INCICIO SISTEMA
Sat May 25 20:34:45 PYT 2013: Seccion administracion 
Sat May 25 20:34:45 PYT 2013: Web: 
Sat May 25 20:34:45 PYT 2013: Web: menu principal 
Sat May 25 20:34:47 PYT 2013: INCICIO SISTEMA
Sat May 25 20:34:47 PYT 2013: Seccion administracion 
Sat May 25 20:34:47 PYT 2013: Web: 
Sat May 25 20:34:47 PYT 2013: Web: menu principal 
Sat May 25 20:34:48 PYT 2013: INCICIO SISTEMA
Sat May 25 20:34:48 PYT 2013: Seccion administracion 
Sat May 25 20:34:48 PYT 2013: Web: 
Sat May 25 20:34:48 PYT 2013: Web: menu principal 
Sat May 25 20:34:54 PYT 2013: INCICIO SISTEMA
Sat May 25 20:34:56 PYT 2013: INCICIO SISTEMA
Sat May 25 20:35:13 PYT 2013: INCICIO SISTEMA
Sat May 25 20:35:20 PYT 2013: INCICIO SISTEMA
Sat May 25 20:35:20 PYT 2013: Seccion administracion 
Sat May 25 20:35:20 PYT 2013: Web: 
Sat May 25 20:35:20 PYT 2013: Web: menu principal 
Sat May 25 20:41:19 PYT 2013: INCICIO SISTEMA
Sat May 25 20:41:19 PYT 2013: Seccion administracion 
Sat May 25 20:41:19 PYT 2013: Web: 
Sat May 25 20:41:19 PYT 2013: Web: menu principal 
Sat May 25 20:41:21 PYT 2013: INCICIO SISTEMA
Sat May 25 20:41:21 PYT 2013: Seccion administracion 
Sat May 25 20:41:21 PYT 2013: Web: 
Sat May 25 20:41:21 PYT 2013: Web: menu principal 
Sat May 25 20:41:22 PYT 2013: INCICIO SISTEMA
Sat May 25 20:41:22 PYT 2013: Seccion administracion 
Sat May 25 20:41:22 PYT 2013: Web: 
Sat May 25 20:41:22 PYT 2013: Web: menu principal 
Sat May 25 20:43:01 PYT 2013: INCICIO SISTEMA
Sat May 25 20:43:01 PYT 2013: Seccion administracion 
Sat May 25 20:43:01 PYT 2013: Web: 
Sat May 25 20:43:01 PYT 2013: Web: menu principal 
Sat May 25 20:43:02 PYT 2013: INCICIO SISTEMA
Sat May 25 20:43:02 PYT 2013: Seccion administracion 
Sat May 25 20:43:02 PYT 2013: Web: 
Sat May 25 20:43:02 PYT 2013: Web: menu principal 
Sat May 25 20:43:17 PYT 2013: INCICIO SISTEMA
Sat May 25 20:43:17 PYT 2013: Seccion administracion 
Sat May 25 20:43:17 PYT 2013: Web: 
Sat May 25 20:43:17 PYT 2013: Web: seccion categorias
Sat May 25 20:43:56 PYT 2013: INCICIO SISTEMA
Sat May 25 20:43:56 PYT 2013: Seccion administracion 
Sat May 25 20:43:56 PYT 2013: Web: 
Sat May 25 20:43:56 PYT 2013: Web: seccion categorias
Sat May 25 20:43:56 PYT 2013: Asignando el template:
Sat May 25 20:44:25 PYT 2013: INCICIO SISTEMA
Sat May 25 20:44:25 PYT 2013: Seccion administracion 
Sat May 25 20:44:25 PYT 2013: Web: 
Sat May 25 20:44:25 PYT 2013: Web: seccion categorias
Sat May 25 20:44:25 PYT 2013: Asignando el template:
Sat May 25 20:45:29 PYT 2013: INCICIO SISTEMA
Sat May 25 20:45:29 PYT 2013: Seccion administracion 
Sat May 25 20:45:29 PYT 2013: Web: 
Sat May 25 20:45:29 PYT 2013: Web: seccion categorias
Sat May 25 20:45:29 PYT 2013: Asignando el template:
Sat May 25 20:45:40 PYT 2013: INCICIO SISTEMA
Sat May 25 20:45:40 PYT 2013: Seccion administracion 
Sat May 25 20:45:40 PYT 2013: Web: 
Sat May 25 20:45:40 PYT 2013: Web: seccion categorias
Sat May 25 20:45:40 PYT 2013: Asignando el template:
Sat May 25 20:45:41 PYT 2013: INCICIO SISTEMA
Sat May 25 20:45:41 PYT 2013: Seccion administracion 
Sat May 25 20:45:41 PYT 2013: Web: 
Sat May 25 20:45:41 PYT 2013: Web: seccion categorias
Sat May 25 20:45:41 PYT 2013: Asignando el template:
Sat May 25 20:46:04 PYT 2013: INCICIO SISTEMA
Sat May 25 20:46:04 PYT 2013: Seccion administracion 
Sat May 25 20:46:04 PYT 2013: Web: 
Sat May 25 20:46:04 PYT 2013: Web: seccion categorias
Sat May 25 20:46:04 PYT 2013: Asignando el template:
Sat May 25 20:46:19 PYT 2013: INCICIO SISTEMA
Sat May 25 20:46:19 PYT 2013: Seccion administracion 
Sat May 25 20:46:19 PYT 2013: Web: 
Sat May 25 20:46:19 PYT 2013: Web: seccion categorias
Sat May 25 20:46:19 PYT 2013: Asignando el template:
Sat May 25 20:46:21 PYT 2013: INCICIO SISTEMA
Sat May 25 20:46:21 PYT 2013: Seccion administracion 
Sat May 25 20:46:21 PYT 2013: Web: 
Sat May 25 20:46:21 PYT 2013: Web: menu principal 
Sat May 25 20:46:22 PYT 2013: INCICIO SISTEMA
Sat May 25 20:46:22 PYT 2013: Seccion administracion 
Sat May 25 20:46:22 PYT 2013: Web: 
Sat May 25 20:46:22 PYT 2013: Web: seccion categorias
Sat May 25 20:46:22 PYT 2013: Asignando el template:
Sat May 25 20:46:53 PYT 2013: INCICIO SISTEMA
Sat May 25 20:46:53 PYT 2013: Seccion administracion 
Sat May 25 20:46:53 PYT 2013: Web: 
Sat May 25 20:46:53 PYT 2013: Web: seccion categorias
Sat May 25 20:46:53 PYT 2013: Asignando el template:
Sat May 25 20:48:42 PYT 2013: INCICIO SISTEMA
Sat May 25 20:48:42 PYT 2013: Seccion administracion 
Sat May 25 20:48:42 PYT 2013: Web: 
Sat May 25 20:48:42 PYT 2013: Web: seccion categorias
Sat May 25 20:48:42 PYT 2013: Asignando el template:
Sat May 25 20:50:24 PYT 2013: INCICIO SISTEMA
Sat May 25 20:50:24 PYT 2013: Seccion administracion 
Sat May 25 20:50:24 PYT 2013: Web: 
Sat May 25 20:50:24 PYT 2013: Web: seccion categorias
Sat May 25 20:50:24 PYT 2013: Asignando el template:
Sat May 25 20:51:04 PYT 2013: INCICIO SISTEMA
Sat May 25 20:51:04 PYT 2013: Seccion administracion 
Sat May 25 20:51:04 PYT 2013: Web: 
Sat May 25 20:51:04 PYT 2013: Web: seccion categorias
Sat May 25 20:51:04 PYT 2013: Asignando el template:
Sat May 25 20:51:43 PYT 2013: INCICIO SISTEMA
Sat May 25 20:51:43 PYT 2013: Seccion administracion 
Sat May 25 20:51:43 PYT 2013: Web: 
Sat May 25 20:51:43 PYT 2013: Web: seccion categorias
Sat May 25 20:51:43 PYT 2013: Asignando el template:
Sat May 25 20:52:48 PYT 2013: INCICIO SISTEMA
Sat May 25 20:52:48 PYT 2013: Seccion administracion 
Sat May 25 20:52:48 PYT 2013: Web: 
Sat May 25 20:52:48 PYT 2013: Web: seccion categorias
Sat May 25 20:52:48 PYT 2013: Asignando el template:
Sat May 25 20:53:36 PYT 2013: INCICIO SISTEMA
Sat May 25 20:53:36 PYT 2013: Seccion administracion 
Sat May 25 20:53:36 PYT 2013: Web: 
Sat May 25 20:53:36 PYT 2013: Web: seccion categorias
Sat May 25 20:53:36 PYT 2013: Asignando el template:
Sat May 25 20:54:16 PYT 2013: INCICIO SISTEMA
Sat May 25 20:54:16 PYT 2013: Seccion administracion 
Sat May 25 20:54:16 PYT 2013: Web: 
Sat May 25 20:54:16 PYT 2013: Web: seccion categorias
Sat May 25 20:54:16 PYT 2013: Asignando el template:
Sat May 25 20:54:38 PYT 2013: INCICIO SISTEMA
Sat May 25 20:54:38 PYT 2013: Seccion administracion 
Sat May 25 20:54:38 PYT 2013: Web: 
Sat May 25 20:54:38 PYT 2013: Web: seccion categorias
Sat May 25 20:54:38 PYT 2013: Asignando el template:
Sat May 25 20:54:39 PYT 2013: INCICIO SISTEMA
Sat May 25 20:54:39 PYT 2013: Seccion administracion 
Sat May 25 20:54:39 PYT 2013: Web: 
Sat May 25 20:54:39 PYT 2013: Web: seccion categorias
Sat May 25 20:54:39 PYT 2013: Asignando el template:
Sat May 25 20:54:58 PYT 2013: INCICIO SISTEMA
Sat May 25 20:54:58 PYT 2013: Seccion administracion 
Sat May 25 20:54:58 PYT 2013: Web: 
Sat May 25 20:54:58 PYT 2013: Web: seccion categorias
Sat May 25 20:54:58 PYT 2013: Asignando el template:
Sat May 25 20:55:40 PYT 2013: INCICIO SISTEMA
Sat May 25 20:55:40 PYT 2013: Seccion administracion 
Sat May 25 20:55:40 PYT 2013: Web: 
Sat May 25 20:55:40 PYT 2013: Web: seccion categorias
Sat May 25 20:55:40 PYT 2013: Asignando el template:
Sat May 25 20:55:45 PYT 2013: INCICIO SISTEMA
Sat May 25 20:55:45 PYT 2013: Seccion administracion 
Sat May 25 20:55:45 PYT 2013: Web: 
Sat May 25 20:55:45 PYT 2013: Web: seccion categorias
Sat May 25 20:55:45 PYT 2013: Asignando el template:
Sat May 25 20:57:17 PYT 2013: INCICIO SISTEMA
Sat May 25 20:57:17 PYT 2013: Seccion administracion 
Sat May 25 20:57:17 PYT 2013: Web: 
Sat May 25 20:57:17 PYT 2013: Web: seccion categorias
Sat May 25 20:57:17 PYT 2013: Asignando el template:
Sat May 25 20:58:55 PYT 2013: INCICIO SISTEMA
Sat May 25 20:58:55 PYT 2013: Seccion administracion 
Sat May 25 20:58:55 PYT 2013: Web: 
Sat May 25 20:58:55 PYT 2013: Web: seccion categorias
Sat May 25 20:58:55 PYT 2013: Asignando el template:
Sat May 25 21:02:56 PYT 2013: INCICIO SISTEMA
Sat May 25 21:02:56 PYT 2013: Seccion administracion 
Sat May 25 21:02:56 PYT 2013: Web: 
Sat May 25 21:02:56 PYT 2013: Web: seccion categorias
Sat May 25 21:02:56 PYT 2013: Asignando el template:
Sat May 25 21:03:10 PYT 2013: INCICIO SISTEMA
Sat May 25 21:03:10 PYT 2013: Seccion administracion 
Sat May 25 21:03:10 PYT 2013: Web: 
Sat May 25 21:03:10 PYT 2013: Web: seccion categorias
Sat May 25 21:03:10 PYT 2013: Asignando el template:
Sat May 25 21:03:19 PYT 2013: INCICIO SISTEMA
Sat May 25 21:03:19 PYT 2013: Seccion administracion 
Sat May 25 21:03:19 PYT 2013: Web: 
Sat May 25 21:03:19 PYT 2013: Web: seccion categorias
Sat May 25 21:03:19 PYT 2013: Asignando el template:
Sat May 25 21:03:37 PYT 2013: INCICIO SISTEMA
Sat May 25 21:03:37 PYT 2013: Seccion administracion 
Sat May 25 21:03:37 PYT 2013: Web: 
Sat May 25 21:03:37 PYT 2013: Web: seccion categorias
Sat May 25 21:03:37 PYT 2013: Asignando el template:
Sat May 25 21:05:36 PYT 2013: INCICIO SISTEMA
Sat May 25 21:05:36 PYT 2013: Seccion administracion 
Sat May 25 21:05:36 PYT 2013: Web: 
Sat May 25 21:05:36 PYT 2013: Web: seccion categorias
Sat May 25 21:05:36 PYT 2013: Asignando el template:
Sat May 25 21:05:38 PYT 2013: INCICIO SISTEMA
Sat May 25 21:05:38 PYT 2013: Seccion administracion 
Sat May 25 21:05:38 PYT 2013: Web: 
Sat May 25 21:05:38 PYT 2013: Web: seccion categorias
Sat May 25 21:05:38 PYT 2013: Asignando el template:
Sat May 25 21:06:47 PYT 2013: INCICIO SISTEMA
Sat May 25 21:06:47 PYT 2013: Seccion administracion 
Sat May 25 21:06:47 PYT 2013: Web: 
Sat May 25 21:06:47 PYT 2013: Web: seccion categorias
Sat May 25 21:06:47 PYT 2013: Asignando el template:
Sat May 25 21:06:55 PYT 2013: INCICIO SISTEMA
Sat May 25 21:06:55 PYT 2013: Seccion administracion 
Sat May 25 21:06:55 PYT 2013: Web: 
Sat May 25 21:06:55 PYT 2013: Web: menu principal 
Sat May 25 21:06:56 PYT 2013: INCICIO SISTEMA
Sat May 25 21:06:56 PYT 2013: Seccion administracion 
Sat May 25 21:06:56 PYT 2013: Web: 
Sat May 25 21:06:56 PYT 2013: Web: menu principal 
Sat May 25 21:06:56 PYT 2013: INCICIO SISTEMA
Sat May 25 21:06:56 PYT 2013: Seccion administracion 
Sat May 25 21:06:56 PYT 2013: Web: 
Sat May 25 21:06:56 PYT 2013: Web: menu principal 
Sat May 25 21:06:57 PYT 2013: INCICIO SISTEMA
Sat May 25 21:06:57 PYT 2013: Seccion administracion 
Sat May 25 21:06:57 PYT 2013: Web: 
Sat May 25 21:06:57 PYT 2013: Web: menu principal 
Sat May 25 21:06:57 PYT 2013: INCICIO SISTEMA
Sat May 25 21:06:57 PYT 2013: Seccion administracion 
Sat May 25 21:06:57 PYT 2013: Web: 
Sat May 25 21:06:57 PYT 2013: Web: menu principal 
Sat May 25 21:06:58 PYT 2013: INCICIO SISTEMA
Sat May 25 21:06:58 PYT 2013: Seccion administracion 
Sat May 25 21:06:58 PYT 2013: Web: 
Sat May 25 21:06:58 PYT 2013: Web: seccion categorias
Sat May 25 21:06:58 PYT 2013: Asignando el template:
Sat May 25 21:07:41 PYT 2013: INCICIO SISTEMA
Sat May 25 21:07:41 PYT 2013: Seccion administracion 
Sat May 25 21:07:41 PYT 2013: Web: 
Sat May 25 21:07:41 PYT 2013: Web: seccion categorias
Sat May 25 21:07:41 PYT 2013: Asignando el template:
Sat May 25 21:07:44 PYT 2013: INCICIO SISTEMA
Sat May 25 21:07:44 PYT 2013: Seccion administracion 
Sat May 25 21:07:44 PYT 2013: Web: 
Sat May 25 21:07:44 PYT 2013: Web: seccion categorias
Sat May 25 21:07:44 PYT 2013: Asignando el template:
Sat May 25 21:07:45 PYT 2013: INCICIO SISTEMA
Sat May 25 21:07:45 PYT 2013: Seccion administracion 
Sat May 25 21:07:45 PYT 2013: Web: 
Sat May 25 21:07:45 PYT 2013: Web: seccion categorias
Sat May 25 21:07:45 PYT 2013: Asignando el template:
Sat May 25 21:07:47 PYT 2013: INCICIO SISTEMA
Sat May 25 21:07:47 PYT 2013: Seccion administracion 
Sat May 25 21:07:47 PYT 2013: Web: 
Sat May 25 21:07:47 PYT 2013: Web: seccion categorias
Sat May 25 21:07:47 PYT 2013: Asignando el template:
Sat May 25 21:08:21 PYT 2013: INCICIO SISTEMA
Sat May 25 21:08:21 PYT 2013: Seccion administracion 
Sat May 25 21:08:21 PYT 2013: Web: 
Sat May 25 21:08:21 PYT 2013: Web: seccion categorias
Sat May 25 21:08:21 PYT 2013: Asignando el template:
Sat May 25 21:08:34 PYT 2013: INCICIO SISTEMA
Sat May 25 21:08:34 PYT 2013: Seccion administracion 
Sat May 25 21:08:34 PYT 2013: Web: 
Sat May 25 21:08:34 PYT 2013: Web: seccion categorias
Sat May 25 21:08:34 PYT 2013: Asignando el template:
Sat May 25 21:08:43 PYT 2013: INCICIO SISTEMA
Sat May 25 21:08:43 PYT 2013: Seccion administracion 
Sat May 25 21:08:43 PYT 2013: Web: 
Sat May 25 21:08:43 PYT 2013: Web: seccion categorias
Sat May 25 21:08:43 PYT 2013: Asignando el template:
Sat May 25 21:08:44 PYT 2013: INCICIO SISTEMA
Sat May 25 21:08:44 PYT 2013: Seccion administracion 
Sat May 25 21:08:44 PYT 2013: Web: 
Sat May 25 21:08:44 PYT 2013: Web: seccion categorias
Sat May 25 21:08:44 PYT 2013: Asignando el template:
Sat May 25 21:08:44 PYT 2013: INCICIO SISTEMA
Sat May 25 21:08:44 PYT 2013: Seccion administracion 
Sat May 25 21:08:44 PYT 2013: Web: 
Sat May 25 21:08:44 PYT 2013: Web: seccion categorias
Sat May 25 21:08:44 PYT 2013: Asignando el template:
Sat May 25 21:08:45 PYT 2013: INCICIO SISTEMA
Sat May 25 21:08:45 PYT 2013: Seccion administracion 
Sat May 25 21:08:45 PYT 2013: Web: 
Sat May 25 21:08:45 PYT 2013: Web: seccion categorias
Sat May 25 21:08:45 PYT 2013: Asignando el template:
Sat May 25 21:08:45 PYT 2013: INCICIO SISTEMA
Sat May 25 21:08:45 PYT 2013: Seccion administracion 
Sat May 25 21:08:45 PYT 2013: Web: 
Sat May 25 21:08:45 PYT 2013: Web: seccion categorias
Sat May 25 21:08:45 PYT 2013: Asignando el template:
Sat May 25 21:08:45 PYT 2013: INCICIO SISTEMA
Sat May 25 21:08:45 PYT 2013: Seccion administracion 
Sat May 25 21:08:45 PYT 2013: Web: 
Sat May 25 21:08:45 PYT 2013: Web: seccion categorias
Sat May 25 21:08:45 PYT 2013: Asignando el template:
Sat May 25 21:08:45 PYT 2013: INCICIO SISTEMA
Sat May 25 21:08:45 PYT 2013: Seccion administracion 
Sat May 25 21:08:45 PYT 2013: Web: 
Sat May 25 21:08:45 PYT 2013: Web: seccion categorias
Sat May 25 21:08:45 PYT 2013: Asignando el template:
Sat May 25 21:21:20 PYT 2013: INCICIO SISTEMA
Sat May 25 21:21:20 PYT 2013: Seccion administracion 
Sat May 25 21:21:20 PYT 2013: Web: 
Sat May 25 21:21:20 PYT 2013: Web: seccion categorias
Sat May 25 21:21:20 PYT 2013: Asignando el template:
Sat May 25 21:21:43 PYT 2013: INCICIO SISTEMA
Sat May 25 21:21:43 PYT 2013: Seccion administracion 
Sat May 25 21:21:43 PYT 2013: Web: 
Sat May 25 21:21:43 PYT 2013: Web: seccion categorias
Sat May 25 21:21:43 PYT 2013: Asignando el template:
