Tue May 28 0:08:25 PYT 2013: INCICIO SISTEMA
Tue May 28 0:08:25 PYT 2013: Seccion administracion 
Tue May 28 0:08:25 PYT 2013: Web: 
Tue May 28 0:08:25 PYT 2013: no agregar nada
Tue May 28 0:08:25 PYT 2013: BUSCAR_DOCUMENTOS
Tue May 28 0:08:25 PYT 2013: BUSCAR_DOCUMENTOS > Busqueda:
Tue May 28 0:08:25 PYT 2013: BUSCAR_DOCUMENTOS :

Tue May 28 0:08:27 PYT 2013: INCICIO SISTEMA
Tue May 28 0:08:27 PYT 2013: Seccion administracion 
Tue May 28 0:08:27 PYT 2013: Web: 
Tue May 28 0:08:27 PYT 2013: no agregar nada
Tue May 28 0:08:27 PYT 2013: BUSCAR_DOCUMENTOS
Tue May 28 0:08:27 PYT 2013: BUSCAR_DOCUMENTOS > Busqueda:
Tue May 28 0:08:27 PYT 2013: BUSCAR_DOCUMENTOS :

Tue May 28 0:08:57 PYT 2013: INCICIO SISTEMA
Tue May 28 0:08:57 PYT 2013: Seccion administracion 
Tue May 28 0:08:57 PYT 2013: Web: 
Tue May 28 0:08:57 PYT 2013: no agregar nada
Tue May 28 0:08:57 PYT 2013: BUSCAR_DOCUMENTOS
Tue May 28 0:08:57 PYT 2013: BUSCAR_DOCUMENTOS > Busqueda:
Tue May 28 0:08:57 PYT 2013: BUSCAR_DOCUMENTOS :

Tue May 28 0:09:23 PYT 2013: INCICIO SISTEMA
Tue May 28 0:09:23 PYT 2013: Seccion administracion 
Tue May 28 0:09:23 PYT 2013: Web: 
Tue May 28 0:09:23 PYT 2013: no agregar nada
Tue May 28 0:09:23 PYT 2013: BUSCAR_DOCUMENTOS
Tue May 28 0:09:23 PYT 2013: BUSCAR_DOCUMENTOS > Busqueda:
Tue May 28 0:09:23 PYT 2013: BUSCAR_DOCUMENTOS :

Tue May 28 0:09:42 PYT 2013: INCICIO SISTEMA
Tue May 28 0:09:42 PYT 2013: Seccion administracion 
Tue May 28 0:09:42 PYT 2013: Web: 
Tue May 28 0:09:42 PYT 2013: no agregar nada
Tue May 28 0:09:42 PYT 2013: BUSCAR_DOCUMENTOS
Tue May 28 0:09:42 PYT 2013: BUSCAR_DOCUMENTOS > Busqueda:
Tue May 28 0:09:42 PYT 2013: BUSCAR_DOCUMENTOS :

Tue May 28 0:09:46 PYT 2013: INCICIO SISTEMA
Tue May 28 0:09:46 PYT 2013: Seccion administracion 
Tue May 28 0:09:46 PYT 2013: Web: 
Tue May 28 0:09:46 PYT 2013: no agregar nada
Tue May 28 0:09:46 PYT 2013: BUSCAR_DOCUMENTOS
Tue May 28 0:09:46 PYT 2013: BUSCAR_DOCUMENTOS > Busqueda:
Tue May 28 0:09:46 PYT 2013: BUSCAR_DOCUMENTOS :

Tue May 28 0:10:43 PYT 2013: INCICIO SISTEMA
Tue May 28 0:10:43 PYT 2013: Seccion administracion 
Tue May 28 0:10:43 PYT 2013: Web: 
Tue May 28 0:10:43 PYT 2013: no agregar nada
Tue May 28 0:10:43 PYT 2013: BUSCAR_DOCUMENTOS
Tue May 28 0:10:43 PYT 2013: BUSCAR_DOCUMENTOS > Busqueda:
Tue May 28 0:10:43 PYT 2013: BUSCAR_DOCUMENTOS :

Tue May 28 0:10:51 PYT 2013: INCICIO SISTEMA
Tue May 28 0:10:51 PYT 2013: Seccion administracion 
Tue May 28 0:10:51 PYT 2013: Web: 
Tue May 28 0:10:51 PYT 2013: no agregar nada
Tue May 28 0:10:51 PYT 2013: BUSCAR_DOCUMENTOS
Tue May 28 0:10:51 PYT 2013: BUSCAR_DOCUMENTOS > Busqueda:
Tue May 28 0:10:51 PYT 2013: BUSCAR_DOCUMENTOS :

Tue May 28 0:35:07 PYT 2013: INCICIO SISTEMA
Tue May 28 0:35:07 PYT 2013: Seccion administracion 
Tue May 28 0:35:07 PYT 2013: Web: 
Tue May 28 0:35:07 PYT 2013: no agregar nada
Tue May 28 0:35:07 PYT 2013: BUSCAR_DOCUMENTOS
Tue May 28 0:35:07 PYT 2013: BUSCAR_DOCUMENTOS > Busqueda:
Tue May 28 0:35:07 PYT 2013: BUSCAR_DOCUMENTOS :

Tue May 28 0:35:08 PYT 2013: --- OPERACIONES --
Tue May 28 0:35:08 PYT 2013: --- OPERACIONES: Mostrar ABM Documentos--
Tue May 28 0:35:08 PYT 2013: no agregar nada
Tue May 28 0:35:08 PYT 2013: MTD_FORMULARIO_DOCUMENTOS :

Tue May 28 0:35:27 PYT 2013: --- OPERACIONES --
Tue May 28 0:35:27 PYT 2013: --- OPERACIONES: Mostrar ABM Documentos--
Tue May 28 0:35:27 PYT 2013: no agregar nada
Tue May 28 0:35:27 PYT 2013: MTD_FORMULARIO_DOCUMENTOS :

Tue May 28 0:40:41 PYT 2013: INCICIO SISTEMA
Tue May 28 0:40:41 PYT 2013: Seccion administracion 
Tue May 28 0:40:41 PYT 2013: Web: 
Tue May 28 0:40:41 PYT 2013: no agregar nada
Tue May 28 0:40:41 PYT 2013: BUSCAR_DOCUMENTOS
Tue May 28 0:40:41 PYT 2013: BUSCAR_DOCUMENTOS > Busqueda:
Tue May 28 0:40:41 PYT 2013: BUSCAR_DOCUMENTOS :

Tue May 28 0:40:42 PYT 2013: --- OPERACIONES --
Tue May 28 0:40:42 PYT 2013: --- OPERACIONES: Mostrar ABM Documentos--
Tue May 28 0:40:42 PYT 2013: no agregar nada
Tue May 28 0:40:42 PYT 2013: MTD_FORMULARIO_DOCUMENTOS :

Tue May 28 0:41:22 PYT 2013: INCICIO SISTEMA
Tue May 28 0:41:22 PYT 2013: Seccion administracion 
Tue May 28 0:41:22 PYT 2013: Web: 
Tue May 28 0:41:22 PYT 2013: no agregar nada
Tue May 28 0:41:22 PYT 2013: BUSCAR_DOCUMENTOS
Tue May 28 0:41:22 PYT 2013: BUSCAR_DOCUMENTOS > Busqueda:
Tue May 28 0:41:22 PYT 2013: BUSCAR_DOCUMENTOS :

Tue May 28 0:41:23 PYT 2013: --- OPERACIONES --
Tue May 28 0:41:23 PYT 2013: --- OPERACIONES: Mostrar ABM Documentos--
Tue May 28 0:41:23 PYT 2013: no agregar nada
Tue May 28 0:41:23 PYT 2013: MTD_FORMULARIO_DOCUMENTOS :

Tue May 28 0:42:10 PYT 2013: INCICIO SISTEMA
Tue May 28 0:42:10 PYT 2013: Seccion administracion 
Tue May 28 0:42:10 PYT 2013: Web: 
Tue May 28 0:42:10 PYT 2013: no agregar nada
Tue May 28 0:42:10 PYT 2013: BUSCAR_DOCUMENTOS
Tue May 28 0:42:10 PYT 2013: BUSCAR_DOCUMENTOS > Busqueda:
Tue May 28 0:42:10 PYT 2013: BUSCAR_DOCUMENTOS :

Tue May 28 0:44:58 PYT 2013: INCICIO SISTEMA
Tue May 28 0:44:58 PYT 2013: Seccion administracion 
Tue May 28 0:44:58 PYT 2013: Web: 
Tue May 28 0:44:58 PYT 2013: no agregar nada
Tue May 28 0:44:58 PYT 2013: BUSCAR_DOCUMENTOS
Tue May 28 0:44:58 PYT 2013: BUSCAR_DOCUMENTOS > Busqueda:
Tue May 28 0:44:58 PYT 2013: BUSCAR_DOCUMENTOS :

Tue May 28 0:44:59 PYT 2013: --- OPERACIONES --
Tue May 28 0:44:59 PYT 2013: --- OPERACIONES: Mostrar ABM Documentos--
Tue May 28 0:44:59 PYT 2013: no agregar nada
Tue May 28 0:44:59 PYT 2013: MTD_FORMULARIO_DOCUMENTOS :

Tue May 28 0:45:28 PYT 2013: INCICIO SISTEMA
Tue May 28 0:45:28 PYT 2013: Seccion administracion 
Tue May 28 0:45:28 PYT 2013: Web: 
Tue May 28 0:45:28 PYT 2013: no agregar nada
Tue May 28 0:45:28 PYT 2013: BUSCAR_DOCUMENTOS
Tue May 28 0:45:28 PYT 2013: BUSCAR_DOCUMENTOS > Busqueda:
Tue May 28 0:45:28 PYT 2013: BUSCAR_DOCUMENTOS :

Tue May 28 0:46:09 PYT 2013: INCICIO SISTEMA
Tue May 28 0:46:09 PYT 2013: Seccion administracion 
Tue May 28 0:46:09 PYT 2013: Web: 
Tue May 28 0:46:09 PYT 2013: no agregar nada
Tue May 28 0:46:09 PYT 2013: BUSCAR_DOCUMENTOS
Tue May 28 0:46:09 PYT 2013: BUSCAR_DOCUMENTOS > Busqueda:
Tue May 28 0:46:09 PYT 2013: BUSCAR_DOCUMENTOS :

Tue May 28 0:46:09 PYT 2013: --- OPERACIONES --
Tue May 28 0:46:09 PYT 2013: --- OPERACIONES: Mostrar ABM Documentos--
Tue May 28 0:46:09 PYT 2013: no agregar nada
Tue May 28 0:46:09 PYT 2013: MTD_FORMULARIO_DOCUMENTOS :

Tue May 28 0:46:20 PYT 2013: INCICIO SISTEMA
Tue May 28 0:46:20 PYT 2013: Seccion administracion 
Tue May 28 0:46:20 PYT 2013: Web: 
Tue May 28 0:46:20 PYT 2013: no agregar nada
Tue May 28 0:46:20 PYT 2013: BUSCAR_DOCUMENTOS
Tue May 28 0:46:20 PYT 2013: BUSCAR_DOCUMENTOS > Busqueda:
Tue May 28 0:46:20 PYT 2013: BUSCAR_DOCUMENTOS :

Tue May 28 0:46:21 PYT 2013: --- OPERACIONES --
Tue May 28 0:46:21 PYT 2013: --- OPERACIONES: Mostrar ABM Documentos--
Tue May 28 0:46:21 PYT 2013: no agregar nada
Tue May 28 0:46:21 PYT 2013: MTD_FORMULARIO_DOCUMENTOS :

Tue May 28 0:46:34 PYT 2013: INCICIO SISTEMA
Tue May 28 0:46:34 PYT 2013: Seccion administracion 
Tue May 28 0:46:34 PYT 2013: Web: 
Tue May 28 0:46:34 PYT 2013: no agregar nada
Tue May 28 0:46:34 PYT 2013: BUSCAR_DOCUMENTOS
Tue May 28 0:46:34 PYT 2013: BUSCAR_DOCUMENTOS > Busqueda:
Tue May 28 0:46:34 PYT 2013: BUSCAR_DOCUMENTOS :

Tue May 28 0:46:35 PYT 2013: --- OPERACIONES --
Tue May 28 0:46:35 PYT 2013: --- OPERACIONES: Mostrar ABM Documentos--
Tue May 28 0:46:35 PYT 2013: no agregar nada
Tue May 28 0:46:35 PYT 2013: MTD_FORMULARIO_DOCUMENTOS :

Tue May 28 0:46:47 PYT 2013: INCICIO SISTEMA
Tue May 28 0:46:47 PYT 2013: Seccion administracion 
Tue May 28 0:46:47 PYT 2013: Web: 
Tue May 28 0:46:47 PYT 2013: no agregar nada
Tue May 28 0:46:47 PYT 2013: BUSCAR_DOCUMENTOS
Tue May 28 0:46:47 PYT 2013: BUSCAR_DOCUMENTOS > Busqueda:
Tue May 28 0:46:47 PYT 2013: BUSCAR_DOCUMENTOS :

Tue May 28 0:46:47 PYT 2013: --- OPERACIONES --
Tue May 28 0:46:47 PYT 2013: --- OPERACIONES: Mostrar ABM Documentos--
Tue May 28 0:46:47 PYT 2013: no agregar nada
Tue May 28 0:46:47 PYT 2013: MTD_FORMULARIO_DOCUMENTOS :

Tue May 28 0:46:51 PYT 2013: --- OPERACIONES --
Tue May 28 0:46:51 PYT 2013: --- OPERACIONES: Mostrar ABM Documentos--
Tue May 28 0:46:51 PYT 2013: no agregar nada
Tue May 28 0:46:51 PYT 2013: MTD_FORMULARIO_DOCUMENTOS :

Tue May 28 0:47:04 PYT 2013: INCICIO SISTEMA
Tue May 28 0:47:04 PYT 2013: Seccion administracion 
Tue May 28 0:47:04 PYT 2013: Web: 
Tue May 28 0:47:04 PYT 2013: no agregar nada
Tue May 28 0:47:04 PYT 2013: BUSCAR_DOCUMENTOS
Tue May 28 0:47:04 PYT 2013: BUSCAR_DOCUMENTOS > Busqueda:
Tue May 28 0:47:04 PYT 2013: BUSCAR_DOCUMENTOS :

Tue May 28 0:47:05 PYT 2013: --- OPERACIONES --
Tue May 28 0:47:05 PYT 2013: --- OPERACIONES: Mostrar ABM Documentos--
Tue May 28 0:47:05 PYT 2013: no agregar nada
Tue May 28 0:47:05 PYT 2013: MTD_FORMULARIO_DOCUMENTOS :

Tue May 28 0:47:14 PYT 2013: INCICIO SISTEMA
Tue May 28 0:47:14 PYT 2013: Seccion administracion 
Tue May 28 0:47:14 PYT 2013: Web: 
Tue May 28 0:47:14 PYT 2013: no agregar nada
Tue May 28 0:47:14 PYT 2013: BUSCAR_DOCUMENTOS
Tue May 28 0:47:14 PYT 2013: BUSCAR_DOCUMENTOS > Busqueda:
Tue May 28 0:47:14 PYT 2013: BUSCAR_DOCUMENTOS :

Tue May 28 0:47:15 PYT 2013: --- OPERACIONES --
Tue May 28 0:47:15 PYT 2013: --- OPERACIONES: Mostrar ABM Documentos--
Tue May 28 0:47:15 PYT 2013: no agregar nada
Tue May 28 0:47:15 PYT 2013: MTD_FORMULARIO_DOCUMENTOS :

Tue May 28 0:47:25 PYT 2013: INCICIO SISTEMA
Tue May 28 0:47:25 PYT 2013: Seccion administracion 
Tue May 28 0:47:25 PYT 2013: Web: 
Tue May 28 0:47:25 PYT 2013: no agregar nada
Tue May 28 0:47:25 PYT 2013: BUSCAR_DOCUMENTOS
Tue May 28 0:47:25 PYT 2013: BUSCAR_DOCUMENTOS > Busqueda:
Tue May 28 0:47:25 PYT 2013: BUSCAR_DOCUMENTOS :

Tue May 28 0:47:26 PYT 2013: --- OPERACIONES --
Tue May 28 0:47:26 PYT 2013: --- OPERACIONES: Mostrar ABM Documentos--
Tue May 28 0:47:26 PYT 2013: no agregar nada
Tue May 28 0:47:26 PYT 2013: MTD_FORMULARIO_DOCUMENTOS :

Tue May 28 0:47:33 PYT 2013: INCICIO SISTEMA
Tue May 28 0:47:33 PYT 2013: Seccion administracion 
Tue May 28 0:47:33 PYT 2013: Web: 
Tue May 28 0:47:33 PYT 2013: no agregar nada
Tue May 28 0:47:33 PYT 2013: BUSCAR_DOCUMENTOS
Tue May 28 0:47:33 PYT 2013: BUSCAR_DOCUMENTOS > Busqueda:
Tue May 28 0:47:33 PYT 2013: BUSCAR_DOCUMENTOS :

Tue May 28 0:47:34 PYT 2013: --- OPERACIONES --
Tue May 28 0:47:34 PYT 2013: --- OPERACIONES: Mostrar ABM Documentos--
Tue May 28 0:47:34 PYT 2013: no agregar nada
Tue May 28 0:47:34 PYT 2013: MTD_FORMULARIO_DOCUMENTOS :

Tue May 28 0:47:39 PYT 2013: --- OPERACIONES --
Tue May 28 0:47:39 PYT 2013: --- OPERACIONES: Mostrar ABM Documentos--
Tue May 28 0:47:39 PYT 2013: no agregar nada
Tue May 28 0:47:39 PYT 2013: MTD_FORMULARIO_DOCUMENTOS :

Tue May 28 0:47:39 PYT 2013: INCICIO SISTEMA
Tue May 28 0:47:39 PYT 2013: Seccion administracion 
Tue May 28 0:47:39 PYT 2013: Web: 
Tue May 28 0:47:39 PYT 2013: no agregar nada
Tue May 28 0:47:39 PYT 2013: BUSCAR_DOCUMENTOS
Tue May 28 0:47:39 PYT 2013: BUSCAR_DOCUMENTOS > Busqueda:
Tue May 28 0:47:39 PYT 2013: BUSCAR_DOCUMENTOS :

Tue May 28 0:47:40 PYT 2013: INCICIO SISTEMA
Tue May 28 0:47:40 PYT 2013: Seccion administracion 
Tue May 28 0:47:40 PYT 2013: Web: 
Tue May 28 0:47:40 PYT 2013: no agregar nada
Tue May 28 0:47:40 PYT 2013: BUSCAR_DOCUMENTOS
Tue May 28 0:47:40 PYT 2013: BUSCAR_DOCUMENTOS > Busqueda:
Tue May 28 0:47:40 PYT 2013: BUSCAR_DOCUMENTOS :

Tue May 28 0:47:41 PYT 2013: --- OPERACIONES --
Tue May 28 0:47:41 PYT 2013: --- OPERACIONES: Mostrar ABM Documentos--
Tue May 28 0:47:41 PYT 2013: no agregar nada
Tue May 28 0:47:41 PYT 2013: MTD_FORMULARIO_DOCUMENTOS :

Tue May 28 0:47:49 PYT 2013: INCICIO SISTEMA
Tue May 28 0:47:49 PYT 2013: Seccion administracion 
Tue May 28 0:47:49 PYT 2013: Web: 
Tue May 28 0:47:49 PYT 2013: no agregar nada
Tue May 28 0:47:49 PYT 2013: BUSCAR_DOCUMENTOS
Tue May 28 0:47:49 PYT 2013: BUSCAR_DOCUMENTOS > Busqueda:
Tue May 28 0:47:49 PYT 2013: BUSCAR_DOCUMENTOS :

Tue May 28 0:47:50 PYT 2013: --- OPERACIONES --
Tue May 28 0:47:50 PYT 2013: --- OPERACIONES: Mostrar ABM Documentos--
Tue May 28 0:47:50 PYT 2013: no agregar nada
Tue May 28 0:47:50 PYT 2013: MTD_FORMULARIO_DOCUMENTOS :

Tue May 28 0:48:05 PYT 2013: INCICIO SISTEMA
Tue May 28 0:48:05 PYT 2013: Seccion administracion 
Tue May 28 0:48:05 PYT 2013: Web: 
Tue May 28 0:48:05 PYT 2013: no agregar nada
Tue May 28 0:48:05 PYT 2013: BUSCAR_DOCUMENTOS
Tue May 28 0:48:05 PYT 2013: BUSCAR_DOCUMENTOS > Busqueda:
Tue May 28 0:48:05 PYT 2013: BUSCAR_DOCUMENTOS :

Tue May 28 0:48:05 PYT 2013: --- OPERACIONES --
Tue May 28 0:48:05 PYT 2013: --- OPERACIONES: Mostrar ABM Documentos--
Tue May 28 0:48:05 PYT 2013: no agregar nada
Tue May 28 0:48:05 PYT 2013: MTD_FORMULARIO_DOCUMENTOS :

Tue May 28 0:48:08 PYT 2013: --- OPERACIONES --
Tue May 28 0:48:08 PYT 2013: --- OPERACIONES: Mostrar ABM Documentos--
Tue May 28 0:48:08 PYT 2013: no agregar nada
Tue May 28 0:48:08 PYT 2013: MTD_FORMULARIO_DOCUMENTOS :

Tue May 28 1:06:04 PYT 2013: INCICIO SISTEMA
Tue May 28 1:06:04 PYT 2013: Seccion administracion 
Tue May 28 1:06:04 PYT 2013: Web: 
Tue May 28 1:06:04 PYT 2013: no agregar nada
Tue May 28 1:06:04 PYT 2013: BUSCAR_DOCUMENTOS
Tue May 28 1:06:04 PYT 2013: BUSCAR_DOCUMENTOS > Busqueda:
Tue May 28 1:06:04 PYT 2013: BUSCAR_DOCUMENTOS :

Tue May 28 1:06:05 PYT 2013: --- OPERACIONES --
Tue May 28 1:06:05 PYT 2013: --- OPERACIONES: Mostrar ABM Documentos--
Tue May 28 1:06:05 PYT 2013: no agregar nada
Tue May 28 1:06:05 PYT 2013: MTD_FORMULARIO_DOCUMENTOS :

Tue May 28 1:06:05 PYT 2013: INCICIO SISTEMA
Tue May 28 1:06:18 PYT 2013: Upload Archivo:/tmp/php9pZ5Xo
Tue May 28 1:06:18 PYT 2013: Upload Archivo: Fie: _1369717578.pdf
Tue May 28 1:06:18 PYT 2013: Upload Archivo: INVALIDO
Tue May 28 1:13:35 PYT 2013: INCICIO SISTEMA
Tue May 28 1:13:35 PYT 2013: Seccion administracion 
Tue May 28 1:13:35 PYT 2013: Web: 
Tue May 28 1:13:35 PYT 2013: no agregar nada
Tue May 28 1:13:35 PYT 2013: BUSCAR_DOCUMENTOS
Tue May 28 1:13:35 PYT 2013: BUSCAR_DOCUMENTOS > Busqueda:
Tue May 28 1:13:35 PYT 2013: BUSCAR_DOCUMENTOS :

Tue May 28 1:13:49 PYT 2013: INCICIO SISTEMA
Tue May 28 1:13:49 PYT 2013: Seccion administracion 
Tue May 28 1:13:49 PYT 2013: Web: 
Tue May 28 1:13:49 PYT 2013: no agregar nada
Tue May 28 1:13:49 PYT 2013: BUSCAR_DOCUMENTOS
Tue May 28 1:13:49 PYT 2013: BUSCAR_DOCUMENTOS > Busqueda:
Tue May 28 1:13:49 PYT 2013: BUSCAR_DOCUMENTOS :

Tue May 28 1:13:50 PYT 2013: --- OPERACIONES --
Tue May 28 1:13:50 PYT 2013: --- OPERACIONES: Mostrar ABM Documentos--
Tue May 28 1:13:50 PYT 2013: no agregar nada
Tue May 28 1:13:50 PYT 2013: MTD_FORMULARIO_DOCUMENTOS :

Tue May 28 1:13:50 PYT 2013: INCICIO SISTEMA
Tue May 28 1:14:00 PYT 2013: --- OPERACIONES --
Tue May 28 1:14:00 PYT 2013: --- OPERACIONES: Mostrar ABM Documentos--
Tue May 28 1:14:00 PYT 2013: no agregar nada
Tue May 28 1:14:00 PYT 2013: MTD_FORMULARIO_DOCUMENTOS :

Tue May 28 1:14:00 PYT 2013: INCICIO SISTEMA
Tue May 28 1:14:40 PYT 2013: INCICIO SISTEMA
Tue May 28 1:14:40 PYT 2013: Seccion administracion 
Tue May 28 1:14:40 PYT 2013: Web: 
Tue May 28 1:14:40 PYT 2013: no agregar nada
Tue May 28 1:14:40 PYT 2013: BUSCAR_DOCUMENTOS
Tue May 28 1:14:40 PYT 2013: BUSCAR_DOCUMENTOS > Busqueda:
Tue May 28 1:14:40 PYT 2013: BUSCAR_DOCUMENTOS :

Tue May 28 1:14:41 PYT 2013: --- OPERACIONES --
Tue May 28 1:14:41 PYT 2013: --- OPERACIONES: Mostrar ABM Documentos--
Tue May 28 1:14:41 PYT 2013: no agregar nada
Tue May 28 1:14:41 PYT 2013: MTD_FORMULARIO_DOCUMENTOS :

Tue May 28 1:14:41 PYT 2013: INCICIO SISTEMA
Tue May 28 1:15:58 PYT 2013: --- OPERACIONES --
Tue May 28 1:15:58 PYT 2013: --- OPERACIONES: Mostrar ABM Documentos--
Tue May 28 1:15:58 PYT 2013: no agregar nada
Tue May 28 1:15:58 PYT 2013: MTD_FORMULARIO_DOCUMENTOS :

Tue May 28 1:15:58 PYT 2013: INCICIO SISTEMA
Tue May 28 1:16:28 PYT 2013: INCICIO SISTEMA
Tue May 28 1:16:28 PYT 2013: Seccion administracion 
Tue May 28 1:16:28 PYT 2013: Web: 
Tue May 28 1:16:28 PYT 2013: no agregar nada
Tue May 28 1:16:28 PYT 2013: BUSCAR_DOCUMENTOS
Tue May 28 1:16:28 PYT 2013: BUSCAR_DOCUMENTOS > Busqueda:
Tue May 28 1:16:28 PYT 2013: BUSCAR_DOCUMENTOS :

Tue May 28 1:16:29 PYT 2013: --- OPERACIONES --
Tue May 28 1:16:29 PYT 2013: --- OPERACIONES: Mostrar ABM Documentos--
Tue May 28 1:16:29 PYT 2013: no agregar nada
Tue May 28 1:16:29 PYT 2013: MTD_FORMULARIO_DOCUMENTOS :

Tue May 28 1:16:29 PYT 2013: INCICIO SISTEMA
Tue May 28 1:17:51 PYT 2013: INCICIO SISTEMA
Tue May 28 1:17:51 PYT 2013: Seccion administracion 
Tue May 28 1:17:51 PYT 2013: Web: 
Tue May 28 1:17:51 PYT 2013: no agregar nada
Tue May 28 1:17:51 PYT 2013: BUSCAR_DOCUMENTOS
Tue May 28 1:17:51 PYT 2013: BUSCAR_DOCUMENTOS > Busqueda:
Tue May 28 1:17:51 PYT 2013: BUSCAR_DOCUMENTOS :

Tue May 28 1:17:52 PYT 2013: --- OPERACIONES --
Tue May 28 1:17:52 PYT 2013: --- OPERACIONES: Mostrar ABM Documentos--
Tue May 28 1:17:52 PYT 2013: no agregar nada
Tue May 28 1:17:52 PYT 2013: MTD_FORMULARIO_DOCUMENTOS :

Tue May 28 1:17:52 PYT 2013: INCICIO SISTEMA
Tue May 28 1:18:27 PYT 2013: --- OPERACIONES --
Tue May 28 1:18:27 PYT 2013: --- OPERACIONES: Mostrar ABM Documentos--
Tue May 28 1:18:27 PYT 2013: no agregar nada
Tue May 28 1:18:27 PYT 2013: MTD_FORMULARIO_DOCUMENTOS :

Tue May 28 1:18:27 PYT 2013: INCICIO SISTEMA
Tue May 28 1:18:35 PYT 2013: INCICIO SISTEMA
Tue May 28 1:18:35 PYT 2013: Seccion administracion 
Tue May 28 1:18:35 PYT 2013: Web: 
Tue May 28 1:18:35 PYT 2013: no agregar nada
Tue May 28 1:18:35 PYT 2013: BUSCAR_DOCUMENTOS
Tue May 28 1:18:35 PYT 2013: BUSCAR_DOCUMENTOS > Busqueda:
Tue May 28 1:18:35 PYT 2013: BUSCAR_DOCUMENTOS :

Tue May 28 1:18:36 PYT 2013: --- OPERACIONES --
Tue May 28 1:18:36 PYT 2013: --- OPERACIONES: Mostrar ABM Documentos--
Tue May 28 1:18:36 PYT 2013: no agregar nada
Tue May 28 1:18:36 PYT 2013: MTD_FORMULARIO_DOCUMENTOS :

Tue May 28 1:18:36 PYT 2013: INCICIO SISTEMA
Tue May 28 1:18:54 PYT 2013: --- OPERACIONES --
Tue May 28 1:18:54 PYT 2013: --- OPERACIONES: Mostrar ABM Documentos--
Tue May 28 1:18:54 PYT 2013: no agregar nada
Tue May 28 1:18:54 PYT 2013: MTD_FORMULARIO_DOCUMENTOS :

Tue May 28 1:18:54 PYT 2013: INCICIO SISTEMA
Tue May 28 1:19:17 PYT 2013: --- OPERACIONES --
Tue May 28 1:19:17 PYT 2013: --- OPERACIONES: Mostrar ABM Documentos--
Tue May 28 1:19:17 PYT 2013: no agregar nada
Tue May 28 1:19:17 PYT 2013: MTD_FORMULARIO_DOCUMENTOS :

Tue May 28 1:19:17 PYT 2013: INCICIO SISTEMA
Tue May 28 1:19:25 PYT 2013: --- OPERACIONES --
Tue May 28 1:19:25 PYT 2013: --- OPERACIONES: Mostrar ABM Documentos--
Tue May 28 1:19:25 PYT 2013: no agregar nada
Tue May 28 1:19:25 PYT 2013: MTD_FORMULARIO_DOCUMENTOS :

Tue May 28 1:19:25 PYT 2013: INCICIO SISTEMA
Tue May 28 1:19:46 PYT 2013: --- OPERACIONES --
Tue May 28 1:19:46 PYT 2013: --- OPERACIONES: Mostrar ABM Documentos--
Tue May 28 1:19:46 PYT 2013: no agregar nada
Tue May 28 1:19:46 PYT 2013: MTD_FORMULARIO_DOCUMENTOS :

Tue May 28 1:19:47 PYT 2013: INCICIO SISTEMA
Tue May 28 1:19:55 PYT 2013: INCICIO SISTEMA
Tue May 28 1:19:55 PYT 2013: Seccion administracion 
Tue May 28 1:19:55 PYT 2013: Web: 
Tue May 28 1:19:55 PYT 2013: no agregar nada
Tue May 28 1:19:55 PYT 2013: BUSCAR_DOCUMENTOS
Tue May 28 1:19:55 PYT 2013: BUSCAR_DOCUMENTOS > Busqueda:
Tue May 28 1:19:55 PYT 2013: BUSCAR_DOCUMENTOS :

Tue May 28 1:19:56 PYT 2013: --- OPERACIONES --
Tue May 28 1:19:56 PYT 2013: --- OPERACIONES: Mostrar ABM Documentos--
Tue May 28 1:19:56 PYT 2013: no agregar nada
Tue May 28 1:19:56 PYT 2013: MTD_FORMULARIO_DOCUMENTOS :

Tue May 28 1:19:56 PYT 2013: INCICIO SISTEMA
Tue May 28 1:19:59 PYT 2013: Upload Archivo:/tmp/php20gnQy
Tue May 28 1:19:59 PYT 2013: Upload Archivo: Fie: _1369718399.pdf
Tue May 28 1:19:59 PYT 2013: Upload Archivo: INVALIDO
Tue May 28 1:20:27 PYT 2013: --- OPERACIONES --
Tue May 28 1:20:27 PYT 2013: --- OPERACIONES: Mostrar ABM Documentos--
Tue May 28 1:20:27 PYT 2013: no agregar nada
Tue May 28 1:20:27 PYT 2013: MTD_FORMULARIO_DOCUMENTOS :

Tue May 28 1:20:27 PYT 2013: INCICIO SISTEMA
Tue May 28 1:20:31 PYT 2013: Upload Archivo:/tmp/phpYKx4r3
Tue May 28 1:20:31 PYT 2013: Upload Archivo: Fie: _1369718431.pdf
Tue May 28 1:20:31 PYT 2013: Upload Archivo: INVALIDO
Tue May 28 1:20:46 PYT 2013: --- OPERACIONES --
Tue May 28 1:20:49 PYT 2013: --- OPERACIONES --
Tue May 28 1:20:52 PYT 2013: INCICIO SISTEMA
Tue May 28 1:20:52 PYT 2013: Seccion administracion 
Tue May 28 1:20:52 PYT 2013: Web: 
Tue May 28 1:20:52 PYT 2013: no agregar nada
Tue May 28 1:20:52 PYT 2013: BUSCAR_DOCUMENTOS
Tue May 28 1:20:52 PYT 2013: BUSCAR_DOCUMENTOS > Busqueda:
Tue May 28 1:20:52 PYT 2013: BUSCAR_DOCUMENTOS :

Tue May 28 1:21:06 PYT 2013: --- OPERACIONES --
Tue May 28 1:21:06 PYT 2013: --- OPERACIONES: Mostrar ABM Documentos--
Tue May 28 1:21:06 PYT 2013: no agregar nada
Tue May 28 1:21:06 PYT 2013: MTD_FORMULARIO_DOCUMENTOS :

Tue May 28 1:21:07 PYT 2013: INCICIO SISTEMA
Tue May 28 1:21:19 PYT 2013: Upload Archivo:/tmp/phpJRUThY
Tue May 28 1:21:19 PYT 2013: Upload Archivo: Fie: _1369718479.pdf
Tue May 28 1:21:19 PYT 2013: Upload Archivo: FAIL
Tue May 28 1:21:36 PYT 2013: --- OPERACIONES --
