Sun Jun 16 11:51:51 PYT 2013: INCICIO SISTEMA
Sun Jun 16 11:51:51 PYT 2013: CLASS_LISTA_DOCUMENTOS Inicializar
Sun Jun 16 11:52:07 PYT 2013: INCICIO SISTEMA
Sun Jun 16 11:52:07 PYT 2013: Seccion administracion 
Sun Jun 16 11:52:07 PYT 2013: Web: 
Sun Jun 16 11:52:07 PYT 2013: Web: menu principal 
Sun Jun 16 11:52:09 PYT 2013: INCICIO SISTEMA
Sun Jun 16 11:52:09 PYT 2013: Seccion administracion 
Sun Jun 16 11:52:09 PYT 2013: Web: 
Sun Jun 16 11:52:09 PYT 2013: Web: seccion subcategorias
Sun Jun 16 11:52:09 PYT 2013: Asignando el template:
Sun Jun 16 11:52:09 PYT 2013: INCICIO SISTEMA
Sun Jun 16 11:52:09 PYT 2013: Seccion administracion 
Sun Jun 16 11:52:09 PYT 2013: Web: 
Sun Jun 16 11:52:09 PYT 2013: BUSCAR_DOCUMENTOS
Sun Jun 16 11:52:09 PYT 2013: BUSCAR_DOCUMENTOS > Busqueda:
Sun Jun 16 11:52:09 PYT 2013: BUSCAR_DOCUMENTOS :

Sun Jun 16 11:52:10 PYT 2013: INCICIO SISTEMA
Sun Jun 16 11:52:10 PYT 2013: Seccion administracion 
Sun Jun 16 11:52:10 PYT 2013: Web: 
Sun Jun 16 11:52:10 PYT 2013: Web: menu principal 
Sun Jun 16 11:52:11 PYT 2013: INCICIO SISTEMA
Sun Jun 16 11:52:11 PYT 2013: Seccion administracion 
Sun Jun 16 11:52:11 PYT 2013: Web: 
Sun Jun 16 11:52:11 PYT 2013: Web: seccion categorias
Sun Jun 16 11:52:12 PYT 2013: Asignando el template:
Sun Jun 16 11:56:11 PYT 2013: INCICIO SISTEMA
Sun Jun 16 11:56:11 PYT 2013: CLASS_LISTA_DOCUMENTOS Inicializar
Sun Jun 16 12:19:24 PYT 2013: INCICIO SISTEMA
Sun Jun 16 12:19:24 PYT 2013: CLASS_LISTA_DOCUMENTOS Inicializar
Sun Jun 16 12:22:09 PYT 2013: INCICIO SISTEMA
Sun Jun 16 12:22:09 PYT 2013: Seccion administracion 
Sun Jun 16 12:22:09 PYT 2013: Web: 
Sun Jun 16 12:22:09 PYT 2013: Web: menu principal 
Sun Jun 16 12:22:11 PYT 2013: INCICIO SISTEMA
Sun Jun 16 12:22:11 PYT 2013: Seccion administracion 
Sun Jun 16 12:22:11 PYT 2013: Web: 
Sun Jun 16 12:22:11 PYT 2013: BUSCAR_DOCUMENTOS
Sun Jun 16 12:22:11 PYT 2013: BUSCAR_DOCUMENTOS > Busqueda:
Sun Jun 16 12:22:11 PYT 2013: BUSCAR_DOCUMENTOS :

Sun Jun 16 12:22:17 PYT 2013: INCICIO SISTEMA
Sun Jun 16 12:22:17 PYT 2013: Seccion administracion 
Sun Jun 16 12:22:17 PYT 2013: Web: 
Sun Jun 16 12:22:17 PYT 2013: BUSCAR_DOCUMENTOS
Sun Jun 16 12:22:17 PYT 2013: BUSCAR_DOCUMENTOS > Busqueda:
Sun Jun 16 12:22:17 PYT 2013: BUSCAR_DOCUMENTOS :

Sun Jun 16 12:22:19 PYT 2013: INCICIO SISTEMA
Sun Jun 16 12:22:19 PYT 2013: Seccion administracion 
Sun Jun 16 12:22:19 PYT 2013: Web: 
Sun Jun 16 12:22:19 PYT 2013: BUSCAR_DOCUMENTOS
Sun Jun 16 12:22:19 PYT 2013: BUSCAR_DOCUMENTOS > Busqueda:
Sun Jun 16 12:22:19 PYT 2013: BUSCAR_DOCUMENTOS :

Sun Jun 16 12:22:23 PYT 2013: --- OPERACIONES --
Sun Jun 16 12:22:23 PYT 2013: --- OPERACIONES: Mostrar ABM Documentos--
Sun Jun 16 12:22:23 PYT 2013: MTD_FORMULARIO_DOCUMENTOS :

Sun Jun 16 12:22:24 PYT 2013: INCICIO SISTEMA
Sun Jun 16 12:22:24 PYT 2013: CLASS_LISTA_DOCUMENTOS Inicializar
Sun Jun 16 12:22:26 PYT 2013: INCICIO SISTEMA
Sun Jun 16 12:22:26 PYT 2013: Seccion administracion 
Sun Jun 16 12:22:26 PYT 2013: Web: 
Sun Jun 16 12:22:26 PYT 2013: Web: seccion categorias
Sun Jun 16 12:22:26 PYT 2013: Asignando el template:
Sun Jun 16 12:22:57 PYT 2013: INCICIO SISTEMA
Sun Jun 16 12:22:57 PYT 2013: Seccion administracion 
Sun Jun 16 12:22:57 PYT 2013: Web: 
Sun Jun 16 12:22:57 PYT 2013: Web: seccion categorias
Sun Jun 16 12:22:57 PYT 2013: Asignando el template:
Sun Jun 16 12:23:04 PYT 2013: INCICIO SISTEMA
Sun Jun 16 12:23:04 PYT 2013: Seccion administracion 
Sun Jun 16 12:23:04 PYT 2013: Web: 
Sun Jun 16 12:23:04 PYT 2013: Web: seccion categorias
Sun Jun 16 12:23:04 PYT 2013: Asignando el template:
Sun Jun 16 12:23:35 PYT 2013: INCICIO SISTEMA
Sun Jun 16 12:23:35 PYT 2013: Seccion administracion 
Sun Jun 16 12:23:35 PYT 2013: Web: 
Sun Jun 16 12:23:35 PYT 2013: Web: seccion categorias
Sun Jun 16 12:23:35 PYT 2013: Asignando el template:
Sun Jun 16 12:25:31 PYT 2013: INCICIO SISTEMA
Sun Jun 16 12:25:31 PYT 2013: Seccion administracion 
Sun Jun 16 12:25:31 PYT 2013: Web: 
Sun Jun 16 12:25:31 PYT 2013: BUSCAR_DOCUMENTOS
Sun Jun 16 12:25:31 PYT 2013: BUSCAR_DOCUMENTOS > Busqueda:
Sun Jun 16 12:25:31 PYT 2013: BUSCAR_DOCUMENTOS :

Sun Jun 16 12:25:36 PYT 2013: INCICIO SISTEMA
Sun Jun 16 12:25:36 PYT 2013: CLASS_LISTA_DOCUMENTOS Inicializar
Sun Jun 16 12:50:13 PYT 2013: INCICIO SISTEMA
Sun Jun 16 12:50:13 PYT 2013: CLASS_LISTA_DOCUMENTOS Inicializar
Sun Jun 16 12:53:23 PYT 2013: INCICIO SISTEMA
Sun Jun 16 12:53:23 PYT 2013: CLASS_LISTA_DOCUMENTOS Inicializar
Sun Jun 16 12:53:55 PYT 2013: INCICIO SISTEMA
Sun Jun 16 12:53:55 PYT 2013: CLASS_LISTA_DOCUMENTOS Inicializar
Sun Jun 16 12:54:46 PYT 2013: INCICIO SISTEMA
Sun Jun 16 12:54:46 PYT 2013: CLASS_LISTA_DOCUMENTOS Inicializar
Sun Jun 16 12:54:55 PYT 2013: INCICIO SISTEMA
Sun Jun 16 12:54:55 PYT 2013: CLASS_LISTA_DOCUMENTOS Inicializar
Sun Jun 16 13:03:44 PYT 2013: INCICIO SISTEMA
Sun Jun 16 13:03:44 PYT 2013: CLASS_LISTA_DOCUMENTOS Inicializar
Sun Jun 16 13:04:02 PYT 2013: INCICIO SISTEMA
Sun Jun 16 13:04:02 PYT 2013: CLASS_LISTA_DOCUMENTOS Inicializar
Sun Jun 16 13:05:14 PYT 2013: INCICIO SISTEMA
Sun Jun 16 13:05:14 PYT 2013: CLASS_LISTA_DOCUMENTOS Inicializar
Sun Jun 16 13:14:44 PYT 2013: INCICIO SISTEMA
Sun Jun 16 13:14:44 PYT 2013: CLASS_LISTA_DOCUMENTOS Inicializar
Sun Jun 16 13:34:03 PYT 2013: INCICIO SISTEMA
Sun Jun 16 13:34:03 PYT 2013: CLASS_LISTA_DOCUMENTOS Inicializar
Sun Jun 16 13:34:27 PYT 2013: INCICIO SISTEMA
Sun Jun 16 13:34:27 PYT 2013: CLASS_LISTA_DOCUMENTOS Inicializar
Sun Jun 16 13:35:04 PYT 2013: INCICIO SISTEMA
Sun Jun 16 13:35:04 PYT 2013: CLASS_LISTA_DOCUMENTOS Inicializar
Sun Jun 16 13:36:13 PYT 2013: INCICIO SISTEMA
Sun Jun 16 13:36:13 PYT 2013: CLASS_LISTA_DOCUMENTOS Inicializar
Sun Jun 16 13:37:44 PYT 2013: INCICIO SISTEMA
Sun Jun 16 13:37:44 PYT 2013: CLASS_LISTA_DOCUMENTOS Inicializar
Sun Jun 16 13:39:09 PYT 2013: INCICIO SISTEMA
Sun Jun 16 13:39:09 PYT 2013: CLASS_LISTA_DOCUMENTOS Inicializar
Sun Jun 16 13:41:01 PYT 2013: INCICIO SISTEMA
Sun Jun 16 13:41:01 PYT 2013: CLASS_LISTA_DOCUMENTOS Inicializar
Sun Jun 16 13:41:49 PYT 2013: INCICIO SISTEMA
Sun Jun 16 13:41:49 PYT 2013: CLASS_LISTA_DOCUMENTOS Inicializar
Sun Jun 16 13:42:12 PYT 2013: INCICIO SISTEMA
Sun Jun 16 13:42:12 PYT 2013: CLASS_LISTA_DOCUMENTOS Inicializar
Sun Jun 16 13:42:20 PYT 2013: INCICIO SISTEMA
Sun Jun 16 13:42:20 PYT 2013: Seccion administracion 
Sun Jun 16 13:42:20 PYT 2013: Web: 
Sun Jun 16 13:42:20 PYT 2013: Web: menu principal 
Sun Jun 16 13:42:21 PYT 2013: INCICIO SISTEMA
Sun Jun 16 13:42:21 PYT 2013: Seccion administracion 
Sun Jun 16 13:42:21 PYT 2013: Web: 
Sun Jun 16 13:42:21 PYT 2013: Web: seccion categorias
Sun Jun 16 13:42:21 PYT 2013: Asignando el template:
Sun Jun 16 13:43:25 PYT 2013: INCICIO SISTEMA
Sun Jun 16 13:43:25 PYT 2013: Seccion administracion 
Sun Jun 16 13:43:25 PYT 2013: Web: 
Sun Jun 16 13:43:25 PYT 2013: Web: seccion categorias
Sun Jun 16 13:43:25 PYT 2013: Asignando el template:
Sun Jun 16 13:43:38 PYT 2013: INCICIO SISTEMA
Sun Jun 16 13:43:38 PYT 2013: Seccion administracion 
Sun Jun 16 13:43:38 PYT 2013: Web: 
Sun Jun 16 13:43:38 PYT 2013: BUSCAR_DOCUMENTOS
Sun Jun 16 13:43:38 PYT 2013: BUSCAR_DOCUMENTOS > Busqueda:
Sun Jun 16 13:43:38 PYT 2013: BUSCAR_DOCUMENTOS :

Sun Jun 16 13:44:16 PYT 2013: INCICIO SISTEMA
Sun Jun 16 13:44:16 PYT 2013: Seccion administracion 
Sun Jun 16 13:44:16 PYT 2013: Web: 
Sun Jun 16 13:44:16 PYT 2013: BUSCAR_DOCUMENTOS
Sun Jun 16 13:44:16 PYT 2013: BUSCAR_DOCUMENTOS > Busqueda:
Sun Jun 16 13:44:16 PYT 2013: BUSCAR_DOCUMENTOS :

Sun Jun 16 14:41:30 PYT 2013: INCICIO SISTEMA
Sun Jun 16 14:41:30 PYT 2013: Seccion administracion 
Sun Jun 16 14:41:30 PYT 2013: Web: 
Sun Jun 16 14:41:30 PYT 2013: BUSCAR_DOCUMENTOS
Sun Jun 16 14:41:30 PYT 2013: BUSCAR_DOCUMENTOS > Busqueda:
Sun Jun 16 14:41:30 PYT 2013: BUSCAR_DOCUMENTOS :

Sun Jun 16 14:42:34 PYT 2013: INCICIO SISTEMA
Sun Jun 16 14:42:34 PYT 2013: Seccion administracion 
Sun Jun 16 14:42:34 PYT 2013: Web: 
Sun Jun 16 14:42:34 PYT 2013: BUSCAR_DOCUMENTOS
Sun Jun 16 14:42:34 PYT 2013: BUSCAR_DOCUMENTOS > Busqueda:
Sun Jun 16 14:42:34 PYT 2013: BUSCAR_DOCUMENTOS :

Sun Jun 16 14:44:40 PYT 2013: INCICIO SISTEMA
Sun Jun 16 14:44:40 PYT 2013: Seccion administracion 
Sun Jun 16 14:44:40 PYT 2013: Web: 
Sun Jun 16 14:44:40 PYT 2013: BUSCAR_DOCUMENTOS
Sun Jun 16 14:44:40 PYT 2013: BUSCAR_DOCUMENTOS > Busqueda:
Sun Jun 16 14:44:40 PYT 2013: BUSCAR_DOCUMENTOS :

Sun Jun 16 14:45:12 PYT 2013: INCICIO SISTEMA
Sun Jun 16 14:45:12 PYT 2013: Seccion administracion 
Sun Jun 16 14:45:12 PYT 2013: Web: 
Sun Jun 16 14:45:12 PYT 2013: BUSCAR_DOCUMENTOS
Sun Jun 16 14:45:12 PYT 2013: BUSCAR_DOCUMENTOS > Busqueda:
Sun Jun 16 14:45:12 PYT 2013: BUSCAR_DOCUMENTOS :

Sun Jun 16 14:45:20 PYT 2013: INCICIO SISTEMA
Sun Jun 16 14:45:20 PYT 2013: Seccion administracion 
Sun Jun 16 14:45:20 PYT 2013: Web: 
Sun Jun 16 14:45:20 PYT 2013: BUSCAR_DOCUMENTOS
Sun Jun 16 14:45:20 PYT 2013: BUSCAR_DOCUMENTOS > Busqueda:
Sun Jun 16 14:45:20 PYT 2013: BUSCAR_DOCUMENTOS :

Sun Jun 16 14:45:44 PYT 2013: INCICIO SISTEMA
Sun Jun 16 14:45:44 PYT 2013: Seccion administracion 
Sun Jun 16 14:45:44 PYT 2013: Web: 
Sun Jun 16 14:45:44 PYT 2013: BUSCAR_DOCUMENTOS
Sun Jun 16 14:45:44 PYT 2013: BUSCAR_DOCUMENTOS > Busqueda:
Sun Jun 16 14:45:44 PYT 2013: BUSCAR_DOCUMENTOS :

Sun Jun 16 14:46:00 PYT 2013: INCICIO SISTEMA
Sun Jun 16 14:46:00 PYT 2013: Seccion administracion 
Sun Jun 16 14:46:00 PYT 2013: Web: 
Sun Jun 16 14:46:00 PYT 2013: BUSCAR_DOCUMENTOS
Sun Jun 16 14:46:00 PYT 2013: BUSCAR_DOCUMENTOS > Busqueda:
Sun Jun 16 14:46:00 PYT 2013: BUSCAR_DOCUMENTOS :

Sun Jun 16 14:46:44 PYT 2013: INCICIO SISTEMA
Sun Jun 16 14:46:44 PYT 2013: Seccion administracion 
Sun Jun 16 14:46:44 PYT 2013: Web: 
Sun Jun 16 14:46:44 PYT 2013: BUSCAR_DOCUMENTOS
Sun Jun 16 14:46:44 PYT 2013: BUSCAR_DOCUMENTOS > Busqueda:
Sun Jun 16 14:46:44 PYT 2013: BUSCAR_DOCUMENTOS :

Sun Jun 16 14:46:52 PYT 2013: INCICIO SISTEMA
Sun Jun 16 14:46:52 PYT 2013: Seccion administracion 
Sun Jun 16 14:46:52 PYT 2013: Web: 
Sun Jun 16 14:46:52 PYT 2013: BUSCAR_DOCUMENTOS
Sun Jun 16 14:46:52 PYT 2013: BUSCAR_DOCUMENTOS > Busqueda:
Sun Jun 16 14:46:52 PYT 2013: BUSCAR_DOCUMENTOS :

Sun Jun 16 14:47:16 PYT 2013: INCICIO SISTEMA
Sun Jun 16 14:47:16 PYT 2013: Seccion administracion 
Sun Jun 16 14:47:16 PYT 2013: Web: 
Sun Jun 16 14:47:16 PYT 2013: BUSCAR_DOCUMENTOS
Sun Jun 16 14:47:16 PYT 2013: BUSCAR_DOCUMENTOS > Busqueda:
Sun Jun 16 14:47:16 PYT 2013: BUSCAR_DOCUMENTOS :

Sun Jun 16 14:48:29 PYT 2013: INCICIO SISTEMA
Sun Jun 16 14:48:29 PYT 2013: Seccion administracion 
Sun Jun 16 14:48:29 PYT 2013: Web: 
Sun Jun 16 14:48:29 PYT 2013: BUSCAR_DOCUMENTOS
Sun Jun 16 14:48:29 PYT 2013: BUSCAR_DOCUMENTOS > Busqueda:
Sun Jun 16 14:48:29 PYT 2013: BUSCAR_DOCUMENTOS :

Sun Jun 16 14:50:10 PYT 2013: INCICIO SISTEMA
Sun Jun 16 14:50:10 PYT 2013: Seccion administracion 
Sun Jun 16 14:50:10 PYT 2013: Web: 
Sun Jun 16 14:50:10 PYT 2013: BUSCAR_DOCUMENTOS
Sun Jun 16 14:50:10 PYT 2013: BUSCAR_DOCUMENTOS > Busqueda:
Sun Jun 16 14:50:10 PYT 2013: BUSCAR_DOCUMENTOS :

Sun Jun 16 14:50:24 PYT 2013: INCICIO SISTEMA
Sun Jun 16 14:50:24 PYT 2013: Seccion administracion 
Sun Jun 16 14:50:24 PYT 2013: Web: 
Sun Jun 16 14:50:24 PYT 2013: BUSCAR_DOCUMENTOS
Sun Jun 16 14:50:24 PYT 2013: BUSCAR_DOCUMENTOS > Busqueda:
Sun Jun 16 14:50:24 PYT 2013: BUSCAR_DOCUMENTOS :

Sun Jun 16 14:50:31 PYT 2013: INCICIO SISTEMA
Sun Jun 16 14:50:31 PYT 2013: Seccion administracion 
Sun Jun 16 14:50:31 PYT 2013: Web: 
Sun Jun 16 14:50:31 PYT 2013: BUSCAR_DOCUMENTOS
Sun Jun 16 14:50:31 PYT 2013: BUSCAR_DOCUMENTOS > Busqueda:
Sun Jun 16 14:50:31 PYT 2013: BUSCAR_DOCUMENTOS :

Sun Jun 16 14:51:29 PYT 2013: INCICIO SISTEMA
Sun Jun 16 14:51:29 PYT 2013: Seccion administracion 
Sun Jun 16 14:51:29 PYT 2013: Web: 
Sun Jun 16 14:51:29 PYT 2013: BUSCAR_DOCUMENTOS
Sun Jun 16 14:51:29 PYT 2013: BUSCAR_DOCUMENTOS > Busqueda:
Sun Jun 16 14:51:29 PYT 2013: BUSCAR_DOCUMENTOS :

Sun Jun 16 14:51:56 PYT 2013: INCICIO SISTEMA
Sun Jun 16 14:51:56 PYT 2013: Seccion administracion 
Sun Jun 16 14:51:56 PYT 2013: Web: 
Sun Jun 16 14:51:56 PYT 2013: BUSCAR_DOCUMENTOS
Sun Jun 16 14:51:56 PYT 2013: BUSCAR_DOCUMENTOS > Busqueda:
Sun Jun 16 14:51:56 PYT 2013: BUSCAR_DOCUMENTOS :

Sun Jun 16 14:52:06 PYT 2013: INCICIO SISTEMA
Sun Jun 16 14:52:06 PYT 2013: Seccion administracion 
Sun Jun 16 14:52:06 PYT 2013: Web: 
Sun Jun 16 14:52:06 PYT 2013: BUSCAR_DOCUMENTOS
Sun Jun 16 14:52:06 PYT 2013: BUSCAR_DOCUMENTOS > Busqueda:
Sun Jun 16 14:52:06 PYT 2013: BUSCAR_DOCUMENTOS :

Sun Jun 16 14:52:19 PYT 2013: INCICIO SISTEMA
Sun Jun 16 14:52:19 PYT 2013: Seccion administracion 
Sun Jun 16 14:52:19 PYT 2013: Web: 
Sun Jun 16 14:52:19 PYT 2013: BUSCAR_DOCUMENTOS
Sun Jun 16 14:52:19 PYT 2013: BUSCAR_DOCUMENTOS > Busqueda:
Sun Jun 16 14:52:19 PYT 2013: BUSCAR_DOCUMENTOS :

Sun Jun 16 14:52:28 PYT 2013: INCICIO SISTEMA
Sun Jun 16 14:52:28 PYT 2013: Seccion administracion 
Sun Jun 16 14:52:28 PYT 2013: Web: 
Sun Jun 16 14:52:28 PYT 2013: BUSCAR_DOCUMENTOS
Sun Jun 16 14:52:28 PYT 2013: BUSCAR_DOCUMENTOS > Busqueda:
Sun Jun 16 14:52:28 PYT 2013: BUSCAR_DOCUMENTOS :

Sun Jun 16 14:52:36 PYT 2013: INCICIO SISTEMA
Sun Jun 16 14:52:36 PYT 2013: Seccion administracion 
Sun Jun 16 14:52:36 PYT 2013: Web: 
Sun Jun 16 14:52:36 PYT 2013: BUSCAR_DOCUMENTOS
Sun Jun 16 14:52:36 PYT 2013: BUSCAR_DOCUMENTOS > Busqueda:
Sun Jun 16 14:52:36 PYT 2013: BUSCAR_DOCUMENTOS :

Sun Jun 16 14:52:45 PYT 2013: INCICIO SISTEMA
Sun Jun 16 14:52:45 PYT 2013: Seccion administracion 
Sun Jun 16 14:52:45 PYT 2013: Web: 
Sun Jun 16 14:52:45 PYT 2013: BUSCAR_DOCUMENTOS
Sun Jun 16 14:52:45 PYT 2013: BUSCAR_DOCUMENTOS > Busqueda:
Sun Jun 16 14:52:45 PYT 2013: BUSCAR_DOCUMENTOS :

Sun Jun 16 15:19:12 PYT 2013: INCICIO SISTEMA
Sun Jun 16 15:19:12 PYT 2013: CLASS_LISTA_DOCUMENTOS Inicializar
Sun Jun 16 15:19:39 PYT 2013: INCICIO SISTEMA
Sun Jun 16 15:19:39 PYT 2013: CLASS_LISTA_DOCUMENTOS Inicializar
Sun Jun 16 15:19:40 PYT 2013: INCICIO SISTEMA
Sun Jun 16 15:19:40 PYT 2013: CLASS_LISTA_DOCUMENTOS Inicializar
Sun Jun 16 15:19:41 PYT 2013: INCICIO SISTEMA
Sun Jun 16 15:19:41 PYT 2013: CLASS_LISTA_DOCUMENTOS Inicializar
Sun Jun 16 15:19:54 PYT 2013: INCICIO SISTEMA
Sun Jun 16 15:19:54 PYT 2013: CLASS_LISTA_DOCUMENTOS Inicializar
Sun Jun 16 15:21:45 PYT 2013: INCICIO SISTEMA
Sun Jun 16 15:21:45 PYT 2013: CLASS_LISTA_DOCUMENTOS Inicializar
Sun Jun 16 15:23:10 PYT 2013: INCICIO SISTEMA
Sun Jun 16 15:23:10 PYT 2013: CLASS_LISTA_DOCUMENTOS Inicializar
Sun Jun 16 15:23:57 PYT 2013: INCICIO SISTEMA
Sun Jun 16 15:23:57 PYT 2013: CLASS_LISTA_DOCUMENTOS Inicializar
Sun Jun 16 15:24:49 PYT 2013: INCICIO SISTEMA
Sun Jun 16 15:24:49 PYT 2013: CLASS_LISTA_DOCUMENTOS Inicializar
Sun Jun 16 15:26:49 PYT 2013: INCICIO SISTEMA
Sun Jun 16 15:26:49 PYT 2013: CLASS_LISTA_DOCUMENTOS Inicializar
Sun Jun 16 15:27:30 PYT 2013: INCICIO SISTEMA
Sun Jun 16 15:27:30 PYT 2013: CLASS_LISTA_DOCUMENTOS Inicializar
Sun Jun 16 15:28:30 PYT 2013: INCICIO SISTEMA
Sun Jun 16 15:28:30 PYT 2013: CLASS_LISTA_DOCUMENTOS Inicializar
Sun Jun 16 15:28:37 PYT 2013: INCICIO SISTEMA
Sun Jun 16 15:28:37 PYT 2013: CLASS_LISTA_DOCUMENTOS Inicializar
Sun Jun 16 15:29:20 PYT 2013: INCICIO SISTEMA
Sun Jun 16 15:29:20 PYT 2013: CLASS_LISTA_DOCUMENTOS Inicializar
Sun Jun 16 15:29:58 PYT 2013: INCICIO SISTEMA
Sun Jun 16 15:29:58 PYT 2013: CLASS_LISTA_DOCUMENTOS Inicializar
Sun Jun 16 15:30:49 PYT 2013: INCICIO SISTEMA
Sun Jun 16 15:30:49 PYT 2013: CLASS_LISTA_DOCUMENTOS Inicializar
Sun Jun 16 15:31:08 PYT 2013: INCICIO SISTEMA
Sun Jun 16 15:31:08 PYT 2013: CLASS_LISTA_DOCUMENTOS Inicializar
Sun Jun 16 15:31:47 PYT 2013: INCICIO SISTEMA
Sun Jun 16 15:31:47 PYT 2013: CLASS_LISTA_DOCUMENTOS Inicializar
Sun Jun 16 15:31:56 PYT 2013: INCICIO SISTEMA
Sun Jun 16 15:31:56 PYT 2013: CLASS_LISTA_DOCUMENTOS Inicializar
Sun Jun 16 15:33:26 PYT 2013: INCICIO SISTEMA
Sun Jun 16 15:33:26 PYT 2013: CLASS_LISTA_DOCUMENTOS Inicializar
Sun Jun 16 15:33:49 PYT 2013: INCICIO SISTEMA
Sun Jun 16 15:33:49 PYT 2013: CLASS_LISTA_DOCUMENTOS Inicializar
Sun Jun 16 15:34:03 PYT 2013: INCICIO SISTEMA
Sun Jun 16 15:34:03 PYT 2013: CLASS_LISTA_DOCUMENTOS Inicializar
Sun Jun 16 15:35:11 PYT 2013: INCICIO SISTEMA
Sun Jun 16 15:35:11 PYT 2013: CLASS_LISTA_DOCUMENTOS Inicializar
Sun Jun 16 15:35:50 PYT 2013: INCICIO SISTEMA
Sun Jun 16 15:35:50 PYT 2013: CLASS_LISTA_DOCUMENTOS Inicializar
Sun Jun 16 15:36:35 PYT 2013: INCICIO SISTEMA
Sun Jun 16 15:36:35 PYT 2013: CLASS_LISTA_DOCUMENTOS Inicializar
Sun Jun 16 15:37:41 PYT 2013: INCICIO SISTEMA
Sun Jun 16 15:37:41 PYT 2013: CLASS_LISTA_DOCUMENTOS Inicializar
Sun Jun 16 15:37:55 PYT 2013: INCICIO SISTEMA
Sun Jun 16 15:37:55 PYT 2013: CLASS_LISTA_DOCUMENTOS Inicializar
Sun Jun 16 15:38:24 PYT 2013: INCICIO SISTEMA
Sun Jun 16 15:38:24 PYT 2013: CLASS_LISTA_DOCUMENTOS Inicializar
Sun Jun 16 15:40:11 PYT 2013: INCICIO SISTEMA
Sun Jun 16 15:40:11 PYT 2013: CLASS_LISTA_DOCUMENTOS Inicializar
Sun Jun 16 15:40:17 PYT 2013: INCICIO SISTEMA
Sun Jun 16 15:40:17 PYT 2013: CLASS_LISTA_DOCUMENTOS Inicializar
Sun Jun 16 15:40:35 PYT 2013: INCICIO SISTEMA
Sun Jun 16 15:40:35 PYT 2013: CLASS_LISTA_DOCUMENTOS Inicializar
Sun Jun 16 15:40:41 PYT 2013: INCICIO SISTEMA
Sun Jun 16 15:40:41 PYT 2013: CLASS_LISTA_DOCUMENTOS Inicializar
Sun Jun 16 15:41:10 PYT 2013: INCICIO SISTEMA
Sun Jun 16 15:41:10 PYT 2013: CLASS_LISTA_DOCUMENTOS Inicializar
Sun Jun 16 15:42:59 PYT 2013: INCICIO SISTEMA
Sun Jun 16 15:42:59 PYT 2013: CLASS_LISTA_DOCUMENTOS Inicializar
Sun Jun 16 15:44:21 PYT 2013: INCICIO SISTEMA
Sun Jun 16 15:44:21 PYT 2013: CLASS_LISTA_DOCUMENTOS Inicializar
Sun Jun 16 15:44:41 PYT 2013: INCICIO SISTEMA
Sun Jun 16 15:44:41 PYT 2013: CLASS_LISTA_DOCUMENTOS Inicializar
Sun Jun 16 15:44:51 PYT 2013: INCICIO SISTEMA
Sun Jun 16 15:44:51 PYT 2013: CLASS_LISTA_DOCUMENTOS Inicializar
Sun Jun 16 15:45:09 PYT 2013: INCICIO SISTEMA
Sun Jun 16 15:45:09 PYT 2013: CLASS_LISTA_DOCUMENTOS Inicializar
Sun Jun 16 15:46:59 PYT 2013: INCICIO SISTEMA
Sun Jun 16 15:46:59 PYT 2013: CLASS_LISTA_DOCUMENTOS Inicializar
Sun Jun 16 15:47:40 PYT 2013: INCICIO SISTEMA
Sun Jun 16 15:47:40 PYT 2013: CLASS_LISTA_DOCUMENTOS Inicializar
Sun Jun 16 15:48:03 PYT 2013: INCICIO SISTEMA
Sun Jun 16 15:48:03 PYT 2013: CLASS_LISTA_DOCUMENTOS Inicializar
Sun Jun 16 15:49:32 PYT 2013: INCICIO SISTEMA
Sun Jun 16 15:49:32 PYT 2013: CLASS_LISTA_DOCUMENTOS Inicializar
Sun Jun 16 15:50:06 PYT 2013: INCICIO SISTEMA
Sun Jun 16 15:50:06 PYT 2013: CLASS_LISTA_DOCUMENTOS Inicializar
Sun Jun 16 15:57:50 PYT 2013: INCICIO SISTEMA
Sun Jun 16 15:57:50 PYT 2013: CLASS_LISTA_DOCUMENTOS Inicializar
Sun Jun 16 16:02:31 PYT 2013: INCICIO SISTEMA
Sun Jun 16 16:02:31 PYT 2013: CLASS_LISTA_DOCUMENTOS Inicializar
Sun Jun 16 16:03:22 PYT 2013: INCICIO SISTEMA
Sun Jun 16 16:03:22 PYT 2013: CLASS_LISTA_DOCUMENTOS Inicializar
Sun Jun 16 16:03:37 PYT 2013: INCICIO SISTEMA
Sun Jun 16 16:03:37 PYT 2013: CLASS_LISTA_DOCUMENTOS Inicializar
Sun Jun 16 16:04:27 PYT 2013: INCICIO SISTEMA
Sun Jun 16 16:04:27 PYT 2013: CLASS_LISTA_DOCUMENTOS Inicializar
Sun Jun 16 16:04:28 PYT 2013: INCICIO SISTEMA
Sun Jun 16 16:04:28 PYT 2013: CLASS_LISTA_DOCUMENTOS Inicializar
Sun Jun 16 16:04:40 PYT 2013: INCICIO SISTEMA
Sun Jun 16 16:04:40 PYT 2013: CLASS_LISTA_DOCUMENTOS Inicializar
Sun Jun 16 16:05:09 PYT 2013: INCICIO SISTEMA
Sun Jun 16 16:05:09 PYT 2013: CLASS_LISTA_DOCUMENTOS Inicializar
Sun Jun 16 16:05:21 PYT 2013: INCICIO SISTEMA
Sun Jun 16 16:05:21 PYT 2013: CLASS_LISTA_DOCUMENTOS Inicializar
Sun Jun 16 16:05:30 PYT 2013: INCICIO SISTEMA
Sun Jun 16 16:05:30 PYT 2013: CLASS_LISTA_DOCUMENTOS Inicializar
Sun Jun 16 16:05:38 PYT 2013: INCICIO SISTEMA
Sun Jun 16 16:05:38 PYT 2013: CLASS_LISTA_DOCUMENTOS Inicializar
Sun Jun 16 16:06:07 PYT 2013: INCICIO SISTEMA
Sun Jun 16 16:06:07 PYT 2013: CLASS_LISTA_DOCUMENTOS Inicializar
Sun Jun 16 16:06:07 PYT 2013: INCICIO SISTEMA
Sun Jun 16 16:06:07 PYT 2013: CLASS_LISTA_DOCUMENTOS Inicializar
Sun Jun 16 16:06:15 PYT 2013: INCICIO SISTEMA
Sun Jun 16 16:06:15 PYT 2013: CLASS_LISTA_DOCUMENTOS Inicializar
Sun Jun 16 16:06:16 PYT 2013: INCICIO SISTEMA
Sun Jun 16 16:06:16 PYT 2013: CLASS_LISTA_DOCUMENTOS Inicializar
Sun Jun 16 16:06:16 PYT 2013: INCICIO SISTEMA
Sun Jun 16 16:06:16 PYT 2013: CLASS_LISTA_DOCUMENTOS Inicializar
Sun Jun 16 16:06:22 PYT 2013: INCICIO SISTEMA
Sun Jun 16 16:06:22 PYT 2013: CLASS_LISTA_DOCUMENTOS Inicializar
Sun Jun 16 16:06:33 PYT 2013: INCICIO SISTEMA
Sun Jun 16 16:06:33 PYT 2013: CLASS_LISTA_DOCUMENTOS Inicializar
Sun Jun 16 16:06:34 PYT 2013: INCICIO SISTEMA
Sun Jun 16 16:06:34 PYT 2013: CLASS_LISTA_DOCUMENTOS Inicializar
Sun Jun 16 16:06:41 PYT 2013: INCICIO SISTEMA
Sun Jun 16 16:06:41 PYT 2013: CLASS_LISTA_DOCUMENTOS Inicializar
Sun Jun 16 16:06:52 PYT 2013: INCICIO SISTEMA
Sun Jun 16 16:06:52 PYT 2013: CLASS_LISTA_DOCUMENTOS Inicializar
Sun Jun 16 16:07:00 PYT 2013: INCICIO SISTEMA
Sun Jun 16 16:07:00 PYT 2013: CLASS_LISTA_DOCUMENTOS Inicializar
Sun Jun 16 16:07:01 PYT 2013: INCICIO SISTEMA
Sun Jun 16 16:07:01 PYT 2013: CLASS_LISTA_DOCUMENTOS Inicializar
Sun Jun 16 16:07:11 PYT 2013: INCICIO SISTEMA
Sun Jun 16 16:07:11 PYT 2013: CLASS_LISTA_DOCUMENTOS Inicializar
Sun Jun 16 16:07:12 PYT 2013: INCICIO SISTEMA
Sun Jun 16 16:07:12 PYT 2013: CLASS_LISTA_DOCUMENTOS Inicializar
Sun Jun 16 16:07:12 PYT 2013: INCICIO SISTEMA
Sun Jun 16 16:07:12 PYT 2013: CLASS_LISTA_DOCUMENTOS Inicializar
Sun Jun 16 16:07:12 PYT 2013: INCICIO SISTEMA
Sun Jun 16 16:07:12 PYT 2013: CLASS_LISTA_DOCUMENTOS Inicializar
Sun Jun 16 16:07:20 PYT 2013: INCICIO SISTEMA
Sun Jun 16 16:07:20 PYT 2013: CLASS_LISTA_DOCUMENTOS Inicializar
Sun Jun 16 16:07:29 PYT 2013: INCICIO SISTEMA
Sun Jun 16 16:07:29 PYT 2013: CLASS_LISTA_DOCUMENTOS Inicializar
Sun Jun 16 16:07:50 PYT 2013: INCICIO SISTEMA
Sun Jun 16 16:07:50 PYT 2013: CLASS_LISTA_DOCUMENTOS Inicializar
Sun Jun 16 16:08:09 PYT 2013: INCICIO SISTEMA
Sun Jun 16 16:08:09 PYT 2013: CLASS_LISTA_DOCUMENTOS Inicializar
Sun Jun 16 16:08:18 PYT 2013: INCICIO SISTEMA
Sun Jun 16 16:08:18 PYT 2013: CLASS_LISTA_DOCUMENTOS Inicializar
Sun Jun 16 16:08:57 PYT 2013: INCICIO SISTEMA
Sun Jun 16 16:08:57 PYT 2013: CLASS_LISTA_DOCUMENTOS Inicializar
Sun Jun 16 16:09:35 PYT 2013: INCICIO SISTEMA
Sun Jun 16 16:09:35 PYT 2013: CLASS_LISTA_DOCUMENTOS Inicializar
Sun Jun 16 16:10:03 PYT 2013: INCICIO SISTEMA
Sun Jun 16 16:10:03 PYT 2013: CLASS_LISTA_DOCUMENTOS Inicializar
Sun Jun 16 16:10:12 PYT 2013: INCICIO SISTEMA
Sun Jun 16 16:10:12 PYT 2013: CLASS_LISTA_DOCUMENTOS Inicializar
Sun Jun 16 16:10:33 PYT 2013: INCICIO SISTEMA
Sun Jun 16 16:10:33 PYT 2013: CLASS_LISTA_DOCUMENTOS Inicializar
Sun Jun 16 16:10:55 PYT 2013: INCICIO SISTEMA
Sun Jun 16 16:10:55 PYT 2013: CLASS_LISTA_DOCUMENTOS Inicializar
Sun Jun 16 16:11:00 PYT 2013: INCICIO SISTEMA
Sun Jun 16 16:11:00 PYT 2013: CLASS_LISTA_DOCUMENTOS Inicializar
Sun Jun 16 16:11:11 PYT 2013: INCICIO SISTEMA
Sun Jun 16 16:11:11 PYT 2013: CLASS_LISTA_DOCUMENTOS Inicializar
Sun Jun 16 16:11:27 PYT 2013: INCICIO SISTEMA
Sun Jun 16 16:11:27 PYT 2013: CLASS_LISTA_DOCUMENTOS Inicializar
Sun Jun 16 16:16:07 PYT 2013: INCICIO SISTEMA
Sun Jun 16 16:16:07 PYT 2013: CLASS_LISTA_DOCUMENTOS Inicializar
Sun Jun 16 16:20:03 PYT 2013: INCICIO SISTEMA
Sun Jun 16 16:20:03 PYT 2013: Seccion administracion 
Sun Jun 16 16:20:03 PYT 2013: Web: 
Sun Jun 16 16:20:03 PYT 2013: Web: menu principal 
Sun Jun 16 16:20:05 PYT 2013: INCICIO SISTEMA
Sun Jun 16 16:20:05 PYT 2013: Seccion administracion 
Sun Jun 16 16:20:05 PYT 2013: Web: 
Sun Jun 16 16:20:05 PYT 2013: Web: seccion categorias
Sun Jun 16 16:20:05 PYT 2013: Asignando el template:
Sun Jun 16 16:21:34 PYT 2013: INCICIO SISTEMA
Sun Jun 16 16:21:34 PYT 2013: Seccion administracion 
Sun Jun 16 16:21:34 PYT 2013: Web: 
Sun Jun 16 16:21:34 PYT 2013: Web: seccion categorias
Sun Jun 16 16:21:34 PYT 2013: Asignando el template:
Sun Jun 16 16:21:49 PYT 2013: INCICIO SISTEMA
Sun Jun 16 16:21:49 PYT 2013: Seccion administracion 
Sun Jun 16 16:21:49 PYT 2013: Web: 
Sun Jun 16 16:21:49 PYT 2013: Web: seccion categorias
Sun Jun 16 16:21:49 PYT 2013: Asignando el template:
Sun Jun 16 16:21:51 PYT 2013: INCICIO SISTEMA
Sun Jun 16 16:21:51 PYT 2013: Seccion administracion 
Sun Jun 16 16:21:51 PYT 2013: Web: 
Sun Jun 16 16:21:51 PYT 2013: Web: seccion categorias
Sun Jun 16 16:21:51 PYT 2013: Asignando el template:
Sun Jun 16 16:22:02 PYT 2013: INCICIO SISTEMA
Sun Jun 16 16:22:02 PYT 2013: Seccion administracion 
Sun Jun 16 16:22:02 PYT 2013: Web: 
Sun Jun 16 16:22:02 PYT 2013: Web: seccion categorias
Sun Jun 16 16:22:02 PYT 2013: Asignando el template:
Sun Jun 16 16:22:03 PYT 2013: INCICIO SISTEMA
Sun Jun 16 16:22:03 PYT 2013: Seccion administracion 
Sun Jun 16 16:22:03 PYT 2013: Web: 
Sun Jun 16 16:22:03 PYT 2013: Web: seccion categorias
Sun Jun 16 16:22:03 PYT 2013: Asignando el template:
Sun Jun 16 16:22:10 PYT 2013: INCICIO SISTEMA
Sun Jun 16 16:22:10 PYT 2013: Seccion administracion 
Sun Jun 16 16:22:10 PYT 2013: Web: 
Sun Jun 16 16:22:10 PYT 2013: Web: seccion categorias
Sun Jun 16 16:22:10 PYT 2013: Asignando el template:
Sun Jun 16 16:22:17 PYT 2013: INCICIO SISTEMA
Sun Jun 16 16:22:17 PYT 2013: Seccion administracion 
Sun Jun 16 16:22:17 PYT 2013: Web: 
Sun Jun 16 16:22:17 PYT 2013: Web: seccion categorias
Sun Jun 16 16:22:17 PYT 2013: Asignando el template:
Sun Jun 16 16:23:34 PYT 2013: INCICIO SISTEMA
Sun Jun 16 16:23:34 PYT 2013: Seccion administracion 
Sun Jun 16 16:23:34 PYT 2013: Web: 
Sun Jun 16 16:23:34 PYT 2013: Web: seccion categorias
Sun Jun 16 16:23:34 PYT 2013: Asignando el template:
Sun Jun 16 16:24:14 PYT 2013: INCICIO SISTEMA
Sun Jun 16 16:24:14 PYT 2013: Seccion administracion 
Sun Jun 16 16:24:14 PYT 2013: Web: 
Sun Jun 16 16:24:14 PYT 2013: Web: seccion categorias
Sun Jun 16 16:24:14 PYT 2013: Asignando el template:
Sun Jun 16 16:24:20 PYT 2013: INCICIO SISTEMA
Sun Jun 16 16:24:20 PYT 2013: Seccion administracion 
Sun Jun 16 16:24:20 PYT 2013: Web: 
Sun Jun 16 16:24:20 PYT 2013: Web: seccion categorias
Sun Jun 16 16:24:20 PYT 2013: Asignando el template:
Sun Jun 16 16:25:03 PYT 2013: INCICIO SISTEMA
Sun Jun 16 16:25:03 PYT 2013: Seccion administracion 
Sun Jun 16 16:25:03 PYT 2013: Web: 
Sun Jun 16 16:25:03 PYT 2013: Web: seccion categorias
Sun Jun 16 16:25:03 PYT 2013: Asignando el template:
Sun Jun 16 16:25:15 PYT 2013: INCICIO SISTEMA
Sun Jun 16 16:25:15 PYT 2013: Seccion administracion 
Sun Jun 16 16:25:15 PYT 2013: Web: 
Sun Jun 16 16:25:15 PYT 2013: Web: seccion categorias
Sun Jun 16 16:25:15 PYT 2013: Asignando el template:
Sun Jun 16 16:26:03 PYT 2013: INCICIO SISTEMA
Sun Jun 16 16:26:03 PYT 2013: Seccion administracion 
Sun Jun 16 16:26:03 PYT 2013: Web: 
Sun Jun 16 16:26:03 PYT 2013: Web: seccion categorias
Sun Jun 16 16:26:03 PYT 2013: Asignando el template:
Sun Jun 16 16:29:04 PYT 2013: INCICIO SISTEMA
Sun Jun 16 16:29:04 PYT 2013: Seccion administracion 
Sun Jun 16 16:29:04 PYT 2013: Web: 
Sun Jun 16 16:29:04 PYT 2013: Web: seccion categorias
Sun Jun 16 16:29:04 PYT 2013: Asignando el template:
Sun Jun 16 16:29:49 PYT 2013: INCICIO SISTEMA
Sun Jun 16 16:29:49 PYT 2013: Seccion administracion 
Sun Jun 16 16:29:49 PYT 2013: Web: 
Sun Jun 16 16:29:49 PYT 2013: Web: seccion categorias
Sun Jun 16 16:29:49 PYT 2013: Asignando el template:
Sun Jun 16 16:31:32 PYT 2013: INCICIO SISTEMA
Sun Jun 16 16:31:32 PYT 2013: Seccion administracion 
Sun Jun 16 16:31:32 PYT 2013: Web: 
Sun Jun 16 16:31:32 PYT 2013: Web: seccion categorias
Sun Jun 16 16:31:32 PYT 2013: Asignando el template:
Sun Jun 16 16:32:05 PYT 2013: INCICIO SISTEMA
Sun Jun 16 16:32:05 PYT 2013: Seccion administracion 
Sun Jun 16 16:32:05 PYT 2013: Web: 
Sun Jun 16 16:32:05 PYT 2013: Web: seccion categorias
Sun Jun 16 16:32:05 PYT 2013: Asignando el template:
Sun Jun 16 16:32:13 PYT 2013: INCICIO SISTEMA
Sun Jun 16 16:32:13 PYT 2013: Seccion administracion 
Sun Jun 16 16:32:13 PYT 2013: Web: 
Sun Jun 16 16:32:13 PYT 2013: Web: seccion categorias
Sun Jun 16 16:32:13 PYT 2013: Asignando el template:
Sun Jun 16 16:32:23 PYT 2013: INCICIO SISTEMA
Sun Jun 16 16:32:23 PYT 2013: Seccion administracion 
Sun Jun 16 16:32:23 PYT 2013: Web: 
Sun Jun 16 16:32:23 PYT 2013: Web: seccion categorias
Sun Jun 16 16:32:23 PYT 2013: Asignando el template:
Sun Jun 16 16:35:20 PYT 2013: INCICIO SISTEMA
Sun Jun 16 16:35:20 PYT 2013: Seccion administracion 
Sun Jun 16 16:35:20 PYT 2013: Web: 
Sun Jun 16 16:35:20 PYT 2013: Web: seccion categorias
Sun Jun 16 16:35:20 PYT 2013: Asignando el template:
Sun Jun 16 16:35:25 PYT 2013: INCICIO SISTEMA
Sun Jun 16 16:35:25 PYT 2013: Seccion administracion 
Sun Jun 16 16:35:25 PYT 2013: Web: 
Sun Jun 16 16:35:25 PYT 2013: Web: seccion categorias
Sun Jun 16 16:35:25 PYT 2013: Asignando el template:
Sun Jun 16 16:37:09 PYT 2013: INCICIO SISTEMA
Sun Jun 16 16:37:09 PYT 2013: Seccion administracion 
Sun Jun 16 16:37:09 PYT 2013: Web: 
Sun Jun 16 16:37:09 PYT 2013: Web: seccion categorias
Sun Jun 16 16:37:09 PYT 2013: Asignando el template:
Sun Jun 16 16:37:25 PYT 2013: INCICIO SISTEMA
Sun Jun 16 16:37:25 PYT 2013: Seccion administracion 
Sun Jun 16 16:37:25 PYT 2013: Web: 
Sun Jun 16 16:37:25 PYT 2013: Web: seccion categorias
Sun Jun 16 16:37:25 PYT 2013: Asignando el template:
Sun Jun 16 16:38:59 PYT 2013: INCICIO SISTEMA
Sun Jun 16 16:38:59 PYT 2013: Seccion administracion 
Sun Jun 16 16:38:59 PYT 2013: Web: 
Sun Jun 16 16:38:59 PYT 2013: Web: seccion categorias
Sun Jun 16 16:38:59 PYT 2013: Asignando el template:
Sun Jun 16 16:47:54 PYT 2013: INCICIO SISTEMA
Sun Jun 16 16:47:54 PYT 2013: Seccion administracion 
Sun Jun 16 16:47:54 PYT 2013: Web: 
Sun Jun 16 16:47:54 PYT 2013: Web: seccion categorias
Sun Jun 16 16:47:54 PYT 2013: Asignando el template:
Sun Jun 16 16:48:39 PYT 2013: INCICIO SISTEMA
Sun Jun 16 16:48:39 PYT 2013: Seccion administracion 
Sun Jun 16 16:48:39 PYT 2013: Web: 
Sun Jun 16 16:48:39 PYT 2013: Web: seccion categorias
Sun Jun 16 16:48:39 PYT 2013: Asignando el template:
Sun Jun 16 16:48:51 PYT 2013: INCICIO SISTEMA
Sun Jun 16 16:48:51 PYT 2013: Seccion administracion 
Sun Jun 16 16:48:51 PYT 2013: Web: 
Sun Jun 16 16:48:51 PYT 2013: Web: seccion categorias
Sun Jun 16 16:48:51 PYT 2013: Asignando el template:
Sun Jun 16 16:48:59 PYT 2013: INCICIO SISTEMA
Sun Jun 16 16:48:59 PYT 2013: Seccion administracion 
Sun Jun 16 16:48:59 PYT 2013: Web: 
Sun Jun 16 16:48:59 PYT 2013: Web: seccion categorias
Sun Jun 16 16:48:59 PYT 2013: Asignando el template:
Sun Jun 16 16:49:15 PYT 2013: INCICIO SISTEMA
Sun Jun 16 16:49:15 PYT 2013: Seccion administracion 
Sun Jun 16 16:49:15 PYT 2013: Web: 
Sun Jun 16 16:49:15 PYT 2013: Web: seccion categorias
Sun Jun 16 16:49:15 PYT 2013: Asignando el template:
Sun Jun 16 16:49:35 PYT 2013: INCICIO SISTEMA
Sun Jun 16 16:49:35 PYT 2013: Seccion administracion 
Sun Jun 16 16:49:35 PYT 2013: Web: 
Sun Jun 16 16:49:35 PYT 2013: Web: seccion categorias
Sun Jun 16 16:49:35 PYT 2013: Asignando el template:
Sun Jun 16 16:50:05 PYT 2013: INCICIO SISTEMA
Sun Jun 16 16:50:05 PYT 2013: Seccion administracion 
Sun Jun 16 16:50:05 PYT 2013: Web: 
Sun Jun 16 16:50:05 PYT 2013: Web: seccion categorias
Sun Jun 16 16:50:05 PYT 2013: Asignando el template:
Sun Jun 16 16:50:23 PYT 2013: INCICIO SISTEMA
Sun Jun 16 16:50:23 PYT 2013: Seccion administracion 
Sun Jun 16 16:50:23 PYT 2013: Web: 
Sun Jun 16 16:50:23 PYT 2013: Web: seccion categorias
Sun Jun 16 16:50:23 PYT 2013: Asignando el template:
Sun Jun 16 16:50:37 PYT 2013: INCICIO SISTEMA
Sun Jun 16 16:50:37 PYT 2013: Seccion administracion 
Sun Jun 16 16:50:37 PYT 2013: Web: 
Sun Jun 16 16:50:37 PYT 2013: Web: seccion categorias
Sun Jun 16 16:50:37 PYT 2013: Asignando el template:
Sun Jun 16 16:51:04 PYT 2013: INCICIO SISTEMA
Sun Jun 16 16:51:04 PYT 2013: Seccion administracion 
Sun Jun 16 16:51:04 PYT 2013: Web: 
Sun Jun 16 16:51:04 PYT 2013: Web: seccion categorias
Sun Jun 16 16:51:04 PYT 2013: Asignando el template:
Sun Jun 16 16:51:09 PYT 2013: INCICIO SISTEMA
Sun Jun 16 16:51:09 PYT 2013: Seccion administracion 
Sun Jun 16 16:51:09 PYT 2013: Web: 
Sun Jun 16 16:51:09 PYT 2013: Web: seccion categorias
Sun Jun 16 16:51:09 PYT 2013: Asignando el template:
Sun Jun 16 16:58:16 PYT 2013: INCICIO SISTEMA
Sun Jun 16 16:58:16 PYT 2013: Seccion administracion 
Sun Jun 16 16:58:16 PYT 2013: Web: 
Sun Jun 16 16:58:16 PYT 2013: Web: seccion categorias
Sun Jun 16 16:58:16 PYT 2013: Asignando el template:
Sun Jun 16 16:58:35 PYT 2013: INCICIO SISTEMA
Sun Jun 16 16:58:35 PYT 2013: Seccion administracion 
Sun Jun 16 16:58:35 PYT 2013: Web: 
Sun Jun 16 16:58:35 PYT 2013: Web: seccion categorias
Sun Jun 16 16:58:35 PYT 2013: Asignando el template:
Sun Jun 16 16:58:53 PYT 2013: INCICIO SISTEMA
Sun Jun 16 16:58:53 PYT 2013: CLASS_LISTA_DOCUMENTOS Inicializar
Sun Jun 16 17:02:42 PYT 2013: INCICIO SISTEMA
Sun Jun 16 17:02:42 PYT 2013: CLASS_LISTA_DOCUMENTOS Inicializar
Sun Jun 16 17:02:55 PYT 2013: INCICIO SISTEMA
Sun Jun 16 17:02:55 PYT 2013: CLASS_LISTA_DOCUMENTOS Inicializar
Sun Jun 16 17:02:56 PYT 2013: INCICIO SISTEMA
Sun Jun 16 17:02:56 PYT 2013: CLASS_LISTA_DOCUMENTOS Inicializar
Sun Jun 16 23:48:13 PYT 2013: INCICIO SISTEMA
Sun Jun 16 23:48:13 PYT 2013: CLASS_LISTA_DOCUMENTOS Inicializar
