Fri May 24 0:00:08 PYT 2013: Sessions -> Default
Fri May 24 0:00:08 PYT 2013: Sessions -> logged_in
Fri May 24 0:00:08 PYT 2013: Session query: SELECT username,token,session,ip,id_usuario FROM usuarios WHERE id_usuario= 0 AND token='' AND session='' AND ip='192.168.1.8'
Fri May 24 0:00:08 PYT 2013: Session Logout
Fri May 24 0:02:39 PYT 2013: Sessions -> Default
Fri May 24 0:02:39 PYT 2013: Sessions -> logged_in
Fri May 24 0:02:39 PYT 2013: Session query: SELECT username,token,session,ip,id_usuario FROM usuarios WHERE id_usuario= 0 AND token='' AND session='' AND ip='192.168.1.8'
Fri May 24 0:02:39 PYT 2013: Session Logout
Fri May 24 0:02:40 PYT 2013: Sessions -> Default
Fri May 24 0:02:40 PYT 2013: Sessions -> logged_in
Fri May 24 0:02:40 PYT 2013: Session query: SELECT username,token,session,ip,id_usuario FROM usuarios WHERE id_usuario= 0 AND token='' AND session='' AND ip='192.168.1.8'
Fri May 24 0:02:40 PYT 2013: Session Logout
Fri May 24 0:04:19 PYT 2013: INCICIO SISTEMA
Fri May 24 0:04:19 PYT 2013: Sessions -> Default
Fri May 24 0:04:19 PYT 2013: Sessions -> logged_in
Fri May 24 0:04:19 PYT 2013: Session query: SELECT username,token,session,ip,id_usuario FROM usuarios WHERE id_usuario= 0 AND token='' AND session='' AND ip='192.168.1.8'
Fri May 24 0:04:19 PYT 2013: Session Logout
Fri May 24 0:04:27 PYT 2013: INCICIO SISTEMA
Fri May 24 0:04:27 PYT 2013: Sessions -> Default
Fri May 24 0:04:27 PYT 2013: Sessions -> logged_in
Fri May 24 0:04:27 PYT 2013: Session query: SELECT username,token,session,ip,id_usuario FROM usuarios WHERE id_usuario= 0 AND token='' AND session='' AND ip='192.168.1.8'
Fri May 24 0:04:27 PYT 2013: Session Logout
Fri May 24 0:04:27 PYT 2013: INCICIO SISTEMA
Fri May 24 0:04:27 PYT 2013: Sessions -> Default
Fri May 24 0:04:27 PYT 2013: Sessions -> logged_in
Fri May 24 0:04:27 PYT 2013: Session query: SELECT username,token,session,ip,id_usuario FROM usuarios WHERE id_usuario= 0 AND token='' AND session='' AND ip='192.168.1.8'
Fri May 24 0:04:27 PYT 2013: Session Logout
Fri May 24 0:04:28 PYT 2013: INCICIO SISTEMA
Fri May 24 0:04:28 PYT 2013: Sessions -> Default
Fri May 24 0:04:28 PYT 2013: Sessions -> logged_in
Fri May 24 0:04:28 PYT 2013: Session query: SELECT username,token,session,ip,id_usuario FROM usuarios WHERE id_usuario= 0 AND token='' AND session='' AND ip='192.168.1.8'
Fri May 24 0:04:28 PYT 2013: Session Logout
Fri May 24 0:04:28 PYT 2013: INCICIO SISTEMA
Fri May 24 0:04:28 PYT 2013: Sessions -> Default
Fri May 24 0:04:28 PYT 2013: Sessions -> logged_in
Fri May 24 0:04:28 PYT 2013: Session query: SELECT username,token,session,ip,id_usuario FROM usuarios WHERE id_usuario= 0 AND token='' AND session='' AND ip='192.168.1.8'
Fri May 24 0:04:28 PYT 2013: Session Logout
Fri May 24 0:05:28 PYT 2013: INCICIO SISTEMA
Fri May 24 0:05:28 PYT 2013: Sessions -> Default
Fri May 24 0:05:28 PYT 2013: Sessions -> logged_in
Fri May 24 0:05:28 PYT 2013: Session query: SELECT username,token,session,ip,id_usuario FROM usuarios WHERE id_usuario= 0 AND token='' AND session='' AND ip='192.168.1.8'
Fri May 24 0:05:28 PYT 2013: Session Logout
Fri May 24 0:05:58 PYT 2013: INCICIO SISTEMA
Fri May 24 0:05:58 PYT 2013: Sessions -> Default
Fri May 24 0:05:58 PYT 2013: Sessions -> logged_in
Fri May 24 0:05:58 PYT 2013: Session query: SELECT username,token,session,ip,id_usuario FROM usuarios WHERE id_usuario= 0 AND token='' AND session='' AND ip='192.168.1.8'
Fri May 24 0:05:58 PYT 2013: Session Logout
Fri May 24 0:06:36 PYT 2013: INCICIO SISTEMA
Fri May 24 0:06:36 PYT 2013: Sessions -> Default
Fri May 24 0:06:36 PYT 2013: Sessions -> logged_in
Fri May 24 0:06:36 PYT 2013: Session query: SELECT username,token,session,ip,id_usuario FROM usuarios WHERE id_usuario= 0 AND token='' AND session='' AND ip='192.168.1.8'
Fri May 24 0:06:36 PYT 2013: Session Logout
Fri May 24 0:06:41 PYT 2013: INCICIO SISTEMA
Fri May 24 0:06:41 PYT 2013: Sessions -> Default
Fri May 24 0:06:41 PYT 2013: Sessions -> logged_in
Fri May 24 0:06:41 PYT 2013: Session query: SELECT username,token,session,ip,id_usuario FROM usuarios WHERE id_usuario= 0 AND token='' AND session='' AND ip='192.168.1.8'
Fri May 24 0:06:41 PYT 2013: Session Logout
Fri May 24 0:06:42 PYT 2013: INCICIO SISTEMA
Fri May 24 0:06:42 PYT 2013: Sessions -> Default
Fri May 24 0:06:42 PYT 2013: Sessions -> logged_in
Fri May 24 0:06:42 PYT 2013: Session query: SELECT username,token,session,ip,id_usuario FROM usuarios WHERE id_usuario= 0 AND token='' AND session='' AND ip='192.168.1.8'
Fri May 24 0:06:42 PYT 2013: Session Logout
Fri May 24 0:06:58 PYT 2013: INCICIO SISTEMA
Fri May 24 0:06:58 PYT 2013: Sessions -> Default
Fri May 24 0:06:58 PYT 2013: Sessions -> logged_in
Fri May 24 0:06:58 PYT 2013: Session query: SELECT username,token,session,ip,id_usuario FROM usuarios WHERE id_usuario= 0 AND token='' AND session='' AND ip='192.168.1.8'
Fri May 24 0:06:58 PYT 2013: Session Logout
Fri May 24 0:07:32 PYT 2013: INCICIO SISTEMA
Fri May 24 0:07:32 PYT 2013: Sessions -> Default
Fri May 24 0:07:32 PYT 2013: Sessions -> logged_in
Fri May 24 0:07:32 PYT 2013: Session query: SELECT username,token,session,ip,id_usuario FROM usuarios WHERE id_usuario= 0 AND token='' AND session='' AND ip='192.168.1.8'
Fri May 24 0:07:32 PYT 2013: Session Logout
Fri May 24 0:07:37 PYT 2013: INCICIO SISTEMA
Fri May 24 0:07:37 PYT 2013: Sessions -> Default
Fri May 24 0:07:37 PYT 2013: Sessions -> logged_in
Fri May 24 0:07:37 PYT 2013: Session query: SELECT username,token,session,ip,id_usuario FROM usuarios WHERE id_usuario= 0 AND token='' AND session='' AND ip='192.168.1.8'
Fri May 24 0:07:37 PYT 2013: Session Logout
Fri May 24 0:07:38 PYT 2013: INCICIO SISTEMA
Fri May 24 0:07:38 PYT 2013: Sessions -> Default
Fri May 24 0:07:38 PYT 2013: Sessions -> logged_in
Fri May 24 0:07:38 PYT 2013: Session query: SELECT username,token,session,ip,id_usuario FROM usuarios WHERE id_usuario= 0 AND token='' AND session='' AND ip='192.168.1.8'
Fri May 24 0:07:38 PYT 2013: Session Logout
Fri May 24 0:07:46 PYT 2013: INCICIO SISTEMA
Fri May 24 0:07:46 PYT 2013: Sessions -> Default
Fri May 24 0:07:46 PYT 2013: Sessions -> logged_in
Fri May 24 0:07:46 PYT 2013: Session query: SELECT username,token,session,ip,id_usuario FROM usuarios WHERE id_usuario= 0 AND token='' AND session='' AND ip='192.168.1.8'
Fri May 24 0:07:46 PYT 2013: Session Logout
Fri May 24 0:07:47 PYT 2013: INCICIO SISTEMA
Fri May 24 0:07:47 PYT 2013: Sessions -> Default
Fri May 24 0:07:47 PYT 2013: Sessions -> logged_in
Fri May 24 0:07:47 PYT 2013: Session query: SELECT username,token,session,ip,id_usuario FROM usuarios WHERE id_usuario= 0 AND token='' AND session='' AND ip='192.168.1.8'
Fri May 24 0:07:47 PYT 2013: Session Logout
Fri May 24 0:07:48 PYT 2013: INCICIO SISTEMA
Fri May 24 0:07:48 PYT 2013: Sessions -> Default
Fri May 24 0:07:48 PYT 2013: Sessions -> logged_in
Fri May 24 0:07:48 PYT 2013: Session query: SELECT username,token,session,ip,id_usuario FROM usuarios WHERE id_usuario= 0 AND token='' AND session='' AND ip='192.168.1.8'
Fri May 24 0:07:48 PYT 2013: Session Logout
Fri May 24 0:10:20 PYT 2013: INCICIO SISTEMA
Fri May 24 0:10:20 PYT 2013: Sessions -> Default
Fri May 24 0:10:20 PYT 2013: Sessions -> logged_in
Fri May 24 0:10:20 PYT 2013: Session query: SELECT username,token,session,ip,id_usuario FROM usuarios WHERE id_usuario= 0 AND token='' AND session='' AND ip='192.168.1.8'
Fri May 24 0:10:20 PYT 2013: Session Logout
Fri May 24 0:10:51 PYT 2013: INCICIO SISTEMA
Fri May 24 0:10:51 PYT 2013: Sessions -> Default
Fri May 24 0:10:51 PYT 2013: Sessions -> logged_in
Fri May 24 0:10:51 PYT 2013: Session query: SELECT username,token,session,ip,id_usuario FROM usuarios WHERE id_usuario= 0 AND token='' AND session='' AND ip='192.168.1.8'
Fri May 24 0:10:51 PYT 2013: Session Logout
Fri May 24 0:11:11 PYT 2013: INCICIO SISTEMA
Fri May 24 0:11:11 PYT 2013: Sessions -> Default
Fri May 24 0:11:11 PYT 2013: Sessions -> logged_in
Fri May 24 0:11:11 PYT 2013: Session query: SELECT username,token,session,ip,id_usuario FROM usuarios WHERE id_usuario= 0 AND token='' AND session='' AND ip='192.168.1.8'
Fri May 24 0:11:11 PYT 2013: Session Logout
Fri May 24 0:12:32 PYT 2013: INCICIO SISTEMA
Fri May 24 0:12:32 PYT 2013: Sessions -> Default
Fri May 24 0:12:32 PYT 2013: Sessions -> logged_in
Fri May 24 0:12:32 PYT 2013: Session query: SELECT username,token,session,ip,id_usuario FROM usuarios WHERE id_usuario= 0 AND token='' AND session='' AND ip='192.168.1.8'
Fri May 24 0:12:32 PYT 2013: Session Logout
Fri May 24 0:12:32 PYT 2013: INCICIO SISTEMA
Fri May 24 0:12:32 PYT 2013: Sessions -> Default
Fri May 24 0:12:32 PYT 2013: Sessions -> logged_in
Fri May 24 0:12:32 PYT 2013: Session query: SELECT username,token,session,ip,id_usuario FROM usuarios WHERE id_usuario= 0 AND token='' AND session='' AND ip='192.168.1.8'
Fri May 24 0:12:32 PYT 2013: Session Logout
Fri May 24 0:13:10 PYT 2013: INCICIO SISTEMA
Fri May 24 0:13:10 PYT 2013: Sessions -> Default
Fri May 24 0:13:10 PYT 2013: Sessions -> logged_in
Fri May 24 0:13:10 PYT 2013: Session query: SELECT username,token,session,ip,id_usuario FROM usuarios WHERE id_usuario= 0 AND token='' AND session='' AND ip='192.168.1.8'
Fri May 24 0:13:10 PYT 2013: Session Logout
Fri May 24 0:13:38 PYT 2013: INCICIO SISTEMA
Fri May 24 0:13:38 PYT 2013: Sessions -> Default
Fri May 24 0:13:38 PYT 2013: Sessions -> logged_in
Fri May 24 0:13:38 PYT 2013: Session query: SELECT username,token,session,ip,id_usuario FROM usuarios WHERE id_usuario= 0 AND token='' AND session='' AND ip='192.168.1.8'
Fri May 24 0:13:38 PYT 2013: Session Logout
Fri May 24 0:14:00 PYT 2013: INCICIO SISTEMA
Fri May 24 0:14:00 PYT 2013: Sessions -> Default
Fri May 24 0:14:00 PYT 2013: Sessions -> logged_in
Fri May 24 0:14:00 PYT 2013: Session query: SELECT username,token,session,ip,id_usuario FROM usuarios WHERE id_usuario= 0 AND token='' AND session='' AND ip='192.168.1.8'
Fri May 24 0:14:00 PYT 2013: Session Logout
Fri May 24 0:14:05 PYT 2013: INCICIO SISTEMA
Fri May 24 0:14:05 PYT 2013: Sessions -> Default
Fri May 24 0:14:05 PYT 2013: Sessions -> logged_in
Fri May 24 0:14:05 PYT 2013: Session query: SELECT username,token,session,ip,id_usuario FROM usuarios WHERE id_usuario= 0 AND token='' AND session='' AND ip='192.168.1.8'
Fri May 24 0:14:05 PYT 2013: Session Logout
Fri May 24 0:14:28 PYT 2013: INCICIO SISTEMA
Fri May 24 0:14:28 PYT 2013: Sessions -> Default
Fri May 24 0:14:28 PYT 2013: Sessions -> logged_in
Fri May 24 0:14:28 PYT 2013: Session query: SELECT username,token,session,ip,id_usuario FROM usuarios WHERE id_usuario= 0 AND token='' AND session='' AND ip='192.168.1.8'
Fri May 24 0:14:28 PYT 2013: Session Logout
Fri May 24 0:14:34 PYT 2013: INCICIO SISTEMA
Fri May 24 0:14:34 PYT 2013: Sessions -> Default
Fri May 24 0:14:34 PYT 2013: Sessions -> logged_in
Fri May 24 0:14:34 PYT 2013: Session query: SELECT username,token,session,ip,id_usuario FROM usuarios WHERE id_usuario= 0 AND token='' AND session='' AND ip='192.168.1.8'
Fri May 24 0:14:34 PYT 2013: Session Logout
Fri May 24 0:14:55 PYT 2013: INCICIO SISTEMA
Fri May 24 0:14:55 PYT 2013: Sessions -> Default
Fri May 24 0:14:55 PYT 2013: Sessions -> logged_in
Fri May 24 0:14:55 PYT 2013: Session query: SELECT username,token,session,ip,id_usuario FROM usuarios WHERE id_usuario= 0 AND token='' AND session='' AND ip='192.168.1.8'
Fri May 24 0:14:55 PYT 2013: Session Logout
Fri May 24 0:15:33 PYT 2013: INCICIO SISTEMA
Fri May 24 0:15:33 PYT 2013: Sessions -> Default
Fri May 24 0:15:33 PYT 2013: Sessions -> logged_in
Fri May 24 0:15:33 PYT 2013: Session query: SELECT username,token,session,ip,id_usuario FROM usuarios WHERE id_usuario= 0 AND token='' AND session='' AND ip='192.168.1.8'
Fri May 24 0:15:33 PYT 2013: Session Logout
Fri May 24 0:16:11 PYT 2013: INCICIO SISTEMA
Fri May 24 0:16:11 PYT 2013: Sessions -> Default
Fri May 24 0:16:11 PYT 2013: Sessions -> logged_in
Fri May 24 0:16:11 PYT 2013: Session query: SELECT username,token,session,ip,id_usuario FROM usuarios WHERE id_usuario= 0 AND token='' AND session='' AND ip='192.168.1.8'
Fri May 24 0:16:11 PYT 2013: Session Logout
Fri May 24 0:16:16 PYT 2013: INCICIO SISTEMA
Fri May 24 0:16:16 PYT 2013: Sessions -> Default
Fri May 24 0:16:16 PYT 2013: Sessions -> logged_in
Fri May 24 0:16:16 PYT 2013: Session query: SELECT username,token,session,ip,id_usuario FROM usuarios WHERE id_usuario= 0 AND token='' AND session='' AND ip='192.168.1.8'
Fri May 24 0:16:16 PYT 2013: Session Logout
Fri May 24 0:16:17 PYT 2013: INCICIO SISTEMA
Fri May 24 0:16:17 PYT 2013: Sessions -> Default
Fri May 24 0:16:17 PYT 2013: Sessions -> logged_in
Fri May 24 0:16:17 PYT 2013: Session query: SELECT username,token,session,ip,id_usuario FROM usuarios WHERE id_usuario= 0 AND token='' AND session='' AND ip='192.168.1.8'
Fri May 24 0:16:17 PYT 2013: Session Logout
Fri May 24 0:16:24 PYT 2013: INCICIO SISTEMA
Fri May 24 0:16:24 PYT 2013: Sessions -> Default
Fri May 24 0:16:24 PYT 2013: Sessions -> logged_in
Fri May 24 0:16:24 PYT 2013: Session query: SELECT username,token,session,ip,id_usuario FROM usuarios WHERE id_usuario= 0 AND token='' AND session='' AND ip='192.168.1.8'
Fri May 24 0:16:24 PYT 2013: Session Logout
Fri May 24 0:16:26 PYT 2013: INCICIO SISTEMA
Fri May 24 0:16:26 PYT 2013: Sessions -> Default
Fri May 24 0:16:26 PYT 2013: Sessions -> logged_in
Fri May 24 0:16:26 PYT 2013: Session query: SELECT username,token,session,ip,id_usuario FROM usuarios WHERE id_usuario= 0 AND token='' AND session='' AND ip='192.168.1.8'
Fri May 24 0:16:26 PYT 2013: Session Logout
Fri May 24 0:16:34 PYT 2013: INCICIO SISTEMA
Fri May 24 0:16:34 PYT 2013: Sessions -> Default
Fri May 24 0:16:34 PYT 2013: Sessions -> logged_in
Fri May 24 0:16:34 PYT 2013: Session query: SELECT username,token,session,ip,id_usuario FROM usuarios WHERE id_usuario= 0 AND token='' AND session='' AND ip='192.168.1.8'
Fri May 24 0:16:34 PYT 2013: Session Logout
Fri May 24 0:16:43 PYT 2013: INCICIO SISTEMA
Fri May 24 0:16:43 PYT 2013: Sessions -> Default
Fri May 24 0:16:43 PYT 2013: Sessions -> logged_in
Fri May 24 0:16:43 PYT 2013: Session query: SELECT username,token,session,ip,id_usuario FROM usuarios WHERE id_usuario= 0 AND token='' AND session='' AND ip='192.168.1.8'
Fri May 24 0:16:43 PYT 2013: Session Logout
Fri May 24 0:16:49 PYT 2013: INCICIO SISTEMA
Fri May 24 0:16:49 PYT 2013: Sessions -> Default
Fri May 24 0:16:49 PYT 2013: Sessions -> logged_in
Fri May 24 0:16:49 PYT 2013: Session query: SELECT username,token,session,ip,id_usuario FROM usuarios WHERE id_usuario= 0 AND token='' AND session='' AND ip='192.168.1.8'
Fri May 24 0:16:49 PYT 2013: Session Logout
Fri May 24 0:16:58 PYT 2013: INCICIO SISTEMA
Fri May 24 0:16:58 PYT 2013: Sessions -> Default
Fri May 24 0:16:58 PYT 2013: Sessions -> logged_in
Fri May 24 0:16:58 PYT 2013: Session query: SELECT username,token,session,ip,id_usuario FROM usuarios WHERE id_usuario= 0 AND token='' AND session='' AND ip='192.168.1.8'
Fri May 24 0:16:58 PYT 2013: Session Logout
Fri May 24 0:17:03 PYT 2013: INCICIO SISTEMA
Fri May 24 0:17:03 PYT 2013: Sessions -> Default
Fri May 24 0:17:03 PYT 2013: Sessions -> logged_in
Fri May 24 0:17:03 PYT 2013: Session query: SELECT username,token,session,ip,id_usuario FROM usuarios WHERE id_usuario= 0 AND token='' AND session='' AND ip='192.168.1.8'
Fri May 24 0:17:03 PYT 2013: Session Logout
Fri May 24 0:17:15 PYT 2013: INCICIO SISTEMA
Fri May 24 0:17:15 PYT 2013: Sessions -> Default
Fri May 24 0:17:15 PYT 2013: Sessions -> logged_in
Fri May 24 0:17:15 PYT 2013: Session query: SELECT username,token,session,ip,id_usuario FROM usuarios WHERE id_usuario= 0 AND token='' AND session='' AND ip='192.168.1.8'
Fri May 24 0:17:15 PYT 2013: Session Logout
Fri May 24 0:19:00 PYT 2013: INCICIO SISTEMA
Fri May 24 0:19:00 PYT 2013: Sessions -> Default
Fri May 24 0:19:00 PYT 2013: Sessions -> logged_in
Fri May 24 0:19:00 PYT 2013: Session query: SELECT username,token,session,ip,id_usuario FROM usuarios WHERE id_usuario= 0 AND token='' AND session='' AND ip='192.168.1.8'
Fri May 24 0:19:00 PYT 2013: Session Logout
Fri May 24 0:32:12 PYT 2013: INCICIO SISTEMA
Fri May 24 0:32:12 PYT 2013: Sessions -> Default
Fri May 24 0:32:12 PYT 2013: Sessions -> logged_in
Fri May 24 0:32:12 PYT 2013: Session query: SELECT username,token,session,ip,id_usuario FROM usuarios WHERE id_usuario= 0 AND token='' AND session='' AND ip='192.168.1.8'
Fri May 24 0:32:12 PYT 2013: Session Logout
Fri May 24 0:39:34 PYT 2013: INCICIO SISTEMA
Fri May 24 0:39:34 PYT 2013: Sessions -> Default
Fri May 24 0:39:34 PYT 2013: Sessions -> logged_in
Fri May 24 0:39:34 PYT 2013: Session query: SELECT username,token,session,ip,id_usuario FROM usuarios WHERE id_usuario= 0 AND token='' AND session='' AND ip='192.168.1.8'
Fri May 24 0:39:34 PYT 2013: Session Logout
Fri May 24 0:43:48 PYT 2013: INCICIO SISTEMA
Fri May 24 0:43:48 PYT 2013: Sessions -> Default
Fri May 24 0:43:48 PYT 2013: Sessions -> logged_in
Fri May 24 0:43:48 PYT 2013: Session query: SELECT username,token,session,ip,id_usuario FROM usuarios WHERE id_usuario= 0 AND token='' AND session='' AND ip='192.168.1.8'
Fri May 24 0:43:48 PYT 2013: Session Logout
Fri May 24 0:44:04 PYT 2013: INCICIO SISTEMA
Fri May 24 0:44:04 PYT 2013: Sessions -> Default
Fri May 24 0:44:04 PYT 2013: Sessions -> logged_in
Fri May 24 0:44:04 PYT 2013: Session query: SELECT username,token,session,ip,id_usuario FROM usuarios WHERE id_usuario= 0 AND token='' AND session='' AND ip='192.168.1.8'
Fri May 24 0:44:04 PYT 2013: Session Logout
Fri May 24 0:44:06 PYT 2013: INCICIO SISTEMA
Fri May 24 0:44:06 PYT 2013: Sessions -> Default
Fri May 24 0:44:06 PYT 2013: Sessions -> logged_in
Fri May 24 0:44:06 PYT 2013: Session query: SELECT username,token,session,ip,id_usuario FROM usuarios WHERE id_usuario= 0 AND token='' AND session='' AND ip='192.168.1.8'
Fri May 24 0:44:06 PYT 2013: Session Logout
Fri May 24 0:44:18 PYT 2013: INCICIO SISTEMA
Fri May 24 0:44:18 PYT 2013: Sessions -> Default
Fri May 24 0:44:18 PYT 2013: Sessions -> logged_in
Fri May 24 0:44:18 PYT 2013: Session query: SELECT username,token,session,ip,id_usuario FROM usuarios WHERE id_usuario= 0 AND token='' AND session='' AND ip='192.168.1.8'
Fri May 24 0:44:18 PYT 2013: Session Logout
Fri May 24 0:45:46 PYT 2013: INCICIO SISTEMA
Fri May 24 0:45:46 PYT 2013: Sessions -> Default
Fri May 24 0:45:46 PYT 2013: Sessions -> logged_in
Fri May 24 0:45:46 PYT 2013: Session query: SELECT username,token,session,ip,id_usuario FROM usuarios WHERE id_usuario= 0 AND token='' AND session='' AND ip='192.168.1.8'
Fri May 24 0:45:46 PYT 2013: Session Logout
Fri May 24 0:46:59 PYT 2013: INCICIO SISTEMA
Fri May 24 0:46:59 PYT 2013: Sessions -> Default
Fri May 24 0:46:59 PYT 2013: Sessions -> logged_in
Fri May 24 0:46:59 PYT 2013: Session query: SELECT username,token,session,ip,id_usuario FROM usuarios WHERE id_usuario= 0 AND token='' AND session='' AND ip='192.168.1.8'
Fri May 24 0:46:59 PYT 2013: Session Logout
Fri May 24 0:47:09 PYT 2013: INCICIO SISTEMA
Fri May 24 0:47:09 PYT 2013: Sessions -> Default
Fri May 24 0:47:09 PYT 2013: Sessions -> logged_in
Fri May 24 0:47:09 PYT 2013: Session query: SELECT username,token,session,ip,id_usuario FROM usuarios WHERE id_usuario= 0 AND token='' AND session='' AND ip='192.168.1.8'
Fri May 24 0:47:09 PYT 2013: Session Logout
Fri May 24 0:47:48 PYT 2013: INCICIO SISTEMA
Fri May 24 0:47:48 PYT 2013: Sessions -> Default
Fri May 24 0:47:48 PYT 2013: Sessions -> logged_in
Fri May 24 0:47:48 PYT 2013: Session query: SELECT username,token,session,ip,id_usuario FROM usuarios WHERE id_usuario= 0 AND token='' AND session='' AND ip='192.168.1.8'
Fri May 24 0:47:48 PYT 2013: Session Logout
Fri May 24 0:47:50 PYT 2013: INCICIO SISTEMA
Fri May 24 0:47:50 PYT 2013: Sessions -> Default
Fri May 24 0:47:50 PYT 2013: Sessions -> logged_in
Fri May 24 0:47:50 PYT 2013: Session query: SELECT username,token,session,ip,id_usuario FROM usuarios WHERE id_usuario= 0 AND token='' AND session='' AND ip='192.168.1.8'
Fri May 24 0:47:50 PYT 2013: Session Logout
Fri May 24 0:47:54 PYT 2013: INCICIO SISTEMA
Fri May 24 0:47:54 PYT 2013: Sessions -> Default
Fri May 24 0:47:54 PYT 2013: Sessions -> logged_in
Fri May 24 0:47:54 PYT 2013: Session query: SELECT username,token,session,ip,id_usuario FROM usuarios WHERE id_usuario= 0 AND token='' AND session='' AND ip='192.168.1.8'
Fri May 24 0:47:54 PYT 2013: Session Logout
Fri May 24 0:47:55 PYT 2013: INCICIO SISTEMA
Fri May 24 0:47:55 PYT 2013: Sessions -> Default
Fri May 24 0:47:55 PYT 2013: Sessions -> logged_in
Fri May 24 0:47:55 PYT 2013: Session query: SELECT username,token,session,ip,id_usuario FROM usuarios WHERE id_usuario= 0 AND token='' AND session='' AND ip='192.168.1.8'
Fri May 24 0:47:55 PYT 2013: Session Logout
Fri May 24 0:47:56 PYT 2013: INCICIO SISTEMA
Fri May 24 0:47:56 PYT 2013: Sessions -> Default
Fri May 24 0:47:56 PYT 2013: Sessions -> logged_in
Fri May 24 0:47:56 PYT 2013: Session query: SELECT username,token,session,ip,id_usuario FROM usuarios WHERE id_usuario= 0 AND token='' AND session='' AND ip='192.168.1.8'
Fri May 24 0:47:56 PYT 2013: Session Logout
Fri May 24 0:47:57 PYT 2013: INCICIO SISTEMA
Fri May 24 0:47:57 PYT 2013: Sessions -> Default
Fri May 24 0:47:57 PYT 2013: Sessions -> logged_in
Fri May 24 0:47:57 PYT 2013: Session query: SELECT username,token,session,ip,id_usuario FROM usuarios WHERE id_usuario= 0 AND token='' AND session='' AND ip='192.168.1.8'
Fri May 24 0:47:57 PYT 2013: Session Logout
Fri May 24 0:47:57 PYT 2013: INCICIO SISTEMA
Fri May 24 0:47:57 PYT 2013: Sessions -> Default
Fri May 24 0:47:57 PYT 2013: Sessions -> logged_in
Fri May 24 0:47:57 PYT 2013: Session query: SELECT username,token,session,ip,id_usuario FROM usuarios WHERE id_usuario= 0 AND token='' AND session='' AND ip='192.168.1.8'
Fri May 24 0:47:57 PYT 2013: Session Logout
Fri May 24 0:47:58 PYT 2013: INCICIO SISTEMA
Fri May 24 0:47:58 PYT 2013: Sessions -> Default
Fri May 24 0:47:58 PYT 2013: Sessions -> logged_in
Fri May 24 0:47:58 PYT 2013: Session query: SELECT username,token,session,ip,id_usuario FROM usuarios WHERE id_usuario= 0 AND token='' AND session='' AND ip='192.168.1.8'
Fri May 24 0:47:58 PYT 2013: Session Logout
Fri May 24 0:47:58 PYT 2013: INCICIO SISTEMA
Fri May 24 0:47:58 PYT 2013: Sessions -> Default
Fri May 24 0:47:58 PYT 2013: Sessions -> logged_in
Fri May 24 0:47:58 PYT 2013: Session query: SELECT username,token,session,ip,id_usuario FROM usuarios WHERE id_usuario= 0 AND token='' AND session='' AND ip='192.168.1.8'
Fri May 24 0:47:58 PYT 2013: Session Logout
Fri May 24 0:48:09 PYT 2013: INCICIO SISTEMA
Fri May 24 0:48:09 PYT 2013: Sessions -> Default
Fri May 24 0:48:09 PYT 2013: Sessions -> logged_in
Fri May 24 0:48:09 PYT 2013: Session query: SELECT username,token,session,ip,id_usuario FROM usuarios WHERE id_usuario= 0 AND token='' AND session='' AND ip='192.168.1.8'
Fri May 24 0:48:09 PYT 2013: Session Logout
Fri May 24 0:48:14 PYT 2013: INCICIO SISTEMA
Fri May 24 0:48:14 PYT 2013: Sessions -> Default
Fri May 24 0:48:14 PYT 2013: Sessions -> logged_in
Fri May 24 0:48:14 PYT 2013: Session query: SELECT username,token,session,ip,id_usuario FROM usuarios WHERE id_usuario= 0 AND token='' AND session='' AND ip='192.168.1.8'
Fri May 24 0:48:14 PYT 2013: Session Logout
Fri May 24 0:48:21 PYT 2013: INCICIO SISTEMA
Fri May 24 0:48:21 PYT 2013: Sessions -> Default
Fri May 24 0:48:21 PYT 2013: Sessions -> logged_in
Fri May 24 0:48:21 PYT 2013: Session query: SELECT username,token,session,ip,id_usuario FROM usuarios WHERE id_usuario= 0 AND token='' AND session='' AND ip='192.168.1.8'
Fri May 24 0:48:21 PYT 2013: Session Logout
Fri May 24 0:48:23 PYT 2013: INCICIO SISTEMA
Fri May 24 0:48:23 PYT 2013: Sessions -> Default
Fri May 24 0:48:23 PYT 2013: Sessions -> logged_in
Fri May 24 0:48:23 PYT 2013: Session query: SELECT username,token,session,ip,id_usuario FROM usuarios WHERE id_usuario= 0 AND token='' AND session='' AND ip='192.168.1.8'
Fri May 24 0:48:23 PYT 2013: Session Logout
Fri May 24 0:48:26 PYT 2013: INCICIO SISTEMA
Fri May 24 0:48:26 PYT 2013: Sessions -> Default
Fri May 24 0:48:26 PYT 2013: Sessions -> logged_in
Fri May 24 0:48:26 PYT 2013: Session query: SELECT username,token,session,ip,id_usuario FROM usuarios WHERE id_usuario= 0 AND token='' AND session='' AND ip='192.168.1.8'
Fri May 24 0:48:26 PYT 2013: Session Logout
Fri May 24 0:48:50 PYT 2013: INCICIO SISTEMA
Fri May 24 0:48:50 PYT 2013: Sessions -> Default
Fri May 24 0:48:50 PYT 2013: Sessions -> logged_in
Fri May 24 0:48:50 PYT 2013: Session query: SELECT username,token,session,ip,id_usuario FROM usuarios WHERE id_usuario= 0 AND token='' AND session='' AND ip='192.168.1.8'
Fri May 24 0:48:50 PYT 2013: Session Logout
Fri May 24 0:49:02 PYT 2013: INCICIO SISTEMA
Fri May 24 0:49:02 PYT 2013: Sessions -> Default
Fri May 24 0:49:02 PYT 2013: Sessions -> logged_in
Fri May 24 0:49:02 PYT 2013: Session query: SELECT username,token,session,ip,id_usuario FROM usuarios WHERE id_usuario= 0 AND token='' AND session='' AND ip='192.168.1.8'
Fri May 24 0:49:02 PYT 2013: Session Logout
Fri May 24 0:49:55 PYT 2013: INCICIO SISTEMA
Fri May 24 0:49:55 PYT 2013: Sessions -> Default
Fri May 24 0:49:55 PYT 2013: Sessions -> logged_in
Fri May 24 0:49:55 PYT 2013: Session query: SELECT username,token,session,ip,id_usuario FROM usuarios WHERE id_usuario= 0 AND token='' AND session='' AND ip='192.168.1.8'
Fri May 24 0:49:55 PYT 2013: Session Logout
Fri May 24 0:52:25 PYT 2013: INCICIO SISTEMA
Fri May 24 0:52:25 PYT 2013: Sessions -> Default
Fri May 24 0:52:25 PYT 2013: Sessions -> logged_in
Fri May 24 0:52:25 PYT 2013: Session query: SELECT username,token,session,ip,id_usuario FROM usuarios WHERE id_usuario= 0 AND token='' AND session='' AND ip='192.168.1.8'
Fri May 24 0:52:25 PYT 2013: Session Logout
Fri May 24 0:52:28 PYT 2013: INCICIO SISTEMA
Fri May 24 0:52:28 PYT 2013: Sessions -> Default
Fri May 24 0:52:28 PYT 2013: Sessions -> logged_in
Fri May 24 0:52:28 PYT 2013: Session query: SELECT username,token,session,ip,id_usuario FROM usuarios WHERE id_usuario= 0 AND token='' AND session='' AND ip='192.168.1.8'
Fri May 24 0:52:28 PYT 2013: Session Logout
Fri May 24 0:52:29 PYT 2013: INCICIO SISTEMA
Fri May 24 0:52:29 PYT 2013: Sessions -> Default
Fri May 24 0:52:29 PYT 2013: Sessions -> logged_in
Fri May 24 0:52:29 PYT 2013: Session query: SELECT username,token,session,ip,id_usuario FROM usuarios WHERE id_usuario= 0 AND token='' AND session='' AND ip='192.168.1.8'
Fri May 24 0:52:29 PYT 2013: Session Logout
Fri May 24 0:52:29 PYT 2013: INCICIO SISTEMA
Fri May 24 0:52:29 PYT 2013: Sessions -> Default
Fri May 24 0:52:29 PYT 2013: Sessions -> logged_in
Fri May 24 0:52:29 PYT 2013: Session query: SELECT username,token,session,ip,id_usuario FROM usuarios WHERE id_usuario= 0 AND token='' AND session='' AND ip='192.168.1.8'
Fri May 24 0:52:29 PYT 2013: Session Logout
Fri May 24 0:52:30 PYT 2013: INCICIO SISTEMA
Fri May 24 0:52:30 PYT 2013: Sessions -> Default
Fri May 24 0:52:30 PYT 2013: Sessions -> logged_in
Fri May 24 0:52:30 PYT 2013: Session query: SELECT username,token,session,ip,id_usuario FROM usuarios WHERE id_usuario= 0 AND token='' AND session='' AND ip='192.168.1.8'
Fri May 24 0:52:30 PYT 2013: Session Logout
Fri May 24 0:53:34 PYT 2013: INCICIO SISTEMA
Fri May 24 0:53:34 PYT 2013: Sessions -> Default
Fri May 24 0:53:34 PYT 2013: Sessions -> logged_in
Fri May 24 0:53:34 PYT 2013: Session query: SELECT username,token,session,ip,id_usuario FROM usuarios WHERE id_usuario= 0 AND token='' AND session='' AND ip='192.168.1.8'
Fri May 24 0:53:34 PYT 2013: Session Logout
Fri May 24 0:53:35 PYT 2013: INCICIO SISTEMA
Fri May 24 0:53:35 PYT 2013: Sessions -> Default
Fri May 24 0:53:35 PYT 2013: Sessions -> logged_in
Fri May 24 0:53:35 PYT 2013: Session query: SELECT username,token,session,ip,id_usuario FROM usuarios WHERE id_usuario= 0 AND token='' AND session='' AND ip='192.168.1.8'
Fri May 24 0:53:35 PYT 2013: Session Logout
Fri May 24 0:53:36 PYT 2013: INCICIO SISTEMA
Fri May 24 0:53:36 PYT 2013: Sessions -> Default
Fri May 24 0:53:36 PYT 2013: Sessions -> logged_in
Fri May 24 0:53:36 PYT 2013: Session query: SELECT username,token,session,ip,id_usuario FROM usuarios WHERE id_usuario= 0 AND token='' AND session='' AND ip='192.168.1.8'
Fri May 24 0:53:36 PYT 2013: Session Logout
Fri May 24 0:53:45 PYT 2013: INCICIO SISTEMA
Fri May 24 0:53:45 PYT 2013: Sessions -> Default
Fri May 24 0:53:45 PYT 2013: Sessions -> logged_in
Fri May 24 0:53:45 PYT 2013: Session query: SELECT username,token,session,ip,id_usuario FROM usuarios WHERE id_usuario= 0 AND token='' AND session='' AND ip='192.168.1.8'
Fri May 24 0:53:45 PYT 2013: Session Logout
Fri May 24 0:53:45 PYT 2013: INCICIO SISTEMA
Fri May 24 0:53:45 PYT 2013: Sessions -> Default
Fri May 24 0:53:45 PYT 2013: Sessions -> logged_in
Fri May 24 0:53:45 PYT 2013: Session query: SELECT username,token,session,ip,id_usuario FROM usuarios WHERE id_usuario= 0 AND token='' AND session='' AND ip='192.168.1.8'
Fri May 24 0:53:45 PYT 2013: Session Logout
Fri May 24 0:53:55 PYT 2013: INCICIO SISTEMA
Fri May 24 0:53:55 PYT 2013: Sessions -> Default
Fri May 24 0:53:55 PYT 2013: Sessions -> logged_in
Fri May 24 0:53:55 PYT 2013: Session query: SELECT username,token,session,ip,id_usuario FROM usuarios WHERE id_usuario= 0 AND token='' AND session='' AND ip='192.168.1.8'
Fri May 24 0:53:55 PYT 2013: Session Logout
Fri May 24 0:54:03 PYT 2013: INCICIO SISTEMA
Fri May 24 0:54:03 PYT 2013: Sessions -> Default
Fri May 24 0:54:03 PYT 2013: Sessions -> logged_in
Fri May 24 0:54:03 PYT 2013: Session query: SELECT username,token,session,ip,id_usuario FROM usuarios WHERE id_usuario= 0 AND token='' AND session='' AND ip='192.168.1.8'
Fri May 24 0:54:03 PYT 2013: Session Logout
Fri May 24 0:59:21 PYT 2013: INCICIO SISTEMA
Fri May 24 0:59:21 PYT 2013: Sessions -> Default
Fri May 24 0:59:21 PYT 2013: Sessions -> logged_in
Fri May 24 0:59:21 PYT 2013: Session query: SELECT username,token,session,ip,id_usuario FROM usuarios WHERE id_usuario= 0 AND token='' AND session='' AND ip='192.168.1.8'
Fri May 24 0:59:21 PYT 2013: Session Logout
Fri May 24 1:02:03 PYT 2013: INCICIO SISTEMA
Fri May 24 1:02:09 PYT 2013: INCICIO SISTEMA
Fri May 24 1:05:06 PYT 2013: INCICIO SISTEMA
Fri May 24 1:05:25 PYT 2013: INCICIO SISTEMA
Fri May 24 1:08:52 PYT 2013: INCICIO SISTEMA
Fri May 24 1:08:52 PYT 2013: INCICIO SISTEMA
Fri May 24 1:08:53 PYT 2013: INCICIO SISTEMA
Fri May 24 1:09:48 PYT 2013: INCICIO SISTEMA
Fri May 24 1:09:49 PYT 2013: INCICIO SISTEMA
Fri May 24 1:09:50 PYT 2013: INCICIO SISTEMA
Fri May 24 1:09:52 PYT 2013: INCICIO SISTEMA
Fri May 24 1:10:09 PYT 2013: INCICIO SISTEMA
Fri May 24 1:10:10 PYT 2013: INCICIO SISTEMA
Fri May 24 1:10:30 PYT 2013: INCICIO SISTEMA
Fri May 24 1:10:30 PYT 2013: Web: 
Fri May 24 1:11:29 PYT 2013: INCICIO SISTEMA
Fri May 24 1:11:29 PYT 2013: Seccion administracion 
Fri May 24 1:13:27 PYT 2013: INCICIO SISTEMA
Fri May 24 1:13:27 PYT 2013: Seccion administracion 
Fri May 24 1:13:34 PYT 2013: INCICIO SISTEMA
Fri May 24 1:13:34 PYT 2013: Seccion administracion 
Fri May 24 1:15:11 PYT 2013: INCICIO SISTEMA
Fri May 24 1:15:11 PYT 2013: Seccion administracion 
Fri May 24 1:15:11 PYT 2013: Web: 
Fri May 24 1:16:02 PYT 2013: INCICIO SISTEMA
Fri May 24 1:16:02 PYT 2013: Seccion administracion 
Fri May 24 1:16:02 PYT 2013: Web: 
Fri May 24 1:16:02 PYT 2013: Web: menu principal 
Fri May 24 1:16:30 PYT 2013: INCICIO SISTEMA
Fri May 24 1:16:30 PYT 2013: Seccion administracion 
Fri May 24 1:16:30 PYT 2013: Web: 
Fri May 24 1:16:30 PYT 2013: Web: menu principal 
