Sun May 26 16:19:35 PYT 2013: INCICIO SISTEMA
Sun May 26 16:19:35 PYT 2013: Seccion administracion 
Sun May 26 16:19:35 PYT 2013: Web: 
Sun May 26 16:19:35 PYT 2013: Web: seccion categorias
Sun May 26 16:19:36 PYT 2013: INCICIO SISTEMA
Sun May 26 16:19:36 PYT 2013: Seccion administracion 
Sun May 26 16:19:36 PYT 2013: Web: 
Sun May 26 16:19:36 PYT 2013: Web: seccion categorias
Sun May 26 16:19:36 PYT 2013: INCICIO SISTEMA
Sun May 26 16:19:36 PYT 2013: Seccion administracion 
Sun May 26 16:19:36 PYT 2013: Web: 
Sun May 26 16:19:36 PYT 2013: Web: seccion categorias
Sun May 26 16:19:50 PYT 2013: INCICIO SISTEMA
Sun May 26 16:19:50 PYT 2013: Seccion administracion 
Sun May 26 16:19:50 PYT 2013: Web: 
Sun May 26 16:19:50 PYT 2013: Web: seccion categorias
Sun May 26 16:19:50 PYT 2013: Asignando el template:
Sun May 26 16:22:40 PYT 2013: INCICIO SISTEMA
Sun May 26 16:22:40 PYT 2013: Seccion administracion 
Sun May 26 16:22:40 PYT 2013: Web: 
Sun May 26 16:22:40 PYT 2013: Web: seccion categorias
Sun May 26 16:22:40 PYT 2013: Asignando el template:
Sun May 26 16:23:00 PYT 2013: INCICIO SISTEMA
Sun May 26 16:23:00 PYT 2013: Seccion administracion 
Sun May 26 16:23:00 PYT 2013: Web: 
Sun May 26 16:23:00 PYT 2013: Web: seccion categorias
Sun May 26 16:23:00 PYT 2013: Asignando el template:
Sun May 26 16:23:28 PYT 2013: INCICIO SISTEMA
Sun May 26 16:23:28 PYT 2013: Seccion administracion 
Sun May 26 16:23:28 PYT 2013: Web: 
Sun May 26 16:23:28 PYT 2013: Web: seccion categorias
Sun May 26 16:23:28 PYT 2013: Asignando el template:
Sun May 26 16:24:29 PYT 2013: INCICIO SISTEMA
Sun May 26 16:24:29 PYT 2013: Seccion administracion 
Sun May 26 16:24:29 PYT 2013: Web: 
Sun May 26 16:24:29 PYT 2013: Web: seccion categorias
Sun May 26 16:24:29 PYT 2013: Asignando el template:
Sun May 26 16:24:53 PYT 2013: INCICIO SISTEMA
Sun May 26 16:24:53 PYT 2013: Seccion administracion 
Sun May 26 16:24:53 PYT 2013: Web: 
Sun May 26 16:24:53 PYT 2013: Web: seccion categorias
Sun May 26 16:24:53 PYT 2013: Asignando el template:
Sun May 26 16:25:18 PYT 2013: INCICIO SISTEMA
Sun May 26 16:25:18 PYT 2013: Seccion administracion 
Sun May 26 16:25:18 PYT 2013: Web: 
Sun May 26 16:25:18 PYT 2013: Web: seccion categorias
Sun May 26 16:25:18 PYT 2013: Asignando el template:
Sun May 26 16:27:32 PYT 2013: INCICIO SISTEMA
Sun May 26 16:27:32 PYT 2013: Seccion administracion 
Sun May 26 16:27:32 PYT 2013: Web: 
Sun May 26 16:27:32 PYT 2013: Web: seccion categorias
Sun May 26 16:27:32 PYT 2013: Asignando el template:
Sun May 26 16:27:34 PYT 2013: INCICIO SISTEMA
Sun May 26 16:27:34 PYT 2013: Seccion administracion 
Sun May 26 16:27:34 PYT 2013: Web: 
Sun May 26 16:27:34 PYT 2013: Web: seccion categorias
Sun May 26 16:27:34 PYT 2013: Asignando el template:
Sun May 26 16:27:34 PYT 2013: INCICIO SISTEMA
Sun May 26 16:27:34 PYT 2013: Seccion administracion 
Sun May 26 16:27:34 PYT 2013: Web: 
Sun May 26 16:27:34 PYT 2013: Web: seccion categorias
Sun May 26 16:27:34 PYT 2013: Asignando el template:
Sun May 26 16:27:35 PYT 2013: INCICIO SISTEMA
Sun May 26 16:27:35 PYT 2013: Seccion administracion 
Sun May 26 16:27:35 PYT 2013: Web: 
Sun May 26 16:27:35 PYT 2013: Web: seccion categorias
Sun May 26 16:27:35 PYT 2013: Asignando el template:
Sun May 26 16:27:35 PYT 2013: INCICIO SISTEMA
Sun May 26 16:27:35 PYT 2013: Seccion administracion 
Sun May 26 16:27:35 PYT 2013: Web: 
Sun May 26 16:27:35 PYT 2013: Web: seccion categorias
Sun May 26 16:27:35 PYT 2013: Asignando el template:
Sun May 26 16:27:35 PYT 2013: INCICIO SISTEMA
Sun May 26 16:27:35 PYT 2013: Seccion administracion 
Sun May 26 16:27:35 PYT 2013: Web: 
Sun May 26 16:27:35 PYT 2013: Web: seccion categorias
Sun May 26 16:27:35 PYT 2013: Asignando el template:
Sun May 26 16:27:36 PYT 2013: INCICIO SISTEMA
Sun May 26 16:27:36 PYT 2013: Seccion administracion 
Sun May 26 16:27:36 PYT 2013: Web: 
Sun May 26 16:27:36 PYT 2013: Web: seccion categorias
Sun May 26 16:27:36 PYT 2013: Asignando el template:
Sun May 26 16:27:37 PYT 2013: INCICIO SISTEMA
Sun May 26 16:27:37 PYT 2013: Seccion administracion 
Sun May 26 16:27:37 PYT 2013: Web: 
Sun May 26 16:27:37 PYT 2013: Web: seccion categorias
Sun May 26 16:27:37 PYT 2013: Asignando el template:
Sun May 26 16:27:37 PYT 2013: INCICIO SISTEMA
Sun May 26 16:27:37 PYT 2013: Seccion administracion 
Sun May 26 16:27:37 PYT 2013: Web: 
Sun May 26 16:27:37 PYT 2013: Web: seccion categorias
Sun May 26 16:27:37 PYT 2013: Asignando el template:
Sun May 26 16:27:37 PYT 2013: INCICIO SISTEMA
Sun May 26 16:27:37 PYT 2013: Seccion administracion 
Sun May 26 16:27:37 PYT 2013: Web: 
Sun May 26 16:27:37 PYT 2013: Web: seccion categorias
Sun May 26 16:27:37 PYT 2013: Asignando el template:
Sun May 26 16:27:37 PYT 2013: INCICIO SISTEMA
Sun May 26 16:27:37 PYT 2013: Seccion administracion 
Sun May 26 16:27:37 PYT 2013: Web: 
Sun May 26 16:27:37 PYT 2013: Web: seccion categorias
Sun May 26 16:27:37 PYT 2013: Asignando el template:
Sun May 26 16:27:37 PYT 2013: INCICIO SISTEMA
Sun May 26 16:27:37 PYT 2013: Seccion administracion 
Sun May 26 16:27:37 PYT 2013: Web: 
Sun May 26 16:27:37 PYT 2013: Web: seccion categorias
Sun May 26 16:27:37 PYT 2013: Asignando el template:
Sun May 26 16:28:25 PYT 2013: INCICIO SISTEMA
Sun May 26 16:28:25 PYT 2013: Seccion administracion 
Sun May 26 16:28:25 PYT 2013: Web: 
Sun May 26 16:28:25 PYT 2013: Web: seccion categorias
Sun May 26 16:28:25 PYT 2013: Asignando el template:
Sun May 26 16:28:53 PYT 2013: INCICIO SISTEMA
Sun May 26 16:28:53 PYT 2013: Seccion administracion 
Sun May 26 16:28:53 PYT 2013: Web: 
Sun May 26 16:28:53 PYT 2013: Web: seccion categorias
Sun May 26 16:28:53 PYT 2013: Asignando el template:
Sun May 26 16:28:54 PYT 2013: INCICIO SISTEMA
Sun May 26 16:28:54 PYT 2013: Seccion administracion 
Sun May 26 16:28:54 PYT 2013: Web: 
Sun May 26 16:28:54 PYT 2013: Web: seccion categorias
Sun May 26 16:28:54 PYT 2013: Asignando el template:
Sun May 26 16:29:23 PYT 2013: INCICIO SISTEMA
Sun May 26 16:29:23 PYT 2013: Seccion administracion 
Sun May 26 16:29:23 PYT 2013: Web: 
Sun May 26 16:29:23 PYT 2013: Web: seccion categorias
Sun May 26 16:29:23 PYT 2013: Asignando el template:
Sun May 26 16:29:24 PYT 2013: INCICIO SISTEMA
Sun May 26 16:29:24 PYT 2013: Seccion administracion 
Sun May 26 16:29:24 PYT 2013: Web: 
Sun May 26 16:29:24 PYT 2013: Web: seccion categorias
Sun May 26 16:29:24 PYT 2013: Asignando el template:
Sun May 26 16:29:48 PYT 2013: INCICIO SISTEMA
Sun May 26 16:29:48 PYT 2013: Seccion administracion 
Sun May 26 16:29:48 PYT 2013: Web: 
Sun May 26 16:29:48 PYT 2013: Web: seccion categorias
Sun May 26 16:29:48 PYT 2013: Asignando el template:
Sun May 26 16:30:29 PYT 2013: INCICIO SISTEMA
Sun May 26 16:30:29 PYT 2013: Seccion administracion 
Sun May 26 16:30:29 PYT 2013: Web: 
Sun May 26 16:30:29 PYT 2013: Web: seccion categorias
Sun May 26 16:30:29 PYT 2013: Asignando el template:
Sun May 26 16:32:25 PYT 2013: INCICIO SISTEMA
Sun May 26 16:32:25 PYT 2013: Seccion administracion 
Sun May 26 16:32:25 PYT 2013: Web: 
Sun May 26 16:32:25 PYT 2013: Web: seccion categorias
Sun May 26 16:32:25 PYT 2013: Asignando el template:
Sun May 26 16:32:26 PYT 2013: INCICIO SISTEMA
Sun May 26 16:32:26 PYT 2013: Seccion administracion 
Sun May 26 16:32:26 PYT 2013: Web: 
Sun May 26 16:32:26 PYT 2013: Web: seccion categorias
Sun May 26 16:32:26 PYT 2013: Asignando el template:
Sun May 26 16:32:40 PYT 2013: INCICIO SISTEMA
Sun May 26 16:32:40 PYT 2013: Seccion administracion 
Sun May 26 16:32:40 PYT 2013: Web: 
Sun May 26 16:32:40 PYT 2013: Web: seccion categorias
Sun May 26 16:32:40 PYT 2013: Asignando el template:
Sun May 26 16:33:23 PYT 2013: INCICIO SISTEMA
Sun May 26 16:33:23 PYT 2013: Seccion administracion 
Sun May 26 16:33:23 PYT 2013: Web: 
Sun May 26 16:33:23 PYT 2013: Web: seccion categorias
Sun May 26 16:33:23 PYT 2013: Asignando el template:
Sun May 26 16:34:00 PYT 2013: INCICIO SISTEMA
Sun May 26 16:34:00 PYT 2013: Seccion administracion 
Sun May 26 16:34:00 PYT 2013: Web: 
Sun May 26 16:34:00 PYT 2013: Web: seccion categorias
Sun May 26 16:34:00 PYT 2013: Asignando el template:
Sun May 26 16:36:13 PYT 2013: INCICIO SISTEMA
Sun May 26 16:36:13 PYT 2013: Seccion administracion 
Sun May 26 16:36:13 PYT 2013: Web: 
Sun May 26 16:36:13 PYT 2013: Web: seccion categorias
Sun May 26 16:36:13 PYT 2013: Asignando el template:
Sun May 26 16:36:19 PYT 2013: INCICIO SISTEMA
Sun May 26 16:36:19 PYT 2013: Seccion administracion 
Sun May 26 16:36:19 PYT 2013: Web: 
Sun May 26 16:36:19 PYT 2013: Web: seccion categorias
Sun May 26 16:36:19 PYT 2013: Asignando el template:
Sun May 26 16:37:07 PYT 2013: INCICIO SISTEMA
Sun May 26 16:37:07 PYT 2013: Seccion administracion 
Sun May 26 16:37:07 PYT 2013: Web: 
Sun May 26 16:37:07 PYT 2013: Web: seccion categorias
Sun May 26 16:37:07 PYT 2013: Asignando el template:
Sun May 26 16:37:08 PYT 2013: INCICIO SISTEMA
Sun May 26 16:37:08 PYT 2013: Seccion administracion 
Sun May 26 16:37:08 PYT 2013: Web: 
Sun May 26 16:37:08 PYT 2013: Web: seccion categorias
Sun May 26 16:37:08 PYT 2013: Asignando el template:
Sun May 26 16:37:28 PYT 2013: INCICIO SISTEMA
Sun May 26 16:37:28 PYT 2013: Seccion administracion 
Sun May 26 16:37:28 PYT 2013: Web: 
Sun May 26 16:37:28 PYT 2013: Web: seccion categorias
Sun May 26 16:37:28 PYT 2013: Asignando el template:
Sun May 26 16:37:29 PYT 2013: INCICIO SISTEMA
Sun May 26 16:37:29 PYT 2013: Seccion administracion 
Sun May 26 16:37:29 PYT 2013: Web: 
Sun May 26 16:37:29 PYT 2013: Web: seccion categorias
Sun May 26 16:37:29 PYT 2013: Asignando el template:
Sun May 26 16:37:33 PYT 2013: INCICIO SISTEMA
Sun May 26 16:37:33 PYT 2013: Seccion administracion 
Sun May 26 16:37:33 PYT 2013: Web: 
Sun May 26 16:37:33 PYT 2013: Web: seccion categorias
Sun May 26 16:37:33 PYT 2013: Asignando el template:
Sun May 26 16:37:33 PYT 2013: INCICIO SISTEMA
Sun May 26 16:37:33 PYT 2013: Seccion administracion 
Sun May 26 16:37:33 PYT 2013: Web: 
Sun May 26 16:37:33 PYT 2013: Web: seccion categorias
Sun May 26 16:37:33 PYT 2013: Asignando el template:
Sun May 26 16:37:34 PYT 2013: INCICIO SISTEMA
Sun May 26 16:37:34 PYT 2013: Seccion administracion 
Sun May 26 16:37:34 PYT 2013: Web: 
Sun May 26 16:37:34 PYT 2013: Web: seccion categorias
Sun May 26 16:37:34 PYT 2013: Asignando el template:
Sun May 26 16:37:34 PYT 2013: INCICIO SISTEMA
Sun May 26 16:37:34 PYT 2013: Seccion administracion 
Sun May 26 16:37:34 PYT 2013: Web: 
Sun May 26 16:37:34 PYT 2013: Web: seccion categorias
Sun May 26 16:37:34 PYT 2013: Asignando el template:
Sun May 26 16:37:34 PYT 2013: INCICIO SISTEMA
Sun May 26 16:37:34 PYT 2013: Seccion administracion 
Sun May 26 16:37:34 PYT 2013: Web: 
Sun May 26 16:37:34 PYT 2013: Web: seccion categorias
Sun May 26 16:37:34 PYT 2013: Asignando el template:
Sun May 26 16:37:34 PYT 2013: INCICIO SISTEMA
Sun May 26 16:37:34 PYT 2013: Seccion administracion 
Sun May 26 16:37:34 PYT 2013: Web: 
Sun May 26 16:37:34 PYT 2013: Web: seccion categorias
Sun May 26 16:37:34 PYT 2013: Asignando el template:
Sun May 26 16:37:35 PYT 2013: INCICIO SISTEMA
Sun May 26 16:37:35 PYT 2013: Seccion administracion 
Sun May 26 16:37:35 PYT 2013: Web: 
Sun May 26 16:37:35 PYT 2013: Web: seccion categorias
Sun May 26 16:37:35 PYT 2013: Asignando el template:
Sun May 26 16:37:35 PYT 2013: INCICIO SISTEMA
Sun May 26 16:37:35 PYT 2013: Seccion administracion 
Sun May 26 16:37:35 PYT 2013: Web: 
Sun May 26 16:37:35 PYT 2013: Web: seccion categorias
Sun May 26 16:37:35 PYT 2013: Asignando el template:
Sun May 26 16:37:35 PYT 2013: INCICIO SISTEMA
Sun May 26 16:37:35 PYT 2013: Seccion administracion 
Sun May 26 16:37:35 PYT 2013: Web: 
Sun May 26 16:37:35 PYT 2013: Web: seccion categorias
Sun May 26 16:37:35 PYT 2013: Asignando el template:
Sun May 26 16:37:35 PYT 2013: INCICIO SISTEMA
Sun May 26 16:37:35 PYT 2013: Seccion administracion 
Sun May 26 16:37:35 PYT 2013: Web: 
Sun May 26 16:37:35 PYT 2013: Web: seccion categorias
Sun May 26 16:37:35 PYT 2013: Asignando el template:
Sun May 26 16:37:35 PYT 2013: INCICIO SISTEMA
Sun May 26 16:37:35 PYT 2013: Seccion administracion 
Sun May 26 16:37:35 PYT 2013: Web: 
Sun May 26 16:37:35 PYT 2013: Web: seccion categorias
Sun May 26 16:37:35 PYT 2013: Asignando el template:
Sun May 26 16:37:36 PYT 2013: INCICIO SISTEMA
Sun May 26 16:37:36 PYT 2013: Seccion administracion 
Sun May 26 16:37:36 PYT 2013: Web: 
Sun May 26 16:37:36 PYT 2013: Web: seccion categorias
Sun May 26 16:37:36 PYT 2013: Asignando el template:
Sun May 26 16:37:36 PYT 2013: INCICIO SISTEMA
Sun May 26 16:37:36 PYT 2013: Seccion administracion 
Sun May 26 16:37:36 PYT 2013: Web: 
Sun May 26 16:37:36 PYT 2013: Web: seccion categorias
Sun May 26 16:37:36 PYT 2013: Asignando el template:
Sun May 26 16:37:36 PYT 2013: INCICIO SISTEMA
Sun May 26 16:37:36 PYT 2013: Seccion administracion 
Sun May 26 16:37:36 PYT 2013: Web: 
Sun May 26 16:37:36 PYT 2013: Web: seccion categorias
Sun May 26 16:37:36 PYT 2013: Asignando el template:
Sun May 26 16:37:36 PYT 2013: INCICIO SISTEMA
Sun May 26 16:37:36 PYT 2013: Seccion administracion 
Sun May 26 16:37:36 PYT 2013: Web: 
Sun May 26 16:37:36 PYT 2013: Web: seccion categorias
Sun May 26 16:37:36 PYT 2013: Asignando el template:
Sun May 26 16:37:36 PYT 2013: INCICIO SISTEMA
Sun May 26 16:37:36 PYT 2013: Seccion administracion 
Sun May 26 16:37:36 PYT 2013: Web: 
Sun May 26 16:37:36 PYT 2013: Web: seccion categorias
Sun May 26 16:37:36 PYT 2013: Asignando el template:
Sun May 26 16:38:06 PYT 2013: INCICIO SISTEMA
Sun May 26 16:38:06 PYT 2013: Seccion administracion 
Sun May 26 16:38:06 PYT 2013: Web: 
Sun May 26 16:38:06 PYT 2013: Web: seccion categorias
Sun May 26 16:38:06 PYT 2013: Asignando el template:
Sun May 26 16:38:28 PYT 2013: INCICIO SISTEMA
Sun May 26 16:38:28 PYT 2013: Seccion administracion 
Sun May 26 16:38:28 PYT 2013: Web: 
Sun May 26 16:38:28 PYT 2013: Web: seccion categorias
Sun May 26 16:38:28 PYT 2013: Asignando el template:
Sun May 26 16:39:20 PYT 2013: INCICIO SISTEMA
Sun May 26 16:39:20 PYT 2013: Seccion administracion 
Sun May 26 16:39:20 PYT 2013: Web: 
Sun May 26 16:39:20 PYT 2013: Web: seccion categorias
Sun May 26 16:39:20 PYT 2013: Asignando el template:
Sun May 26 16:41:21 PYT 2013: INCICIO SISTEMA
Sun May 26 16:41:21 PYT 2013: Seccion administracion 
Sun May 26 16:41:21 PYT 2013: Web: 
Sun May 26 16:41:21 PYT 2013: Web: seccion categorias
Sun May 26 16:41:21 PYT 2013: Asignando el template:
Sun May 26 16:41:34 PYT 2013: INCICIO SISTEMA
Sun May 26 16:41:34 PYT 2013: Seccion administracion 
Sun May 26 16:41:34 PYT 2013: Web: 
Sun May 26 16:41:34 PYT 2013: Web: seccion categorias
Sun May 26 16:41:34 PYT 2013: Asignando el template:
Sun May 26 16:41:52 PYT 2013: INCICIO SISTEMA
Sun May 26 16:41:52 PYT 2013: Seccion administracion 
Sun May 26 16:41:52 PYT 2013: Web: 
Sun May 26 16:41:52 PYT 2013: Web: seccion categorias
Sun May 26 16:41:52 PYT 2013: Asignando el template:
Sun May 26 16:42:25 PYT 2013: INCICIO SISTEMA
Sun May 26 16:42:25 PYT 2013: Seccion administracion 
Sun May 26 16:42:25 PYT 2013: Web: 
Sun May 26 16:42:25 PYT 2013: Web: seccion categorias
Sun May 26 16:42:25 PYT 2013: Asignando el template:
Sun May 26 16:44:24 PYT 2013: INCICIO SISTEMA
Sun May 26 16:44:24 PYT 2013: Seccion administracion 
Sun May 26 16:44:24 PYT 2013: Web: 
Sun May 26 16:44:24 PYT 2013: Web: seccion categorias
Sun May 26 16:44:24 PYT 2013: Asignando el template:
Sun May 26 16:45:54 PYT 2013: INCICIO SISTEMA
Sun May 26 16:45:54 PYT 2013: Seccion administracion 
Sun May 26 16:45:54 PYT 2013: Web: 
Sun May 26 16:45:54 PYT 2013: Web: seccion categorias
Sun May 26 16:45:54 PYT 2013: Asignando el template:
Sun May 26 16:46:45 PYT 2013: INCICIO SISTEMA
Sun May 26 16:46:45 PYT 2013: Seccion administracion 
Sun May 26 16:46:45 PYT 2013: Web: 
Sun May 26 16:46:45 PYT 2013: Web: seccion categorias
Sun May 26 16:46:45 PYT 2013: Asignando el template:
Sun May 26 16:47:46 PYT 2013: INCICIO SISTEMA
Sun May 26 16:47:46 PYT 2013: Seccion administracion 
Sun May 26 16:47:46 PYT 2013: Web: 
Sun May 26 16:47:46 PYT 2013: Web: seccion categorias
Sun May 26 16:47:46 PYT 2013: Asignando el template:
Sun May 26 16:48:02 PYT 2013: INCICIO SISTEMA
Sun May 26 16:48:02 PYT 2013: Seccion administracion 
Sun May 26 16:48:02 PYT 2013: Web: 
Sun May 26 16:48:02 PYT 2013: Web: seccion categorias
Sun May 26 16:48:02 PYT 2013: Asignando el template:
Sun May 26 16:48:31 PYT 2013: INCICIO SISTEMA
Sun May 26 16:48:31 PYT 2013: Seccion administracion 
Sun May 26 16:48:31 PYT 2013: Web: 
Sun May 26 16:48:31 PYT 2013: Web: seccion categorias
Sun May 26 16:48:31 PYT 2013: Asignando el template:
Sun May 26 16:48:41 PYT 2013: INCICIO SISTEMA
Sun May 26 16:48:41 PYT 2013: Seccion administracion 
Sun May 26 16:48:41 PYT 2013: Web: 
Sun May 26 16:48:41 PYT 2013: Web: seccion categorias
Sun May 26 16:48:41 PYT 2013: Asignando el template:
Sun May 26 16:50:24 PYT 2013: INCICIO SISTEMA
Sun May 26 16:50:24 PYT 2013: Seccion administracion 
Sun May 26 16:50:24 PYT 2013: Web: 
Sun May 26 16:50:24 PYT 2013: Web: seccion categorias
Sun May 26 16:50:24 PYT 2013: Asignando el template:
Sun May 26 16:51:03 PYT 2013: INCICIO SISTEMA
Sun May 26 16:51:03 PYT 2013: Seccion administracion 
Sun May 26 16:51:03 PYT 2013: Web: 
Sun May 26 16:51:03 PYT 2013: Web: seccion categorias
Sun May 26 16:51:03 PYT 2013: Asignando el template:
Sun May 26 16:51:57 PYT 2013: INCICIO SISTEMA
Sun May 26 16:51:57 PYT 2013: Seccion administracion 
Sun May 26 16:51:57 PYT 2013: Web: 
Sun May 26 16:51:57 PYT 2013: Web: seccion categorias
Sun May 26 16:51:57 PYT 2013: Asignando el template:
Sun May 26 16:53:07 PYT 2013: INCICIO SISTEMA
Sun May 26 16:53:07 PYT 2013: Seccion administracion 
Sun May 26 16:53:07 PYT 2013: Web: 
Sun May 26 16:53:07 PYT 2013: Web: seccion categorias
Sun May 26 16:53:07 PYT 2013: Asignando el template:
Sun May 26 16:53:49 PYT 2013: INCICIO SISTEMA
Sun May 26 16:53:49 PYT 2013: Seccion administracion 
Sun May 26 16:53:49 PYT 2013: Web: 
Sun May 26 16:53:49 PYT 2013: Web: seccion categorias
Sun May 26 16:53:49 PYT 2013: Asignando el template:
Sun May 26 16:54:05 PYT 2013: INCICIO SISTEMA
Sun May 26 16:54:05 PYT 2013: Seccion administracion 
Sun May 26 16:54:05 PYT 2013: Web: 
Sun May 26 16:54:05 PYT 2013: Web: seccion categorias
Sun May 26 16:54:05 PYT 2013: Asignando el template:
Sun May 26 16:54:53 PYT 2013: INCICIO SISTEMA
Sun May 26 16:54:53 PYT 2013: Seccion administracion 
Sun May 26 16:54:53 PYT 2013: Web: 
Sun May 26 16:54:53 PYT 2013: Web: seccion categorias
Sun May 26 16:54:53 PYT 2013: Asignando el template:
Sun May 26 16:55:47 PYT 2013: INCICIO SISTEMA
Sun May 26 16:55:47 PYT 2013: Seccion administracion 
Sun May 26 16:55:47 PYT 2013: Web: 
Sun May 26 16:55:47 PYT 2013: Web: seccion categorias
Sun May 26 16:55:47 PYT 2013: Asignando el template:
Sun May 26 16:55:49 PYT 2013: INCICIO SISTEMA
Sun May 26 16:55:49 PYT 2013: Seccion administracion 
Sun May 26 16:55:49 PYT 2013: Web: 
Sun May 26 16:55:49 PYT 2013: Web: seccion categorias
Sun May 26 16:55:49 PYT 2013: Asignando el template:
Sun May 26 16:55:50 PYT 2013: INCICIO SISTEMA
Sun May 26 16:55:50 PYT 2013: Seccion administracion 
Sun May 26 16:55:50 PYT 2013: Web: 
Sun May 26 16:55:50 PYT 2013: Web: seccion categorias
Sun May 26 16:55:50 PYT 2013: Asignando el template:
Sun May 26 16:56:40 PYT 2013: INCICIO SISTEMA
Sun May 26 16:56:40 PYT 2013: Seccion administracion 
Sun May 26 16:56:40 PYT 2013: Web: 
Sun May 26 16:56:40 PYT 2013: Web: seccion categorias
Sun May 26 16:56:40 PYT 2013: Asignando el template:
Sun May 26 16:57:27 PYT 2013: INCICIO SISTEMA
Sun May 26 16:57:27 PYT 2013: Seccion administracion 
Sun May 26 16:57:27 PYT 2013: Web: 
Sun May 26 16:57:27 PYT 2013: Web: seccion categorias
Sun May 26 16:57:27 PYT 2013: Asignando el template:
Sun May 26 16:57:29 PYT 2013: INCICIO SISTEMA
Sun May 26 16:57:29 PYT 2013: Seccion administracion 
Sun May 26 16:57:29 PYT 2013: Web: 
Sun May 26 16:57:29 PYT 2013: Web: seccion categorias
Sun May 26 16:57:29 PYT 2013: Asignando el template:
Sun May 26 16:57:41 PYT 2013: INCICIO SISTEMA
Sun May 26 16:57:41 PYT 2013: Seccion administracion 
Sun May 26 16:57:41 PYT 2013: Web: 
Sun May 26 16:57:41 PYT 2013: Web: seccion categorias
Sun May 26 16:57:41 PYT 2013: Asignando el template:
Sun May 26 16:58:49 PYT 2013: INCICIO SISTEMA
Sun May 26 16:58:49 PYT 2013: Seccion administracion 
Sun May 26 16:58:49 PYT 2013: Web: 
Sun May 26 16:58:49 PYT 2013: Web: seccion categorias
Sun May 26 16:58:49 PYT 2013: Asignando el template:
Sun May 26 16:59:36 PYT 2013: INCICIO SISTEMA
Sun May 26 16:59:36 PYT 2013: Seccion administracion 
Sun May 26 16:59:36 PYT 2013: Web: 
Sun May 26 16:59:36 PYT 2013: Web: seccion categorias
Sun May 26 16:59:36 PYT 2013: Asignando el template:
Sun May 26 17:01:38 PYT 2013: INCICIO SISTEMA
Sun May 26 17:01:38 PYT 2013: Seccion administracion 
Sun May 26 17:01:38 PYT 2013: Web: 
Sun May 26 17:01:38 PYT 2013: Web: seccion categorias
Sun May 26 17:01:38 PYT 2013: Asignando el template:
Sun May 26 17:02:04 PYT 2013: INCICIO SISTEMA
Sun May 26 17:02:04 PYT 2013: Seccion administracion 
Sun May 26 17:02:04 PYT 2013: Web: 
Sun May 26 17:02:04 PYT 2013: Web: seccion categorias
Sun May 26 17:02:04 PYT 2013: Asignando el template:
Sun May 26 17:02:20 PYT 2013: INCICIO SISTEMA
Sun May 26 17:02:20 PYT 2013: Seccion administracion 
Sun May 26 17:02:20 PYT 2013: Web: 
Sun May 26 17:02:20 PYT 2013: Web: seccion categorias
Sun May 26 17:02:20 PYT 2013: Asignando el template:
Sun May 26 17:02:21 PYT 2013: INCICIO SISTEMA
Sun May 26 17:02:21 PYT 2013: Seccion administracion 
Sun May 26 17:02:21 PYT 2013: Web: 
Sun May 26 17:02:21 PYT 2013: Web: seccion categorias
Sun May 26 17:02:21 PYT 2013: Asignando el template:
Sun May 26 17:02:27 PYT 2013: INCICIO SISTEMA
Sun May 26 17:02:27 PYT 2013: Seccion administracion 
Sun May 26 17:02:27 PYT 2013: Web: 
Sun May 26 17:02:27 PYT 2013: Web: seccion categorias
Sun May 26 17:02:27 PYT 2013: Asignando el template:
Sun May 26 17:02:51 PYT 2013: INCICIO SISTEMA
Sun May 26 17:02:51 PYT 2013: Seccion administracion 
Sun May 26 17:02:51 PYT 2013: Web: 
Sun May 26 17:02:51 PYT 2013: Web: seccion categorias
Sun May 26 17:02:51 PYT 2013: Asignando el template:
Sun May 26 17:03:52 PYT 2013: INCICIO SISTEMA
Sun May 26 17:03:52 PYT 2013: Seccion administracion 
Sun May 26 17:03:52 PYT 2013: Web: 
Sun May 26 17:03:52 PYT 2013: Web: seccion categorias
Sun May 26 17:03:52 PYT 2013: Asignando el template:
Sun May 26 17:05:19 PYT 2013: INCICIO SISTEMA
Sun May 26 17:05:19 PYT 2013: Seccion administracion 
Sun May 26 17:05:19 PYT 2013: Web: 
Sun May 26 17:05:19 PYT 2013: Web: seccion categorias
Sun May 26 17:05:19 PYT 2013: Asignando el template:
Sun May 26 17:05:28 PYT 2013: INCICIO SISTEMA
Sun May 26 17:05:29 PYT 2013: INCICIO SISTEMA
Sun May 26 17:05:29 PYT 2013: Seccion administracion 
Sun May 26 17:05:29 PYT 2013: Web: 
Sun May 26 17:05:29 PYT 2013: Web: seccion categorias
Sun May 26 17:05:29 PYT 2013: Asignando el template:
Sun May 26 17:05:36 PYT 2013: INCICIO SISTEMA
Sun May 26 17:05:36 PYT 2013: Seccion administracion 
Sun May 26 17:05:36 PYT 2013: Web: 
Sun May 26 17:05:36 PYT 2013: Web: seccion categorias
Sun May 26 17:05:36 PYT 2013: Asignando el template:
Sun May 26 17:05:51 PYT 2013: INCICIO SISTEMA
Sun May 26 17:05:51 PYT 2013: Seccion administracion 
Sun May 26 17:05:51 PYT 2013: Web: 
Sun May 26 17:05:51 PYT 2013: Web: seccion categorias
Sun May 26 17:05:51 PYT 2013: Asignando el template:
Sun May 26 17:05:57 PYT 2013: INCICIO SISTEMA
Sun May 26 17:05:57 PYT 2013: Seccion administracion 
Sun May 26 17:05:57 PYT 2013: Web: 
Sun May 26 17:05:57 PYT 2013: Web: seccion categorias
Sun May 26 17:05:57 PYT 2013: Asignando el template:
Sun May 26 17:06:06 PYT 2013: INCICIO SISTEMA
Sun May 26 17:06:06 PYT 2013: Seccion administracion 
Sun May 26 17:06:06 PYT 2013: Web: 
Sun May 26 17:06:06 PYT 2013: Web: seccion categorias
Sun May 26 17:06:06 PYT 2013: Asignando el template:
Sun May 26 17:06:31 PYT 2013: INCICIO SISTEMA
Sun May 26 17:06:31 PYT 2013: Seccion administracion 
Sun May 26 17:06:31 PYT 2013: Web: 
Sun May 26 17:06:31 PYT 2013: Web: seccion categorias
Sun May 26 17:06:31 PYT 2013: Asignando el template:
Sun May 26 17:06:39 PYT 2013: INCICIO SISTEMA
Sun May 26 17:06:39 PYT 2013: Seccion administracion 
Sun May 26 17:06:39 PYT 2013: Web: 
Sun May 26 17:06:39 PYT 2013: Web: seccion categorias
Sun May 26 17:06:39 PYT 2013: Asignando el template:
Sun May 26 17:06:40 PYT 2013: INCICIO SISTEMA
Sun May 26 17:06:40 PYT 2013: Seccion administracion 
Sun May 26 17:06:40 PYT 2013: Web: 
Sun May 26 17:06:40 PYT 2013: Web: seccion categorias
Sun May 26 17:06:40 PYT 2013: Asignando el template:
Sun May 26 17:06:50 PYT 2013: INCICIO SISTEMA
Sun May 26 17:06:50 PYT 2013: Seccion administracion 
Sun May 26 17:06:50 PYT 2013: Web: 
Sun May 26 17:06:50 PYT 2013: Web: seccion categorias
Sun May 26 17:06:50 PYT 2013: Asignando el template:
Sun May 26 17:08:04 PYT 2013: INCICIO SISTEMA
Sun May 26 17:08:04 PYT 2013: Seccion administracion 
Sun May 26 17:08:04 PYT 2013: Web: 
Sun May 26 17:08:04 PYT 2013: Web: seccion categorias
Sun May 26 17:08:04 PYT 2013: Asignando el template:
Sun May 26 17:08:24 PYT 2013: INCICIO SISTEMA
Sun May 26 17:08:24 PYT 2013: Seccion administracion 
Sun May 26 17:08:24 PYT 2013: Web: 
Sun May 26 17:08:24 PYT 2013: Web: seccion categorias
Sun May 26 17:08:24 PYT 2013: Asignando el template:
Sun May 26 17:08:27 PYT 2013: INCICIO SISTEMA
Sun May 26 17:08:27 PYT 2013: Seccion administracion 
Sun May 26 17:08:27 PYT 2013: Web: 
Sun May 26 17:08:27 PYT 2013: Web: seccion categorias
Sun May 26 17:08:27 PYT 2013: Asignando el template:
Sun May 26 17:12:17 PYT 2013: INCICIO SISTEMA
Sun May 26 17:12:17 PYT 2013: Seccion administracion 
Sun May 26 17:12:17 PYT 2013: Web: 
Sun May 26 17:12:17 PYT 2013: Web: seccion categorias
Sun May 26 17:12:17 PYT 2013: Asignando el template:
Sun May 26 17:12:39 PYT 2013: INCICIO SISTEMA
Sun May 26 17:12:39 PYT 2013: Seccion administracion 
Sun May 26 17:12:39 PYT 2013: Web: 
Sun May 26 17:12:39 PYT 2013: Web: seccion categorias
Sun May 26 17:12:39 PYT 2013: Asignando el template:
Sun May 26 17:12:41 PYT 2013: INCICIO SISTEMA
Sun May 26 17:12:41 PYT 2013: Seccion administracion 
Sun May 26 17:12:41 PYT 2013: Web: 
Sun May 26 17:12:41 PYT 2013: Web: seccion categorias
Sun May 26 17:12:41 PYT 2013: Asignando el template:
Sun May 26 17:13:09 PYT 2013: INCICIO SISTEMA
Sun May 26 17:13:09 PYT 2013: Seccion administracion 
Sun May 26 17:13:09 PYT 2013: Web: 
Sun May 26 17:13:09 PYT 2013: Web: seccion categorias
Sun May 26 17:13:09 PYT 2013: Asignando el template:
Sun May 26 17:14:02 PYT 2013: INCICIO SISTEMA
Sun May 26 17:14:02 PYT 2013: Seccion administracion 
Sun May 26 17:14:02 PYT 2013: Web: 
Sun May 26 17:14:02 PYT 2013: Web: seccion categorias
Sun May 26 17:14:02 PYT 2013: Asignando el template:
Sun May 26 17:14:10 PYT 2013: INCICIO SISTEMA
Sun May 26 17:14:10 PYT 2013: Seccion administracion 
Sun May 26 17:14:10 PYT 2013: Web: 
Sun May 26 17:14:10 PYT 2013: Web: seccion categorias
Sun May 26 17:14:10 PYT 2013: Asignando el template:
Sun May 26 17:14:35 PYT 2013: INCICIO SISTEMA
Sun May 26 17:14:35 PYT 2013: Seccion administracion 
Sun May 26 17:14:35 PYT 2013: Web: 
Sun May 26 17:14:35 PYT 2013: Web: seccion categorias
Sun May 26 17:14:35 PYT 2013: Asignando el template:
Sun May 26 17:15:31 PYT 2013: INCICIO SISTEMA
Sun May 26 17:15:33 PYT 2013: INCICIO SISTEMA
Sun May 26 17:15:35 PYT 2013: INCICIO SISTEMA
Sun May 26 17:15:36 PYT 2013: INCICIO SISTEMA
Sun May 26 17:15:37 PYT 2013: INCICIO SISTEMA
Sun May 26 17:15:38 PYT 2013: INCICIO SISTEMA
Sun May 26 17:15:39 PYT 2013: INCICIO SISTEMA
Sun May 26 17:15:40 PYT 2013: INCICIO SISTEMA
Sun May 26 17:15:43 PYT 2013: INCICIO SISTEMA
Sun May 26 17:16:40 PYT 2013: INCICIO SISTEMA
Sun May 26 17:16:40 PYT 2013: Seccion administracion 
Sun May 26 17:16:40 PYT 2013: Web: 
Sun May 26 17:16:40 PYT 2013: Web: menu principal 
Sun May 26 17:16:42 PYT 2013: INCICIO SISTEMA
Sun May 26 17:16:42 PYT 2013: Seccion administracion 
Sun May 26 17:16:42 PYT 2013: Web: 
Sun May 26 17:16:42 PYT 2013: Web: menu principal 
Sun May 26 17:16:44 PYT 2013: INCICIO SISTEMA
Sun May 26 17:16:44 PYT 2013: Seccion administracion 
Sun May 26 17:16:44 PYT 2013: Web: 
Sun May 26 17:16:44 PYT 2013: Web: seccion categorias
Sun May 26 17:16:44 PYT 2013: Asignando el template:
Sun May 26 17:18:31 PYT 2013: INCICIO SISTEMA
Sun May 26 17:18:31 PYT 2013: Seccion administracion 
Sun May 26 17:18:31 PYT 2013: Web: 
Sun May 26 17:18:31 PYT 2013: Web: menu principal 
Sun May 26 17:18:34 PYT 2013: INCICIO SISTEMA
Sun May 26 17:18:34 PYT 2013: Seccion administracion 
Sun May 26 17:18:34 PYT 2013: Web: 
Sun May 26 17:18:34 PYT 2013: Web: seccion categorias
Sun May 26 17:18:34 PYT 2013: Asignando el template:
Sun May 26 17:19:00 PYT 2013: INCICIO SISTEMA
Sun May 26 17:19:00 PYT 2013: Seccion administracion 
Sun May 26 17:19:00 PYT 2013: Web: 
Sun May 26 17:19:00 PYT 2013: Web: seccion categorias
Sun May 26 17:19:00 PYT 2013: Asignando el template:
Sun May 26 17:19:05 PYT 2013: INCICIO SISTEMA
Sun May 26 17:19:05 PYT 2013: Seccion administracion 
Sun May 26 17:19:05 PYT 2013: Web: 
Sun May 26 17:19:05 PYT 2013: Web: seccion categorias
Sun May 26 17:19:05 PYT 2013: Asignando el template:
Sun May 26 17:45:59 PYT 2013: INCICIO SISTEMA
Sun May 26 17:45:59 PYT 2013: Seccion administracion 
Sun May 26 17:45:59 PYT 2013: Web: 
Sun May 26 17:45:59 PYT 2013: Web: seccion categorias
Sun May 26 17:45:59 PYT 2013: Asignando el template:
Sun May 26 22:39:21 PYT 2013: INCICIO SISTEMA
Sun May 26 22:52:25 PYT 2013: INCICIO SISTEMA
Sun May 26 22:52:28 PYT 2013: INCICIO SISTEMA
Sun May 26 22:52:28 PYT 2013: Seccion administracion 
Sun May 26 22:52:28 PYT 2013: Web: 
Sun May 26 22:52:28 PYT 2013: Web: menu principal 
Sun May 26 22:52:30 PYT 2013: INCICIO SISTEMA
Sun May 26 22:52:30 PYT 2013: Seccion administracion 
Sun May 26 22:52:30 PYT 2013: Web: 
Sun May 26 22:52:30 PYT 2013: Web: seccion categorias
Sun May 26 22:52:30 PYT 2013: Asignando el template:
Sun May 26 23:02:06 PYT 2013: INCICIO SISTEMA
Sun May 26 23:02:06 PYT 2013: Seccion administracion 
Sun May 26 23:02:06 PYT 2013: Web: 
Sun May 26 23:02:06 PYT 2013: Web: seccion categorias
Sun May 26 23:02:06 PYT 2013: Asignando el template:
Sun May 26 23:38:23 PYT 2013: INCICIO SISTEMA
Sun May 26 23:38:23 PYT 2013: Seccion administracion 
Sun May 26 23:38:23 PYT 2013: Web: 
Sun May 26 23:38:23 PYT 2013: Web: seccion categorias
Sun May 26 23:38:23 PYT 2013: Asignando el template:
Sun May 26 23:38:37 PYT 2013: INCICIO SISTEMA
Sun May 26 23:38:47 PYT 2013: INCICIO SISTEMA
Sun May 26 23:38:47 PYT 2013: Seccion administracion 
Sun May 26 23:38:47 PYT 2013: Web: 
Sun May 26 23:38:47 PYT 2013: Web: menu principal 
Sun May 26 23:38:49 PYT 2013: INCICIO SISTEMA
Sun May 26 23:38:49 PYT 2013: Seccion administracion 
Sun May 26 23:38:49 PYT 2013: Web: 
Sun May 26 23:38:49 PYT 2013: Web: seccion categorias
Sun May 26 23:38:49 PYT 2013: Asignando el template:
Sun May 26 23:39:50 PYT 2013: INCICIO SISTEMA
Sun May 26 23:39:50 PYT 2013: Seccion administracion 
Sun May 26 23:39:50 PYT 2013: Web: 
Sun May 26 23:39:50 PYT 2013: Web: seccion categorias
Sun May 26 23:39:50 PYT 2013: Asignando el template:
Sun May 26 23:39:53 PYT 2013: INCICIO SISTEMA
Sun May 26 23:39:57 PYT 2013: INCICIO SISTEMA
Sun May 26 23:39:57 PYT 2013: Seccion administracion 
Sun May 26 23:39:57 PYT 2013: Web: 
Sun May 26 23:39:57 PYT 2013: Web: menu principal 
Sun May 26 23:39:58 PYT 2013: INCICIO SISTEMA
Sun May 26 23:39:58 PYT 2013: Seccion administracion 
Sun May 26 23:39:58 PYT 2013: Web: 
Sun May 26 23:39:58 PYT 2013: Web: seccion categorias
Sun May 26 23:39:58 PYT 2013: Asignando el template:
Sun May 26 23:40:39 PYT 2013: INCICIO SISTEMA
Sun May 26 23:40:43 PYT 2013: INCICIO SISTEMA
Sun May 26 23:40:43 PYT 2013: Seccion administracion 
Sun May 26 23:40:43 PYT 2013: Web: 
Sun May 26 23:40:43 PYT 2013: Web: seccion categorias
Sun May 26 23:40:43 PYT 2013: Asignando el template:
Sun May 26 23:41:19 PYT 2013: INCICIO SISTEMA
Sun May 26 23:41:19 PYT 2013: Seccion administracion 
Sun May 26 23:41:19 PYT 2013: Web: 
Sun May 26 23:41:19 PYT 2013: Web: seccion categorias
Sun May 26 23:41:19 PYT 2013: Asignando el template:
Sun May 26 23:41:21 PYT 2013: INCICIO SISTEMA
Sun May 26 23:41:26 PYT 2013: INCICIO SISTEMA
Sun May 26 23:42:00 PYT 2013: INCICIO SISTEMA
Sun May 26 23:42:00 PYT 2013: Seccion administracion 
Sun May 26 23:42:00 PYT 2013: Web: 
Sun May 26 23:42:00 PYT 2013: Web: seccion categorias
Sun May 26 23:42:00 PYT 2013: Asignando el template:
Sun May 26 23:42:02 PYT 2013: INCICIO SISTEMA
Sun May 26 23:42:22 PYT 2013: INCICIO SISTEMA
Sun May 26 23:42:22 PYT 2013: Seccion administracion 
Sun May 26 23:42:22 PYT 2013: Web: 
Sun May 26 23:42:22 PYT 2013: Web: seccion categorias
Sun May 26 23:42:22 PYT 2013: Asignando el template:
Sun May 26 23:42:24 PYT 2013: INCICIO SISTEMA
Sun May 26 23:42:46 PYT 2013: INCICIO SISTEMA
Sun May 26 23:42:46 PYT 2013: Seccion administracion 
Sun May 26 23:42:46 PYT 2013: Web: 
Sun May 26 23:42:46 PYT 2013: Web: seccion categorias
Sun May 26 23:42:46 PYT 2013: Asignando el template:
Sun May 26 23:42:48 PYT 2013: INCICIO SISTEMA
Sun May 26 23:43:13 PYT 2013: INCICIO SISTEMA
Sun May 26 23:43:13 PYT 2013: Seccion administracion 
Sun May 26 23:43:13 PYT 2013: Web: 
Sun May 26 23:43:13 PYT 2013: Web: seccion categorias
Sun May 26 23:43:13 PYT 2013: Asignando el template:
Sun May 26 23:43:49 PYT 2013: INCICIO SISTEMA
Sun May 26 23:43:49 PYT 2013: Seccion administracion 
Sun May 26 23:43:49 PYT 2013: Web: 
Sun May 26 23:43:49 PYT 2013: Web: seccion categorias
Sun May 26 23:43:49 PYT 2013: Asignando el template:
Sun May 26 23:44:08 PYT 2013: INCICIO SISTEMA
Sun May 26 23:44:08 PYT 2013: Seccion administracion 
Sun May 26 23:44:08 PYT 2013: Web: 
Sun May 26 23:44:08 PYT 2013: Web: seccion categorias
Sun May 26 23:44:08 PYT 2013: Asignando el template:
Sun May 26 23:44:25 PYT 2013: INCICIO SISTEMA
Sun May 26 23:44:25 PYT 2013: Seccion administracion 
Sun May 26 23:44:25 PYT 2013: Web: 
Sun May 26 23:44:25 PYT 2013: Web: seccion categorias
Sun May 26 23:44:25 PYT 2013: Asignando el template:
Sun May 26 23:44:27 PYT 2013: INCICIO SISTEMA
Sun May 26 23:47:28 PYT 2013: INCICIO SISTEMA
Sun May 26 23:49:25 PYT 2013: INCICIO SISTEMA
Sun May 26 23:49:25 PYT 2013: Seccion administracion 
Sun May 26 23:49:25 PYT 2013: Web: 
Sun May 26 23:49:25 PYT 2013: Web: seccion categorias
Sun May 26 23:49:25 PYT 2013: Asignando el template:
Sun May 26 23:49:51 PYT 2013: INCICIO SISTEMA
Sun May 26 23:49:51 PYT 2013: Seccion administracion 
Sun May 26 23:49:51 PYT 2013: Web: 
Sun May 26 23:49:51 PYT 2013: Web: seccion categorias
Sun May 26 23:49:51 PYT 2013: Asignando el template:
Sun May 26 23:51:11 PYT 2013: --- OPERACIONES --
Sun May 26 23:51:11 PYT 2013: --- OPERACIONES: Agregar Categoria  --
Sun May 26 23:51:50 PYT 2013: --- OPERACIONES --
Sun May 26 23:51:50 PYT 2013: --- OPERACIONES: Agregar Categoria  --
Sun May 26 23:51:50 PYT 2013: Asignando el template:
Sun May 26 23:52:25 PYT 2013: --- OPERACIONES --
Sun May 26 23:52:25 PYT 2013: --- OPERACIONES: Agregar Categoria  --
Sun May 26 23:52:25 PYT 2013: Asignando el template:
Sun May 26 23:52:25 PYT 2013: AGREGAR CATEGORIA
Sun May 26 23:52:25 PYT 2013: AGREGAR CATEGORIAS: SQL:INSERT INTO categorias (categoria) values ('');
Sun May 26 23:52:43 PYT 2013: INCICIO SISTEMA
Sun May 26 23:52:43 PYT 2013: Seccion administracion 
Sun May 26 23:52:43 PYT 2013: Web: 
Sun May 26 23:52:43 PYT 2013: Web: seccion categorias
Sun May 26 23:52:43 PYT 2013: Asignando el template:
Sun May 26 23:53:56 PYT 2013: INCICIO SISTEMA
Sun May 26 23:53:56 PYT 2013: Seccion administracion 
Sun May 26 23:53:56 PYT 2013: Web: 
Sun May 26 23:53:56 PYT 2013: Web: seccion categorias
Sun May 26 23:53:56 PYT 2013: Asignando el template:
Sun May 26 23:54:00 PYT 2013: --- OPERACIONES --
Sun May 26 23:54:00 PYT 2013: --- OPERACIONES: Agregar Categoria  --
Sun May 26 23:54:00 PYT 2013: Asignando el template:
Sun May 26 23:54:00 PYT 2013: AGREGAR CATEGORIA
Sun May 26 23:54:00 PYT 2013: AGREGAR CATEGORIAS: SQL:INSERT INTO categorias (categoria) values ('Finanzas');
Sun May 26 23:54:02 PYT 2013: INCICIO SISTEMA
Sun May 26 23:54:02 PYT 2013: Seccion administracion 
Sun May 26 23:54:02 PYT 2013: Web: 
Sun May 26 23:54:02 PYT 2013: Web: seccion categorias
Sun May 26 23:54:02 PYT 2013: Asignando el template:
