Tue Jun 11 0:58:59 PYT 2013: INCICIO SISTEMA
Tue Jun 11 0:58:59 PYT 2013: Seccion administracion 
Tue Jun 11 0:58:59 PYT 2013: Web: 
Tue Jun 11 0:58:59 PYT 2013: no agregar nada
Tue Jun 11 0:58:59 PYT 2013: BUSCAR_DOCUMENTOS
Tue Jun 11 0:58:59 PYT 2013: BUSCAR_DOCUMENTOS > Busqueda:
Tue Jun 11 0:58:59 PYT 2013: BUSCAR_DOCUMENTOS :

Tue Jun 11 0:59:36 PYT 2013: --- OPERACIONES --
Tue Jun 11 1:00:28 PYT 2013: --- OPERACIONES --
Tue Jun 11 1:00:31 PYT 2013: --- OPERACIONES --
Tue Jun 11 1:00:37 PYT 2013: --- OPERACIONES --
Tue Jun 11 1:03:15 PYT 2013: INCICIO SISTEMA
Tue Jun 11 1:03:15 PYT 2013: Seccion administracion 
Tue Jun 11 1:03:15 PYT 2013: Web: 
Tue Jun 11 1:03:15 PYT 2013: Web: seccion categorias
Tue Jun 11 1:03:15 PYT 2013: Asignando el template:
Tue Jun 11 1:03:16 PYT 2013: INCICIO SISTEMA
Tue Jun 11 1:03:16 PYT 2013: Seccion administracion 
Tue Jun 11 1:03:16 PYT 2013: Web: 
Tue Jun 11 1:03:16 PYT 2013: no agregar nada
Tue Jun 11 1:03:16 PYT 2013: BUSCAR_DOCUMENTOS
Tue Jun 11 1:03:16 PYT 2013: BUSCAR_DOCUMENTOS > Busqueda:
Tue Jun 11 1:03:16 PYT 2013: BUSCAR_DOCUMENTOS :

Tue Jun 11 1:03:18 PYT 2013: --- OPERACIONES --
Tue Jun 11 1:04:00 PYT 2013: INCICIO SISTEMA
Tue Jun 11 1:04:00 PYT 2013: Seccion administracion 
Tue Jun 11 1:04:00 PYT 2013: Web: 
Tue Jun 11 1:04:00 PYT 2013: no agregar nada
Tue Jun 11 1:04:00 PYT 2013: BUSCAR_DOCUMENTOS
Tue Jun 11 1:04:00 PYT 2013: BUSCAR_DOCUMENTOS > Busqueda:
Tue Jun 11 1:04:00 PYT 2013: BUSCAR_DOCUMENTOS :

Tue Jun 11 1:04:01 PYT 2013: --- OPERACIONES --
Tue Jun 11 1:04:01 PYT 2013: --- OPERACIONES: eliminar_documento--
Tue Jun 11 1:04:01 PYT 2013: no agregar nada
Tue Jun 11 1:04:41 PYT 2013: --- OPERACIONES --
Tue Jun 11 1:04:41 PYT 2013: --- OPERACIONES: editar_documentos--
Tue Jun 11 1:04:41 PYT 2013: no agregar nada
Tue Jun 11 1:04:58 PYT 2013: --- OPERACIONES --
Tue Jun 11 1:04:58 PYT 2013: --- OPERACIONES: editar_documentos--
Tue Jun 11 1:04:58 PYT 2013: no agregar nada
Tue Jun 11 1:04:58 PYT 2013: EDITAR DOCUMENTO #14
Tue Jun 11 1:15:17 PYT 2013: --- OPERACIONES --
Tue Jun 11 1:15:17 PYT 2013: --- OPERACIONES: editar_documentos--
Tue Jun 11 1:15:17 PYT 2013: no agregar nada
Tue Jun 11 1:15:17 PYT 2013: EDITAR DOCUMENTO #14
Tue Jun 11 1:18:41 PYT 2013: --- OPERACIONES --
Tue Jun 11 1:18:41 PYT 2013: --- OPERACIONES: editar_documentos--
Tue Jun 11 1:18:41 PYT 2013: no agregar nada
Tue Jun 11 1:18:41 PYT 2013: EDITAR DOCUMENTO #14
Tue Jun 11 1:24:56 PYT 2013: INCICIO SISTEMA
Tue Jun 11 1:24:56 PYT 2013: CLASS_LISTA_DOCUMENTOS Inicializar
Tue Jun 11 1:24:56 PYT 2013: contas pio 3
Tue Jun 11 1:25:09 PYT 2013: INCICIO SISTEMA
Tue Jun 11 1:25:09 PYT 2013: Seccion administracion 
Tue Jun 11 1:25:09 PYT 2013: Web: 
Tue Jun 11 1:25:09 PYT 2013: Web: menu principal 
Tue Jun 11 1:25:11 PYT 2013: INCICIO SISTEMA
Tue Jun 11 1:25:11 PYT 2013: Seccion administracion 
Tue Jun 11 1:25:11 PYT 2013: Web: 
Tue Jun 11 1:25:11 PYT 2013: no agregar nada
Tue Jun 11 1:25:11 PYT 2013: BUSCAR_DOCUMENTOS
Tue Jun 11 1:25:11 PYT 2013: BUSCAR_DOCUMENTOS > Busqueda:
Tue Jun 11 1:25:11 PYT 2013: BUSCAR_DOCUMENTOS :

Tue Jun 11 1:25:44 PYT 2013: --- OPERACIONES --
Tue Jun 11 1:25:44 PYT 2013: --- OPERACIONES: editar_documentos--
Tue Jun 11 1:25:44 PYT 2013: no agregar nada
Tue Jun 11 1:25:44 PYT 2013: EDITAR DOCUMENTO #14
Tue Jun 11 1:26:20 PYT 2013: --- OPERACIONES --
Tue Jun 11 1:26:20 PYT 2013: --- OPERACIONES: editar_documentos--
Tue Jun 11 1:26:20 PYT 2013: EDITAR DOCUMENTO #14
Tue Jun 11 1:26:24 PYT 2013: --- OPERACIONES --
Tue Jun 11 1:26:24 PYT 2013: --- OPERACIONES: editar_documentos--
Tue Jun 11 1:26:24 PYT 2013: EDITAR DOCUMENTO #14
Tue Jun 11 1:26:30 PYT 2013: --- OPERACIONES --
Tue Jun 11 1:26:30 PYT 2013: --- OPERACIONES: editar_documentos--
Tue Jun 11 1:26:30 PYT 2013: EDITAR DOCUMENTO #14
Tue Jun 11 1:31:24 PYT 2013: --- OPERACIONES --
Tue Jun 11 1:31:24 PYT 2013: --- OPERACIONES: editar_documentos--
Tue Jun 11 1:31:56 PYT 2013: --- OPERACIONES --
Tue Jun 11 1:31:56 PYT 2013: --- OPERACIONES: editar_documentos--
Tue Jun 11 1:31:56 PYT 2013: EDITAR DOCUMENTO #14
Tue Jun 11 1:31:56 PYT 2013: MTD_FORMULARIO_DOCUMENTOS :

Tue Jun 11 1:31:57 PYT 2013: INCICIO SISTEMA
Tue Jun 11 1:31:57 PYT 2013: CLASS_LISTA_DOCUMENTOS Inicializar
Tue Jun 11 1:31:57 PYT 2013: contas pio 3
Tue Jun 11 1:32:42 PYT 2013: --- OPERACIONES --
Tue Jun 11 1:32:42 PYT 2013: --- OPERACIONES: editar_documentos--
Tue Jun 11 1:32:42 PYT 2013: EDITAR DOCUMENTO #14
Tue Jun 11 1:32:42 PYT 2013: MTD_FORMULARIO_DOCUMENTOS :

Tue Jun 11 1:32:43 PYT 2013: INCICIO SISTEMA
Tue Jun 11 1:32:43 PYT 2013: CLASS_LISTA_DOCUMENTOS Inicializar
Tue Jun 11 1:32:43 PYT 2013: contas pio 3
Tue Jun 11 1:32:46 PYT 2013: --- OPERACIONES --
Tue Jun 11 1:32:46 PYT 2013: --- OPERACIONES: editar_documentos--
Tue Jun 11 1:32:46 PYT 2013: EDITAR DOCUMENTO #15
Tue Jun 11 1:32:46 PYT 2013: MTD_FORMULARIO_DOCUMENTOS :

Tue Jun 11 1:32:47 PYT 2013: INCICIO SISTEMA
Tue Jun 11 1:32:47 PYT 2013: CLASS_LISTA_DOCUMENTOS Inicializar
Tue Jun 11 1:32:47 PYT 2013: contas pio 3
Tue Jun 11 1:32:51 PYT 2013: --- OPERACIONES --
Tue Jun 11 1:32:51 PYT 2013: --- OPERACIONES: editar_documentos--
Tue Jun 11 1:32:51 PYT 2013: EDITAR DOCUMENTO #15
Tue Jun 11 1:32:51 PYT 2013: MTD_FORMULARIO_DOCUMENTOS :

Tue Jun 11 1:32:52 PYT 2013: INCICIO SISTEMA
Tue Jun 11 1:32:52 PYT 2013: CLASS_LISTA_DOCUMENTOS Inicializar
Tue Jun 11 1:32:52 PYT 2013: contas pio 3
Tue Jun 11 1:33:00 PYT 2013: --- OPERACIONES --
Tue Jun 11 1:33:00 PYT 2013: --- OPERACIONES: editar_documentos--
Tue Jun 11 1:33:00 PYT 2013: EDITAR DOCUMENTO #19
Tue Jun 11 1:33:00 PYT 2013: MTD_FORMULARIO_DOCUMENTOS :

Tue Jun 11 1:33:00 PYT 2013: INCICIO SISTEMA
Tue Jun 11 1:33:00 PYT 2013: CLASS_LISTA_DOCUMENTOS Inicializar
Tue Jun 11 1:33:00 PYT 2013: contas pio 3
Tue Jun 11 1:34:02 PYT 2013: --- OPERACIONES --
Tue Jun 11 1:34:02 PYT 2013: --- OPERACIONES: editar_documentos--
Tue Jun 11 1:34:02 PYT 2013: EDITAR DOCUMENTO #19
Tue Jun 11 1:34:02 PYT 2013: MTD_FORMULARIO_DOCUMENTOS :

Tue Jun 11 1:34:03 PYT 2013: INCICIO SISTEMA
Tue Jun 11 1:34:03 PYT 2013: CLASS_LISTA_DOCUMENTOS Inicializar
Tue Jun 11 1:34:03 PYT 2013: contas pio 3
Tue Jun 11 1:40:20 PYT 2013: --- OPERACIONES --
Tue Jun 11 1:40:20 PYT 2013: --- OPERACIONES: editar_documentos--
Tue Jun 11 1:40:20 PYT 2013: EDITAR DOCUMENTO #14
Tue Jun 11 1:40:20 PYT 2013: MTD_FORMULARIO_DOCUMENTOS :

Tue Jun 11 1:40:21 PYT 2013: INCICIO SISTEMA
Tue Jun 11 1:40:21 PYT 2013: CLASS_LISTA_DOCUMENTOS Inicializar
Tue Jun 11 1:40:21 PYT 2013: contas pio 3
Tue Jun 11 1:40:25 PYT 2013: --- OPERACIONES --
Tue Jun 11 1:40:25 PYT 2013: --- OPERACIONES: editar_documentos--
Tue Jun 11 1:40:25 PYT 2013: EDITAR DOCUMENTO #15
Tue Jun 11 1:40:25 PYT 2013: MTD_FORMULARIO_DOCUMENTOS :

Tue Jun 11 1:40:25 PYT 2013: INCICIO SISTEMA
Tue Jun 11 1:40:25 PYT 2013: CLASS_LISTA_DOCUMENTOS Inicializar
Tue Jun 11 1:40:25 PYT 2013: contas pio 3
Tue Jun 11 1:42:38 PYT 2013: --- OPERACIONES --
Tue Jun 11 1:42:38 PYT 2013: --- OPERACIONES: editar_documentos--
Tue Jun 11 1:42:38 PYT 2013: EDITAR DOCUMENTO #14
Tue Jun 11 1:42:38 PYT 2013: MTD_FORMULARIO_DOCUMENTOS :

Tue Jun 11 1:42:39 PYT 2013: INCICIO SISTEMA
Tue Jun 11 1:42:39 PYT 2013: CLASS_LISTA_DOCUMENTOS Inicializar
Tue Jun 11 1:42:39 PYT 2013: contas pio 3
Tue Jun 11 1:42:45 PYT 2013: INCICIO SISTEMA
Tue Jun 11 1:42:45 PYT 2013: CLASS_LISTA_DOCUMENTOS Inicializar
Tue Jun 11 1:42:45 PYT 2013: contas pio 3
Tue Jun 11 1:42:48 PYT 2013: INCICIO SISTEMA
Tue Jun 11 1:42:48 PYT 2013: CLASS_LISTA_DOCUMENTOS Inicializar
Tue Jun 11 1:42:48 PYT 2013: contas pio 3
Tue Jun 11 1:43:29 PYT 2013: INCICIO SISTEMA
Tue Jun 11 1:43:29 PYT 2013: CLASS_LISTA_DOCUMENTOS Inicializar
Tue Jun 11 1:43:29 PYT 2013: contas pio 3
Tue Jun 11 1:45:13 PYT 2013: --- OPERACIONES --
Tue Jun 11 1:45:13 PYT 2013: --- OPERACIONES: editar_documentos--
Tue Jun 11 1:45:13 PYT 2013: EDITAR DOCUMENTO #14
Tue Jun 11 1:45:13 PYT 2013: MTD_FORMULARIO_DOCUMENTOS :

Tue Jun 11 1:45:14 PYT 2013: INCICIO SISTEMA
Tue Jun 11 1:45:14 PYT 2013: CLASS_LISTA_DOCUMENTOS Inicializar
Tue Jun 11 1:45:14 PYT 2013: contas pio 3
Tue Jun 11 1:45:17 PYT 2013: --- OPERACIONES --
Tue Jun 11 1:45:17 PYT 2013: --- OPERACIONES: editar_documentos--
Tue Jun 11 1:45:17 PYT 2013: EDITAR DOCUMENTO #15
Tue Jun 11 1:45:17 PYT 2013: MTD_FORMULARIO_DOCUMENTOS :

Tue Jun 11 1:45:17 PYT 2013: INCICIO SISTEMA
Tue Jun 11 1:45:17 PYT 2013: CLASS_LISTA_DOCUMENTOS Inicializar
Tue Jun 11 1:45:17 PYT 2013: contas pio 3
Tue Jun 11 1:45:58 PYT 2013: --- OPERACIONES --
Tue Jun 11 1:45:58 PYT 2013: --- OPERACIONES: editar_documentos--
Tue Jun 11 1:45:58 PYT 2013: EDITAR DOCUMENTO #15
Tue Jun 11 1:45:58 PYT 2013: MTD_FORMULARIO_DOCUMENTOS :

Tue Jun 11 1:45:59 PYT 2013: INCICIO SISTEMA
Tue Jun 11 1:45:59 PYT 2013: CLASS_LISTA_DOCUMENTOS Inicializar
Tue Jun 11 1:45:59 PYT 2013: contas pio 3
Tue Jun 11 1:50:45 PYT 2013: --- OPERACIONES --
Tue Jun 11 1:50:45 PYT 2013: --- OPERACIONES: editar_documentos--
Tue Jun 11 1:50:45 PYT 2013: EDITAR DOCUMENTO #15
Tue Jun 11 1:50:45 PYT 2013: MTD_FORMULARIO_DOCUMENTOS :

Tue Jun 11 1:50:45 PYT 2013: INCICIO SISTEMA
Tue Jun 11 1:50:45 PYT 2013: CLASS_LISTA_DOCUMENTOS Inicializar
Tue Jun 11 1:50:45 PYT 2013: contas pio 3
Tue Jun 11 1:53:24 PYT 2013: --- OPERACIONES --
Tue Jun 11 1:53:24 PYT 2013: --- OPERACIONES: editar_documentos--
Tue Jun 11 1:53:24 PYT 2013: EDITAR DOCUMENTO #15
Tue Jun 11 1:53:24 PYT 2013: MTD_FORMULARIO_DOCUMENTOS :

Tue Jun 11 1:53:24 PYT 2013: 
Tue Jun 11 1:53:24 PYT 2013: 
Tue Jun 11 1:53:24 PYT 2013: 
Tue Jun 11 1:53:24 PYT 2013: 
Tue Jun 11 1:53:24 PYT 2013: 
Tue Jun 11 1:53:24 PYT 2013: 
Tue Jun 11 1:53:24 PYT 2013: 
Tue Jun 11 1:53:24 PYT 2013: 
Tue Jun 11 1:53:24 PYT 2013: INCICIO SISTEMA
Tue Jun 11 1:53:24 PYT 2013: CLASS_LISTA_DOCUMENTOS Inicializar
Tue Jun 11 2:00:58 PYT 2013: --- OPERACIONES --
Tue Jun 11 2:00:58 PYT 2013: --- OPERACIONES: editar_documentos--
Tue Jun 11 2:00:58 PYT 2013: EDITAR DOCUMENTO #15
Tue Jun 11 2:00:58 PYT 2013: MTD_FORMULARIO_DOCUMENTOS :

Tue Jun 11 2:00:58 PYT 2013: 
Tue Jun 11 2:00:58 PYT 2013: 
Tue Jun 11 2:00:58 PYT 2013: 
Tue Jun 11 2:00:58 PYT 2013: 
Tue Jun 11 2:00:58 PYT 2013: 
Tue Jun 11 2:00:58 PYT 2013: 
Tue Jun 11 2:00:58 PYT 2013: 
Tue Jun 11 2:00:58 PYT 2013: 
Tue Jun 11 2:00:59 PYT 2013: INCICIO SISTEMA
Tue Jun 11 2:00:59 PYT 2013: CLASS_LISTA_DOCUMENTOS Inicializar
Tue Jun 11 2:04:13 PYT 2013: --- OPERACIONES --
Tue Jun 11 2:04:13 PYT 2013: --- OPERACIONES: editar_documentos--
Tue Jun 11 2:04:13 PYT 2013: EDITAR DOCUMENTO #14
Tue Jun 11 2:04:13 PYT 2013: MTD_FORMULARIO_DOCUMENTOS :

Tue Jun 11 2:04:13 PYT 2013: CAT:[6] - SUB [] 
Tue Jun 11 2:04:13 PYT 2013: CAT:[1] - SUB [1] 
Tue Jun 11 2:04:13 PYT 2013: CAT:[1] - SUB [2] 
Tue Jun 11 2:04:13 PYT 2013: CAT:[1] - SUB [3] 
Tue Jun 11 2:04:13 PYT 2013: CAT:[3] - SUB [] 
Tue Jun 11 2:04:13 PYT 2013: CAT:[5] - SUB [] 
Tue Jun 11 2:04:13 PYT 2013: CAT:[2] - SUB [] 
Tue Jun 11 2:04:13 PYT 2013: CAT:[4] - SUB [] 
Tue Jun 11 2:04:14 PYT 2013: INCICIO SISTEMA
Tue Jun 11 2:04:14 PYT 2013: CLASS_LISTA_DOCUMENTOS Inicializar
Tue Jun 11 2:05:14 PYT 2013: --- OPERACIONES --
Tue Jun 11 2:05:14 PYT 2013: --- OPERACIONES: editar_documentos--
Tue Jun 11 2:05:14 PYT 2013: EDITAR DOCUMENTO #15
Tue Jun 11 2:05:14 PYT 2013: MTD_FORMULARIO_DOCUMENTOS :

Tue Jun 11 2:05:14 PYT 2013: OCAT:[5] - OSUB [0] 
Tue Jun 11 2:05:14 PYT 2013: CAT:[6] - SUB [] 
Tue Jun 11 2:05:14 PYT 2013: CAT:[1] - SUB [1] 
Tue Jun 11 2:05:14 PYT 2013: CAT:[1] - SUB [2] 
Tue Jun 11 2:05:14 PYT 2013: CAT:[1] - SUB [3] 
Tue Jun 11 2:05:14 PYT 2013: CAT:[3] - SUB [] 
Tue Jun 11 2:05:14 PYT 2013: CAT:[5] - SUB [] 
Tue Jun 11 2:05:14 PYT 2013: CAT:[2] - SUB [] 
Tue Jun 11 2:05:14 PYT 2013: CAT:[4] - SUB [] 
Tue Jun 11 2:05:15 PYT 2013: INCICIO SISTEMA
Tue Jun 11 2:05:15 PYT 2013: CLASS_LISTA_DOCUMENTOS Inicializar
Tue Jun 11 2:12:48 PYT 2013: --- OPERACIONES --
Tue Jun 11 2:12:48 PYT 2013: --- OPERACIONES: editar_documentos--
Tue Jun 11 2:12:48 PYT 2013: EDITAR DOCUMENTO #15
Tue Jun 11 2:12:48 PYT 2013: MTD_FORMULARIO_DOCUMENTOS :

Tue Jun 11 2:13:14 PYT 2013: --- OPERACIONES --
Tue Jun 11 2:13:14 PYT 2013: --- OPERACIONES: editar_documentos--
Tue Jun 11 2:13:14 PYT 2013: EDITAR DOCUMENTO #15
Tue Jun 11 2:13:14 PYT 2013: MTD_FORMULARIO_DOCUMENTOS :

Tue Jun 11 2:13:14 PYT 2013: OCAT:[5] - OSUB [0] 
Tue Jun 11 2:13:14 PYT 2013: CAT:[6] - SUB [] 
Tue Jun 11 2:13:14 PYT 2013: CAT:[1] - SUB [1] 
Tue Jun 11 2:13:14 PYT 2013: CAT:[1] - SUB [2] 
Tue Jun 11 2:13:14 PYT 2013: CAT:[1] - SUB [3] 
Tue Jun 11 2:13:14 PYT 2013: CAT:[3] - SUB [] 
Tue Jun 11 2:13:14 PYT 2013: CAT:[5] - SUB [] 
Tue Jun 11 2:13:14 PYT 2013: CAT:[2] - SUB [] 
Tue Jun 11 2:13:14 PYT 2013: CAT:[4] - SUB [] 
Tue Jun 11 2:13:15 PYT 2013: INCICIO SISTEMA
Tue Jun 11 2:13:15 PYT 2013: CLASS_LISTA_DOCUMENTOS Inicializar
Tue Jun 11 2:13:32 PYT 2013: --- OPERACIONES --
Tue Jun 11 2:13:32 PYT 2013: --- OPERACIONES: editar_documentos--
Tue Jun 11 2:13:32 PYT 2013: EDITAR DOCUMENTO #15
Tue Jun 11 2:13:32 PYT 2013: MTD_FORMULARIO_DOCUMENTOS :

Tue Jun 11 2:13:32 PYT 2013: OCAT:[5] - OSUB [0] 
Tue Jun 11 2:13:32 PYT 2013: CAT:[6] - SUB [] 
Tue Jun 11 2:13:32 PYT 2013: CAT:[1] - SUB [1] 
Tue Jun 11 2:13:32 PYT 2013: CAT:[1] - SUB [2] 
Tue Jun 11 2:13:32 PYT 2013: CAT:[1] - SUB [3] 
Tue Jun 11 2:13:32 PYT 2013: CAT:[3] - SUB [] 
Tue Jun 11 2:13:32 PYT 2013: CAT:[5] - SUB [] 
Tue Jun 11 2:13:32 PYT 2013: CAT:[2] - SUB [] 
Tue Jun 11 2:13:32 PYT 2013: CAT:[4] - SUB [] 
Tue Jun 11 2:13:33 PYT 2013: INCICIO SISTEMA
Tue Jun 11 2:13:33 PYT 2013: CLASS_LISTA_DOCUMENTOS Inicializar
Tue Jun 11 2:14:34 PYT 2013: --- OPERACIONES --
Tue Jun 11 2:14:34 PYT 2013: --- OPERACIONES: editar_documentos--
Tue Jun 11 2:14:34 PYT 2013: EDITAR DOCUMENTO #14
Tue Jun 11 2:14:34 PYT 2013: MTD_FORMULARIO_DOCUMENTOS :

Tue Jun 11 2:14:41 PYT 2013: --- OPERACIONES --
Tue Jun 11 2:14:41 PYT 2013: --- OPERACIONES: editar_documentos--
Tue Jun 11 2:14:41 PYT 2013: EDITAR DOCUMENTO #14
Tue Jun 11 2:14:41 PYT 2013: MTD_FORMULARIO_DOCUMENTOS :

Tue Jun 11 2:14:41 PYT 2013: OCAT:[1] - OSUB [1] 
Tue Jun 11 2:14:41 PYT 2013: CAT:[6] - SUB [] 
Tue Jun 11 2:14:41 PYT 2013: CAT:[1] - SUB [] 
Tue Jun 11 2:14:41 PYT 2013: CAT:[1] - SUB [] 
Tue Jun 11 2:14:41 PYT 2013: CAT:[1] - SUB [] 
Tue Jun 11 2:14:41 PYT 2013: CAT:[3] - SUB [] 
Tue Jun 11 2:14:41 PYT 2013: CAT:[5] - SUB [] 
Tue Jun 11 2:14:41 PYT 2013: CAT:[2] - SUB [] 
Tue Jun 11 2:14:41 PYT 2013: CAT:[4] - SUB [] 
Tue Jun 11 2:14:42 PYT 2013: INCICIO SISTEMA
Tue Jun 11 2:14:42 PYT 2013: CLASS_LISTA_DOCUMENTOS Inicializar
Tue Jun 11 2:14:51 PYT 2013: --- OPERACIONES --
Tue Jun 11 2:14:51 PYT 2013: --- OPERACIONES: editar_documentos--
Tue Jun 11 2:14:51 PYT 2013: EDITAR DOCUMENTO #14
Tue Jun 11 2:14:51 PYT 2013: MTD_FORMULARIO_DOCUMENTOS :

Tue Jun 11 2:14:51 PYT 2013: OCAT:[1] - OSUB [1] 
Tue Jun 11 2:14:51 PYT 2013: CAT:[6] - SUB [] 
Tue Jun 11 2:14:51 PYT 2013: CAT:[1] - SUB [] 
Tue Jun 11 2:14:51 PYT 2013: CAT:[1] - SUB [] 
Tue Jun 11 2:14:51 PYT 2013: CAT:[1] - SUB [] 
Tue Jun 11 2:14:51 PYT 2013: CAT:[3] - SUB [] 
Tue Jun 11 2:14:51 PYT 2013: CAT:[5] - SUB [] 
Tue Jun 11 2:14:51 PYT 2013: CAT:[2] - SUB [] 
Tue Jun 11 2:14:51 PYT 2013: CAT:[4] - SUB [] 
Tue Jun 11 2:14:52 PYT 2013: INCICIO SISTEMA
Tue Jun 11 2:14:52 PYT 2013: CLASS_LISTA_DOCUMENTOS Inicializar
Tue Jun 11 2:14:57 PYT 2013: --- OPERACIONES --
Tue Jun 11 2:14:57 PYT 2013: --- OPERACIONES: editar_documentos--
Tue Jun 11 2:14:57 PYT 2013: EDITAR DOCUMENTO #15
Tue Jun 11 2:14:57 PYT 2013: MTD_FORMULARIO_DOCUMENTOS :

Tue Jun 11 2:14:57 PYT 2013: OCAT:[5] - OSUB [0] 
Tue Jun 11 2:14:57 PYT 2013: CAT:[6] - SUB [] 
Tue Jun 11 2:14:57 PYT 2013: CAT:[1] - SUB [] 
Tue Jun 11 2:14:57 PYT 2013: CAT:[1] - SUB [] 
Tue Jun 11 2:14:57 PYT 2013: CAT:[1] - SUB [] 
Tue Jun 11 2:14:57 PYT 2013: CAT:[3] - SUB [] 
Tue Jun 11 2:14:57 PYT 2013: CAT:[5] - SUB [] 
Tue Jun 11 2:14:57 PYT 2013: CAT:[2] - SUB [] 
Tue Jun 11 2:14:57 PYT 2013: CAT:[4] - SUB [] 
Tue Jun 11 2:14:58 PYT 2013: INCICIO SISTEMA
Tue Jun 11 2:14:58 PYT 2013: CLASS_LISTA_DOCUMENTOS Inicializar
Tue Jun 11 2:15:11 PYT 2013: --- OPERACIONES --
Tue Jun 11 2:15:11 PYT 2013: --- OPERACIONES: editar_documentos--
Tue Jun 11 2:15:11 PYT 2013: EDITAR DOCUMENTO #14
Tue Jun 11 2:15:11 PYT 2013: MTD_FORMULARIO_DOCUMENTOS :

Tue Jun 11 2:15:11 PYT 2013: OCAT:[1] - OSUB [1] 
Tue Jun 11 2:15:11 PYT 2013: CAT:[6] - SUB [] 
Tue Jun 11 2:15:11 PYT 2013: CAT:[1] - SUB [1] 
Tue Jun 11 2:15:11 PYT 2013: CAT:[1] - SUB [2] 
Tue Jun 11 2:15:11 PYT 2013: CAT:[1] - SUB [3] 
Tue Jun 11 2:15:11 PYT 2013: CAT:[3] - SUB [] 
Tue Jun 11 2:15:11 PYT 2013: CAT:[5] - SUB [] 
Tue Jun 11 2:15:11 PYT 2013: CAT:[2] - SUB [] 
Tue Jun 11 2:15:11 PYT 2013: CAT:[4] - SUB [] 
Tue Jun 11 2:15:12 PYT 2013: INCICIO SISTEMA
Tue Jun 11 2:15:12 PYT 2013: CLASS_LISTA_DOCUMENTOS Inicializar
Tue Jun 11 2:15:16 PYT 2013: --- OPERACIONES --
Tue Jun 11 2:15:16 PYT 2013: --- OPERACIONES: editar_documentos--
Tue Jun 11 2:15:16 PYT 2013: EDITAR DOCUMENTO #19
Tue Jun 11 2:15:16 PYT 2013: MTD_FORMULARIO_DOCUMENTOS :

Tue Jun 11 2:15:16 PYT 2013: OCAT:[5] - OSUB [0] 
Tue Jun 11 2:15:16 PYT 2013: CAT:[6] - SUB [] 
Tue Jun 11 2:15:16 PYT 2013: CAT:[1] - SUB [1] 
Tue Jun 11 2:15:16 PYT 2013: CAT:[1] - SUB [2] 
Tue Jun 11 2:15:16 PYT 2013: CAT:[1] - SUB [3] 
Tue Jun 11 2:15:16 PYT 2013: CAT:[3] - SUB [] 
Tue Jun 11 2:15:16 PYT 2013: CAT:[5] - SUB [] 
Tue Jun 11 2:15:16 PYT 2013: CAT:[2] - SUB [] 
Tue Jun 11 2:15:16 PYT 2013: CAT:[4] - SUB [] 
Tue Jun 11 2:15:17 PYT 2013: INCICIO SISTEMA
Tue Jun 11 2:15:17 PYT 2013: CLASS_LISTA_DOCUMENTOS Inicializar
Tue Jun 11 2:32:03 PYT 2013: --- OPERACIONES --
Tue Jun 11 2:32:03 PYT 2013: --- OPERACIONES: editar_documentos--
Tue Jun 11 2:32:03 PYT 2013: EDITAR DOCUMENTO #14
Tue Jun 11 2:32:03 PYT 2013: MTD_FORMULARIO_DOCUMENTOS :

Tue Jun 11 2:32:03 PYT 2013: OCAT:[1] - OSUB [1] 
Tue Jun 11 2:32:03 PYT 2013: CAT:[6] - SUB [] 
Tue Jun 11 2:32:03 PYT 2013: CAT:[1] - SUB [1] 
Tue Jun 11 2:32:03 PYT 2013: CAT:[1] - SUB [2] 
Tue Jun 11 2:32:03 PYT 2013: CAT:[1] - SUB [3] 
Tue Jun 11 2:32:03 PYT 2013: CAT:[3] - SUB [] 
Tue Jun 11 2:32:03 PYT 2013: CAT:[5] - SUB [] 
Tue Jun 11 2:32:03 PYT 2013: CAT:[2] - SUB [] 
Tue Jun 11 2:32:03 PYT 2013: CAT:[4] - SUB [] 
Tue Jun 11 2:32:04 PYT 2013: INCICIO SISTEMA
Tue Jun 11 2:32:04 PYT 2013: CLASS_LISTA_DOCUMENTOS Inicializar
Tue Jun 11 2:32:13 PYT 2013: --- OPERACIONES --
Tue Jun 11 2:32:13 PYT 2013: --- OPERACIONES: editar_documentos--
Tue Jun 11 2:32:13 PYT 2013: EDITAR DOCUMENTO #14
Tue Jun 11 2:32:13 PYT 2013: MTD_FORMULARIO_DOCUMENTOS :

Tue Jun 11 2:32:13 PYT 2013: OCAT:[1] - OSUB [1] 
Tue Jun 11 2:32:13 PYT 2013: CAT:[6] - SUB [] 
Tue Jun 11 2:32:13 PYT 2013: CAT:[1] - SUB [1] 
Tue Jun 11 2:32:13 PYT 2013: CAT:[1] - SUB [2] 
Tue Jun 11 2:32:13 PYT 2013: CAT:[1] - SUB [3] 
Tue Jun 11 2:32:13 PYT 2013: CAT:[3] - SUB [] 
Tue Jun 11 2:32:13 PYT 2013: CAT:[5] - SUB [] 
Tue Jun 11 2:32:13 PYT 2013: CAT:[2] - SUB [] 
Tue Jun 11 2:32:13 PYT 2013: CAT:[4] - SUB [] 
Tue Jun 11 2:32:14 PYT 2013: INCICIO SISTEMA
Tue Jun 11 2:32:14 PYT 2013: CLASS_LISTA_DOCUMENTOS Inicializar
Tue Jun 11 2:32:19 PYT 2013: --- OPERACIONES --
Tue Jun 11 2:32:19 PYT 2013: --- OPERACIONES: editar_documentos--
Tue Jun 11 2:32:19 PYT 2013: EDITAR DOCUMENTO #19
Tue Jun 11 2:32:19 PYT 2013: MTD_FORMULARIO_DOCUMENTOS :

Tue Jun 11 2:32:19 PYT 2013: OCAT:[5] - OSUB [0] 
Tue Jun 11 2:32:19 PYT 2013: CAT:[6] - SUB [] 
Tue Jun 11 2:32:19 PYT 2013: CAT:[1] - SUB [1] 
Tue Jun 11 2:32:19 PYT 2013: CAT:[1] - SUB [2] 
Tue Jun 11 2:32:19 PYT 2013: CAT:[1] - SUB [3] 
Tue Jun 11 2:32:19 PYT 2013: CAT:[3] - SUB [] 
Tue Jun 11 2:32:19 PYT 2013: CAT:[5] - SUB [] 
Tue Jun 11 2:32:19 PYT 2013: CAT:[2] - SUB [] 
Tue Jun 11 2:32:19 PYT 2013: CAT:[4] - SUB [] 
Tue Jun 11 2:32:20 PYT 2013: INCICIO SISTEMA
Tue Jun 11 2:32:20 PYT 2013: CLASS_LISTA_DOCUMENTOS Inicializar
Tue Jun 11 2:41:09 PYT 2013: --- OPERACIONES --
Tue Jun 11 2:41:09 PYT 2013: --- OPERACIONES: editar_documentos--
Tue Jun 11 2:41:09 PYT 2013: EDITAR DOCUMENTO #19
Tue Jun 11 2:41:09 PYT 2013: MTD_FORMULARIO_DOCUMENTOS :

Tue Jun 11 2:41:09 PYT 2013: OCAT:[5] - OSUB [0] 
Tue Jun 11 2:41:09 PYT 2013: CAT:[6] - SUB [0] 
Tue Jun 11 2:41:09 PYT 2013: CAT:[1] - SUB [1] 
Tue Jun 11 2:41:09 PYT 2013: CAT:[1] - SUB [2] 
Tue Jun 11 2:41:09 PYT 2013: CAT:[1] - SUB [3] 
Tue Jun 11 2:41:09 PYT 2013: CAT:[3] - SUB [0] 
Tue Jun 11 2:41:09 PYT 2013: CAT:[5] - SUB [0] 
Tue Jun 11 2:41:09 PYT 2013: CAT:[2] - SUB [0] 
Tue Jun 11 2:41:09 PYT 2013: CAT:[4] - SUB [0] 
Tue Jun 11 2:41:09 PYT 2013: INCICIO SISTEMA
Tue Jun 11 2:41:09 PYT 2013: CLASS_LISTA_DOCUMENTOS Inicializar
Tue Jun 11 2:41:15 PYT 2013: --- OPERACIONES --
Tue Jun 11 2:41:15 PYT 2013: --- OPERACIONES: editar_documentos--
Tue Jun 11 2:41:15 PYT 2013: EDITAR DOCUMENTO #15
Tue Jun 11 2:41:15 PYT 2013: MTD_FORMULARIO_DOCUMENTOS :

Tue Jun 11 2:41:15 PYT 2013: OCAT:[5] - OSUB [0] 
Tue Jun 11 2:41:15 PYT 2013: CAT:[6] - SUB [0] 
Tue Jun 11 2:41:15 PYT 2013: CAT:[1] - SUB [1] 
Tue Jun 11 2:41:15 PYT 2013: CAT:[1] - SUB [2] 
Tue Jun 11 2:41:15 PYT 2013: CAT:[1] - SUB [3] 
Tue Jun 11 2:41:15 PYT 2013: CAT:[3] - SUB [0] 
Tue Jun 11 2:41:15 PYT 2013: CAT:[5] - SUB [0] 
Tue Jun 11 2:41:15 PYT 2013: CAT:[2] - SUB [0] 
Tue Jun 11 2:41:15 PYT 2013: CAT:[4] - SUB [0] 
Tue Jun 11 2:41:16 PYT 2013: INCICIO SISTEMA
Tue Jun 11 2:41:16 PYT 2013: CLASS_LISTA_DOCUMENTOS Inicializar
Tue Jun 11 2:41:19 PYT 2013: --- OPERACIONES --
Tue Jun 11 2:41:19 PYT 2013: --- OPERACIONES: editar_documentos--
Tue Jun 11 2:41:19 PYT 2013: EDITAR DOCUMENTO #14
Tue Jun 11 2:41:19 PYT 2013: MTD_FORMULARIO_DOCUMENTOS :

Tue Jun 11 2:41:19 PYT 2013: OCAT:[1] - OSUB [1] 
Tue Jun 11 2:41:19 PYT 2013: CAT:[6] - SUB [0] 
Tue Jun 11 2:41:19 PYT 2013: CAT:[1] - SUB [1] 
Tue Jun 11 2:41:19 PYT 2013: CAT:[1] - SUB [2] 
Tue Jun 11 2:41:19 PYT 2013: CAT:[1] - SUB [3] 
Tue Jun 11 2:41:19 PYT 2013: CAT:[3] - SUB [0] 
Tue Jun 11 2:41:19 PYT 2013: CAT:[5] - SUB [0] 
Tue Jun 11 2:41:19 PYT 2013: CAT:[2] - SUB [0] 
Tue Jun 11 2:41:19 PYT 2013: CAT:[4] - SUB [0] 
Tue Jun 11 2:41:20 PYT 2013: INCICIO SISTEMA
Tue Jun 11 2:41:20 PYT 2013: CLASS_LISTA_DOCUMENTOS Inicializar
Tue Jun 11 2:41:33 PYT 2013: --- OPERACIONES --
Tue Jun 11 2:41:33 PYT 2013: --- OPERACIONES: editar_documentos--
Tue Jun 11 2:41:33 PYT 2013: EDITAR DOCUMENTO #14
Tue Jun 11 2:41:33 PYT 2013: MTD_FORMULARIO_DOCUMENTOS :

Tue Jun 11 2:41:34 PYT 2013: INCICIO SISTEMA
Tue Jun 11 2:41:34 PYT 2013: CLASS_LISTA_DOCUMENTOS Inicializar
Tue Jun 11 2:42:08 PYT 2013: --- OPERACIONES --
Tue Jun 11 2:42:08 PYT 2013: --- OPERACIONES: editar_documentos--
Tue Jun 11 2:42:08 PYT 2013: EDITAR DOCUMENTO #15
Tue Jun 11 2:42:08 PYT 2013: MTD_FORMULARIO_DOCUMENTOS :

Tue Jun 11 2:42:08 PYT 2013: INCICIO SISTEMA
Tue Jun 11 2:42:08 PYT 2013: CLASS_LISTA_DOCUMENTOS Inicializar
Tue Jun 11 2:42:55 PYT 2013: --- OPERACIONES --
Tue Jun 11 2:42:55 PYT 2013: --- OPERACIONES: Mostrar ABM Documentos--
Tue Jun 11 2:42:55 PYT 2013: MTD_FORMULARIO_DOCUMENTOS :

Tue Jun 11 2:42:56 PYT 2013: INCICIO SISTEMA
Tue Jun 11 2:42:56 PYT 2013: CLASS_LISTA_DOCUMENTOS Inicializar
Tue Jun 11 2:50:14 PYT 2013: --- OPERACIONES --
Tue Jun 11 2:50:14 PYT 2013: --- OPERACIONES: editar_documentos--
Tue Jun 11 2:50:14 PYT 2013: EDITAR DOCUMENTO #15
Tue Jun 11 2:50:14 PYT 2013: MTD_FORMULARIO_DOCUMENTOS :

Tue Jun 11 2:50:14 PYT 2013: INCICIO SISTEMA
Tue Jun 11 2:50:14 PYT 2013: CLASS_LISTA_DOCUMENTOS Inicializar
Tue Jun 11 2:50:31 PYT 2013: --- OPERACIONES --
Tue Jun 11 2:50:31 PYT 2013: --- OPERACIONES: editar_documentos--
Tue Jun 11 2:50:31 PYT 2013: EDITAR DOCUMENTO #15
Tue Jun 11 2:50:31 PYT 2013: MTD_FORMULARIO_DOCUMENTOS :

Tue Jun 11 2:50:32 PYT 2013: INCICIO SISTEMA
Tue Jun 11 2:50:32 PYT 2013: CLASS_LISTA_DOCUMENTOS Inicializar
Tue Jun 11 2:56:35 PYT 2013: --- OPERACIONES --
Tue Jun 11 2:56:35 PYT 2013: --- OPERACIONES: editar_documentos--
Tue Jun 11 2:56:35 PYT 2013: EDITAR DOCUMENTO #14
Tue Jun 11 2:56:35 PYT 2013: MTD_FORMULARIO_DOCUMENTOS :

Tue Jun 11 2:56:35 PYT 2013: INCICIO SISTEMA
Tue Jun 11 2:56:35 PYT 2013: CLASS_LISTA_DOCUMENTOS Inicializar
Tue Jun 11 2:56:40 PYT 2013: --- OPERACIONES --
Tue Jun 11 2:56:40 PYT 2013: --- OPERACIONES: actualizar_documento--
Tue Jun 11 2:56:40 PYT 2013: MTD_ACTUALIZAR_DOCUMENTO :

Tue Jun 11 2:56:40 PYT 2013: MTD_ACTUALIZAR_DOCUMENTO : uid 
Tue Jun 11 2:56:40 PYT 2013: MTD_ACTUALIZAR_DOCUMENTO : file 
Tue Jun 11 2:56:40 PYT 2013: MTD_ACTUALIZAR_DOCUMENTO : status 
Tue Jun 11 2:56:40 PYT 2013: MTD_ACTUALIZAR_DOCUMENTO>UPDATE  documentos 
                SET  
                titulo='LEY FEDERAL DE PROCEDIMIENTO ADMINISTRATIVO',
                descripcion='Nueva Ley publicada en el Diario Oficial de la Federación el 4 de agosto de 1995',
                etiquetas='',
                idcategoria = '1',
                idsubcategoria = '1'
                WHERE iddocumento= 14 LIMIT 1;
Tue Jun 11 2:56:40 PYT 2013: MTD_ACTUALIZAR_DOCUMENTO> Documento actualizado exitosamente
Tue Jun 11 2:56:48 PYT 2013: INCICIO SISTEMA
Tue Jun 11 2:56:48 PYT 2013: Seccion administracion 
Tue Jun 11 2:56:48 PYT 2013: Web: 
Tue Jun 11 2:56:48 PYT 2013: BUSCAR_DOCUMENTOS
Tue Jun 11 2:56:48 PYT 2013: BUSCAR_DOCUMENTOS > Busqueda:
Tue Jun 11 2:56:48 PYT 2013: BUSCAR_DOCUMENTOS :

Tue Jun 11 2:56:50 PYT 2013: --- OPERACIONES --
Tue Jun 11 2:56:50 PYT 2013: --- OPERACIONES: editar_documentos--
Tue Jun 11 2:56:50 PYT 2013: EDITAR DOCUMENTO #14
Tue Jun 11 2:56:50 PYT 2013: MTD_FORMULARIO_DOCUMENTOS :

Tue Jun 11 2:56:51 PYT 2013: INCICIO SISTEMA
Tue Jun 11 2:56:51 PYT 2013: CLASS_LISTA_DOCUMENTOS Inicializar
Tue Jun 11 2:56:56 PYT 2013: --- OPERACIONES --
Tue Jun 11 2:56:56 PYT 2013: --- OPERACIONES: editar_documentos--
Tue Jun 11 2:56:56 PYT 2013: EDITAR DOCUMENTO #19
Tue Jun 11 2:56:56 PYT 2013: MTD_FORMULARIO_DOCUMENTOS :

Tue Jun 11 2:56:57 PYT 2013: INCICIO SISTEMA
Tue Jun 11 2:56:57 PYT 2013: CLASS_LISTA_DOCUMENTOS Inicializar
Tue Jun 11 2:57:02 PYT 2013: --- OPERACIONES --
Tue Jun 11 2:57:02 PYT 2013: --- OPERACIONES: actualizar_documento--
Tue Jun 11 2:57:02 PYT 2013: MTD_ACTUALIZAR_DOCUMENTO :

Tue Jun 11 2:57:02 PYT 2013: MTD_ACTUALIZAR_DOCUMENTO : uid 
Tue Jun 11 2:57:02 PYT 2013: MTD_ACTUALIZAR_DOCUMENTO : file 
Tue Jun 11 2:57:02 PYT 2013: MTD_ACTUALIZAR_DOCUMENTO : status 
Tue Jun 11 2:57:02 PYT 2013: MTD_ACTUALIZAR_DOCUMENTO>UPDATE  documentos 
                SET  
                titulo='Java Certified Development',
                descripcion='Java Certified Developer 2013',
                etiquetas='',
                idcategoria = '5',
                idsubcategoria = '0'
                WHERE iddocumento= 19 LIMIT 1;
Tue Jun 11 2:57:02 PYT 2013: MTD_ACTUALIZAR_DOCUMENTO> Documento actualizado exitosamente
Tue Jun 11 2:57:36 PYT 2013: INCICIO SISTEMA
Tue Jun 11 2:57:36 PYT 2013: Seccion administracion 
Tue Jun 11 2:57:36 PYT 2013: Web: 
Tue Jun 11 2:57:36 PYT 2013: BUSCAR_DOCUMENTOS
Tue Jun 11 2:57:36 PYT 2013: BUSCAR_DOCUMENTOS > Busqueda:
Tue Jun 11 2:57:36 PYT 2013: BUSCAR_DOCUMENTOS :

Tue Jun 11 2:57:39 PYT 2013: --- OPERACIONES --
Tue Jun 11 2:57:39 PYT 2013: --- OPERACIONES: editar_documentos--
Tue Jun 11 2:57:39 PYT 2013: EDITAR DOCUMENTO #19
Tue Jun 11 2:57:39 PYT 2013: MTD_FORMULARIO_DOCUMENTOS :

Tue Jun 11 2:57:40 PYT 2013: INCICIO SISTEMA
Tue Jun 11 2:57:40 PYT 2013: CLASS_LISTA_DOCUMENTOS Inicializar
Tue Jun 11 2:57:46 PYT 2013: --- OPERACIONES --
Tue Jun 11 2:57:46 PYT 2013: --- OPERACIONES: actualizar_documento--
Tue Jun 11 2:57:46 PYT 2013: MTD_ACTUALIZAR_DOCUMENTO :

Tue Jun 11 2:57:46 PYT 2013: MTD_ACTUALIZAR_DOCUMENTO : uid 
Tue Jun 11 2:57:46 PYT 2013: MTD_ACTUALIZAR_DOCUMENTO : file 
Tue Jun 11 2:57:46 PYT 2013: MTD_ACTUALIZAR_DOCUMENTO : status 
Tue Jun 11 2:57:46 PYT 2013: MTD_ACTUALIZAR_DOCUMENTO>UPDATE  documentos 
                SET  
                titulo='Java Certified Development',
                descripcion='Java Certified Developer 2013',
                etiquetas='java certified',
                idcategoria = '5',
                idsubcategoria = '0'
                WHERE iddocumento= 19 LIMIT 1;
Tue Jun 11 2:57:46 PYT 2013: MTD_ACTUALIZAR_DOCUMENTO> Documento actualizado exitosamente
Tue Jun 11 2:57:50 PYT 2013: INCICIO SISTEMA
Tue Jun 11 2:57:50 PYT 2013: Seccion administracion 
Tue Jun 11 2:57:50 PYT 2013: Web: 
Tue Jun 11 2:57:50 PYT 2013: BUSCAR_DOCUMENTOS
Tue Jun 11 2:57:50 PYT 2013: BUSCAR_DOCUMENTOS > Busqueda:
Tue Jun 11 2:57:50 PYT 2013: BUSCAR_DOCUMENTOS :

Tue Jun 11 2:57:52 PYT 2013: INCICIO SISTEMA
Tue Jun 11 2:57:52 PYT 2013: CLASS_LISTA_DOCUMENTOS Inicializar
Tue Jun 11 2:58:14 PYT 2013: INCICIO SISTEMA
Tue Jun 11 2:58:14 PYT 2013: Seccion administracion 
Tue Jun 11 2:58:14 PYT 2013: Web: 
Tue Jun 11 2:58:14 PYT 2013: Web: menu principal 
Tue Jun 11 2:58:15 PYT 2013: INCICIO SISTEMA
Tue Jun 11 2:58:15 PYT 2013: Seccion administracion 
Tue Jun 11 2:58:15 PYT 2013: Web: 
Tue Jun 11 2:58:15 PYT 2013: Web: seccion subcategorias
Tue Jun 11 2:58:15 PYT 2013: Asignando el template:
Tue Jun 11 2:58:16 PYT 2013: INCICIO SISTEMA
Tue Jun 11 2:58:16 PYT 2013: Seccion administracion 
Tue Jun 11 2:58:16 PYT 2013: Web: 
Tue Jun 11 2:58:16 PYT 2013: BUSCAR_DOCUMENTOS
Tue Jun 11 2:58:16 PYT 2013: BUSCAR_DOCUMENTOS > Busqueda:
Tue Jun 11 2:58:16 PYT 2013: BUSCAR_DOCUMENTOS :

Tue Jun 11 2:58:17 PYT 2013: INCICIO SISTEMA
Tue Jun 11 2:58:17 PYT 2013: Seccion administracion 
Tue Jun 11 2:58:17 PYT 2013: Web: 
Tue Jun 11 2:58:17 PYT 2013: Web: menu principal 
Tue Jun 11 2:58:18 PYT 2013: INCICIO SISTEMA
Tue Jun 11 2:58:18 PYT 2013: CLASS_LISTA_DOCUMENTOS Inicializar
Tue Jun 11 3:05:26 PYT 2013: INCICIO SISTEMA
Tue Jun 11 3:05:26 PYT 2013: CLASS_LISTA_DOCUMENTOS Inicializar
Tue Jun 11 3:06:48 PYT 2013: INCICIO SISTEMA
Tue Jun 11 3:06:48 PYT 2013: CLASS_LISTA_DOCUMENTOS Inicializar
Tue Jun 11 3:07:46 PYT 2013: INCICIO SISTEMA
Tue Jun 11 3:07:46 PYT 2013: CLASS_LISTA_DOCUMENTOS Inicializar
Tue Jun 11 3:08:28 PYT 2013: INCICIO SISTEMA
Tue Jun 11 3:08:28 PYT 2013: CLASS_LISTA_DOCUMENTOS Inicializar
Tue Jun 11 3:09:17 PYT 2013: INCICIO SISTEMA
Tue Jun 11 3:09:17 PYT 2013: CLASS_LISTA_DOCUMENTOS Inicializar
Tue Jun 11 3:10:02 PYT 2013: INCICIO SISTEMA
Tue Jun 11 3:10:02 PYT 2013: Seccion administracion 
Tue Jun 11 3:10:02 PYT 2013: Web: 
Tue Jun 11 3:10:02 PYT 2013: Web: menu principal 
Tue Jun 11 3:10:04 PYT 2013: INCICIO SISTEMA
Tue Jun 11 3:10:04 PYT 2013: Seccion administracion 
Tue Jun 11 3:10:04 PYT 2013: Web: 
Tue Jun 11 3:10:04 PYT 2013: BUSCAR_DOCUMENTOS
Tue Jun 11 3:10:04 PYT 2013: BUSCAR_DOCUMENTOS > Busqueda:
Tue Jun 11 3:10:04 PYT 2013: BUSCAR_DOCUMENTOS :

Tue Jun 11 3:10:06 PYT 2013: INCICIO SISTEMA
Tue Jun 11 3:10:06 PYT 2013: Seccion administracion 
Tue Jun 11 3:10:06 PYT 2013: Web: 
Tue Jun 11 3:10:06 PYT 2013: Web: seccion subcategorias
Tue Jun 11 3:10:06 PYT 2013: Asignando el template:
Tue Jun 11 3:10:07 PYT 2013: INCICIO SISTEMA
Tue Jun 11 3:10:07 PYT 2013: Seccion administracion 
Tue Jun 11 3:10:07 PYT 2013: Web: 
Tue Jun 11 3:10:07 PYT 2013: Web: seccion categorias
Tue Jun 11 3:10:07 PYT 2013: Asignando el template:
Tue Jun 11 3:10:07 PYT 2013: INCICIO SISTEMA
Tue Jun 11 3:10:07 PYT 2013: Seccion administracion 
Tue Jun 11 3:10:07 PYT 2013: Web: 
Tue Jun 11 3:10:07 PYT 2013: BUSCAR_DOCUMENTOS
Tue Jun 11 3:10:07 PYT 2013: BUSCAR_DOCUMENTOS > Busqueda:
Tue Jun 11 3:10:07 PYT 2013: BUSCAR_DOCUMENTOS :

Tue Jun 11 3:10:08 PYT 2013: --- OPERACIONES --
Tue Jun 11 3:10:08 PYT 2013: --- OPERACIONES: editar_documentos--
Tue Jun 11 3:10:08 PYT 2013: EDITAR DOCUMENTO #14
Tue Jun 11 3:10:08 PYT 2013: MTD_FORMULARIO_DOCUMENTOS :

Tue Jun 11 3:10:09 PYT 2013: INCICIO SISTEMA
Tue Jun 11 3:10:09 PYT 2013: CLASS_LISTA_DOCUMENTOS Inicializar
Tue Jun 11 3:10:12 PYT 2013: INCICIO SISTEMA
Tue Jun 11 3:10:12 PYT 2013: CLASS_LISTA_DOCUMENTOS Inicializar
Tue Jun 11 3:24:45 PYT 2013: INCICIO SISTEMA
Tue Jun 11 3:24:45 PYT 2013: CLASS_LISTA_DOCUMENTOS Inicializar
Tue Jun 11 3:39:07 PYT 2013: INCICIO SISTEMA
Tue Jun 11 3:39:07 PYT 2013: Seccion administracion 
Tue Jun 11 3:39:07 PYT 2013: Web: 
Tue Jun 11 3:39:07 PYT 2013: Web: menu principal 
Tue Jun 11 3:39:09 PYT 2013: INCICIO SISTEMA
Tue Jun 11 3:39:09 PYT 2013: Seccion administracion 
Tue Jun 11 3:39:09 PYT 2013: Web: 
Tue Jun 11 3:39:09 PYT 2013: BUSCAR_DOCUMENTOS
Tue Jun 11 3:39:09 PYT 2013: BUSCAR_DOCUMENTOS > Busqueda:
Tue Jun 11 3:39:09 PYT 2013: BUSCAR_DOCUMENTOS :

Tue Jun 11 3:39:11 PYT 2013: --- OPERACIONES --
Tue Jun 11 3:39:11 PYT 2013: --- OPERACIONES: editar_documentos--
Tue Jun 11 3:39:11 PYT 2013: EDITAR DOCUMENTO #14
Tue Jun 11 3:39:11 PYT 2013: MTD_FORMULARIO_DOCUMENTOS :

Tue Jun 11 3:39:11 PYT 2013: INCICIO SISTEMA
Tue Jun 11 3:39:11 PYT 2013: CLASS_LISTA_DOCUMENTOS Inicializar
Tue Jun 11 3:39:16 PYT 2013: --- OPERACIONES --
Tue Jun 11 3:39:16 PYT 2013: --- OPERACIONES: actualizar_documento--
Tue Jun 11 3:39:16 PYT 2013: MTD_ACTUALIZAR_DOCUMENTO :

Tue Jun 11 3:39:16 PYT 2013: MTD_ACTUALIZAR_DOCUMENTO : uid 
Tue Jun 11 3:39:16 PYT 2013: MTD_ACTUALIZAR_DOCUMENTO : file 
Tue Jun 11 3:39:16 PYT 2013: MTD_ACTUALIZAR_DOCUMENTO : status 
Tue Jun 11 3:39:16 PYT 2013: MTD_ACTUALIZAR_DOCUMENTO>UPDATE  documentos 
                SET  
                titulo='LEY FEDERAL DE PROCEDIMIENTO ADMINISTRATIVO',
                descripcion='Nueva Ley publicada en el Diario Oficial de la Federación el 4 de agosto de 1995',
                etiquetas='leyes',
                idcategoria = '1',
                idsubcategoria = '1'
                WHERE iddocumento= 14 LIMIT 1;
Tue Jun 11 3:39:16 PYT 2013: MTD_ACTUALIZAR_DOCUMENTO> Documento actualizado exitosamente
Tue Jun 11 3:39:20 PYT 2013: INCICIO SISTEMA
Tue Jun 11 3:39:20 PYT 2013: CLASS_LISTA_DOCUMENTOS Inicializar
Tue Jun 11 3:39:21 PYT 2013: INCICIO SISTEMA
Tue Jun 11 3:39:21 PYT 2013: CLASS_LISTA_DOCUMENTOS Inicializar
Tue Jun 11 3:39:24 PYT 2013: INCICIO SISTEMA
Tue Jun 11 3:39:24 PYT 2013: Seccion administracion 
Tue Jun 11 3:39:24 PYT 2013: Web: 
Tue Jun 11 3:39:24 PYT 2013: Web: menu principal 
Tue Jun 11 3:39:25 PYT 2013: INCICIO SISTEMA
Tue Jun 11 3:39:25 PYT 2013: Seccion administracion 
Tue Jun 11 3:39:25 PYT 2013: Web: 
Tue Jun 11 3:39:25 PYT 2013: Web: menu principal 
Tue Jun 11 3:39:26 PYT 2013: INCICIO SISTEMA
Tue Jun 11 3:39:26 PYT 2013: Seccion administracion 
Tue Jun 11 3:39:26 PYT 2013: Web: 
Tue Jun 11 3:39:26 PYT 2013: BUSCAR_DOCUMENTOS
Tue Jun 11 3:39:26 PYT 2013: BUSCAR_DOCUMENTOS > Busqueda:
Tue Jun 11 3:39:26 PYT 2013: BUSCAR_DOCUMENTOS :

Tue Jun 11 3:39:27 PYT 2013: --- OPERACIONES --
Tue Jun 11 3:39:27 PYT 2013: --- OPERACIONES: editar_documentos--
Tue Jun 11 3:39:27 PYT 2013: EDITAR DOCUMENTO #14
Tue Jun 11 3:39:27 PYT 2013: MTD_FORMULARIO_DOCUMENTOS :

Tue Jun 11 3:39:27 PYT 2013: INCICIO SISTEMA
Tue Jun 11 3:39:27 PYT 2013: CLASS_LISTA_DOCUMENTOS Inicializar
Tue Jun 11 3:39:33 PYT 2013: --- OPERACIONES --
Tue Jun 11 3:39:33 PYT 2013: --- OPERACIONES: editar_documentos--
Tue Jun 11 3:39:33 PYT 2013: EDITAR DOCUMENTO #14
Tue Jun 11 3:39:33 PYT 2013: MTD_FORMULARIO_DOCUMENTOS :

Tue Jun 11 3:39:33 PYT 2013: INCICIO SISTEMA
Tue Jun 11 3:39:33 PYT 2013: CLASS_LISTA_DOCUMENTOS Inicializar
Tue Jun 11 3:39:37 PYT 2013: --- OPERACIONES --
Tue Jun 11 3:39:37 PYT 2013: --- OPERACIONES: actualizar_documento--
Tue Jun 11 3:39:37 PYT 2013: MTD_ACTUALIZAR_DOCUMENTO :

Tue Jun 11 3:39:37 PYT 2013: MTD_ACTUALIZAR_DOCUMENTO : uid 
Tue Jun 11 3:39:37 PYT 2013: MTD_ACTUALIZAR_DOCUMENTO : file 
Tue Jun 11 3:39:37 PYT 2013: MTD_ACTUALIZAR_DOCUMENTO : status 
Tue Jun 11 3:39:37 PYT 2013: MTD_ACTUALIZAR_DOCUMENTO>UPDATE  documentos 
                SET  
                titulo='LEY FEDERAL DE PROCEDIMIENTO ADMINISTRATIVO',
                descripcion='Nueva Ley publicada en el Diario Oficial de la Federación el 4 de agosto de 1995',
                etiquetas='leyes',
                idcategoria = '1',
                idsubcategoria = '1'
                WHERE iddocumento= 14 LIMIT 1;
Tue Jun 11 3:39:37 PYT 2013: MTD_ACTUALIZAR_DOCUMENTO> Documento actualizado exitosamente
Tue Jun 11 3:41:09 PYT 2013: --- OPERACIONES --
Tue Jun 11 3:41:09 PYT 2013: --- OPERACIONES: editar_documentos--
Tue Jun 11 3:41:09 PYT 2013: EDITAR DOCUMENTO #14
Tue Jun 11 3:41:09 PYT 2013: MTD_FORMULARIO_DOCUMENTOS :

Tue Jun 11 3:41:09 PYT 2013: INCICIO SISTEMA
Tue Jun 11 3:41:09 PYT 2013: CLASS_LISTA_DOCUMENTOS Inicializar
Tue Jun 11 3:42:38 PYT 2013: INCICIO SISTEMA
Tue Jun 11 3:42:38 PYT 2013: Seccion administracion 
Tue Jun 11 3:42:38 PYT 2013: Web: 
Tue Jun 11 3:42:38 PYT 2013: BUSCAR_DOCUMENTOS
Tue Jun 11 3:42:38 PYT 2013: BUSCAR_DOCUMENTOS > Busqueda:
Tue Jun 11 3:42:38 PYT 2013: BUSCAR_DOCUMENTOS :

Tue Jun 11 3:42:39 PYT 2013: --- OPERACIONES --
Tue Jun 11 3:42:39 PYT 2013: --- OPERACIONES: editar_documentos--
Tue Jun 11 3:42:39 PYT 2013: EDITAR DOCUMENTO #14
Tue Jun 11 3:42:47 PYT 2013: --- OPERACIONES --
Tue Jun 11 3:42:47 PYT 2013: --- OPERACIONES: editar_documentos--
Tue Jun 11 3:42:47 PYT 2013: EDITAR DOCUMENTO #14
Tue Jun 11 3:42:47 PYT 2013: MTD_FORMULARIO_DOCUMENTOS :

Tue Jun 11 3:42:47 PYT 2013: INCICIO SISTEMA
Tue Jun 11 3:42:47 PYT 2013: CLASS_LISTA_DOCUMENTOS Inicializar
Tue Jun 11 3:42:50 PYT 2013: --- OPERACIONES --
Tue Jun 11 3:42:50 PYT 2013: --- OPERACIONES: editar_documentos--
Tue Jun 11 3:42:50 PYT 2013: EDITAR DOCUMENTO #14
Tue Jun 11 3:42:50 PYT 2013: MTD_FORMULARIO_DOCUMENTOS :

Tue Jun 11 3:42:50 PYT 2013: INCICIO SISTEMA
Tue Jun 11 3:42:50 PYT 2013: CLASS_LISTA_DOCUMENTOS Inicializar
Tue Jun 11 3:42:53 PYT 2013: --- OPERACIONES --
Tue Jun 11 3:42:53 PYT 2013: --- OPERACIONES: actualizar_documento--
Tue Jun 11 3:42:53 PYT 2013: MTD_ACTUALIZAR_DOCUMENTO :

Tue Jun 11 3:42:53 PYT 2013: MTD_ACTUALIZAR_DOCUMENTO : uid 
Tue Jun 11 3:42:53 PYT 2013: MTD_ACTUALIZAR_DOCUMENTO : file 
Tue Jun 11 3:42:53 PYT 2013: MTD_ACTUALIZAR_DOCUMENTO : status 
Tue Jun 11 3:42:53 PYT 2013: MTD_ACTUALIZAR_DOCUMENTO>UPDATE  documentos 
                SET  
                titulo='LEY FEDERAL DE PROCEDIMIENTO ADMINISTRATIVO',
                descripcion='Nueva Ley publicada en el Diario Oficial de la Federación el 4 de agosto de 1995',
                etiquetas='leyessss',
                idcategoria = '1',
                idsubcategoria = '1'
                WHERE iddocumento= 14 LIMIT 1;
Tue Jun 11 3:42:53 PYT 2013: MTD_ACTUALIZAR_DOCUMENTO> Documento actualizado exitosamente
Tue Jun 11 3:42:55 PYT 2013: --- OPERACIONES --
Tue Jun 11 3:42:55 PYT 2013: --- OPERACIONES: editar_documentos--
Tue Jun 11 3:42:55 PYT 2013: EDITAR DOCUMENTO #14
Tue Jun 11 3:42:55 PYT 2013: MTD_FORMULARIO_DOCUMENTOS :

Tue Jun 11 3:42:55 PYT 2013: INCICIO SISTEMA
Tue Jun 11 3:42:55 PYT 2013: CLASS_LISTA_DOCUMENTOS Inicializar
Tue Jun 11 3:42:59 PYT 2013: --- OPERACIONES --
Tue Jun 11 3:42:59 PYT 2013: --- OPERACIONES: actualizar_documento--
Tue Jun 11 3:42:59 PYT 2013: MTD_ACTUALIZAR_DOCUMENTO :

Tue Jun 11 3:42:59 PYT 2013: MTD_ACTUALIZAR_DOCUMENTO : uid 
Tue Jun 11 3:42:59 PYT 2013: MTD_ACTUALIZAR_DOCUMENTO : file 
Tue Jun 11 3:42:59 PYT 2013: MTD_ACTUALIZAR_DOCUMENTO : status 
Tue Jun 11 3:42:59 PYT 2013: MTD_ACTUALIZAR_DOCUMENTO>UPDATE  documentos 
                SET  
                titulo='LEY FEDERAL DE PROCEDIMIENTO ADMINISTRATIVO',
                descripcion='Nueva Ley publicada en el Diario Oficial de la Federación el 4 de agosto de 1995',
                etiquetas='leyes',
                idcategoria = '1',
                idsubcategoria = '1'
                WHERE iddocumento= 14 LIMIT 1;
Tue Jun 11 3:42:59 PYT 2013: MTD_ACTUALIZAR_DOCUMENTO> Documento actualizado exitosamente
Tue Jun 11 3:43:02 PYT 2013: --- OPERACIONES --
Tue Jun 11 3:43:02 PYT 2013: --- OPERACIONES: editar_documentos--
Tue Jun 11 3:43:02 PYT 2013: EDITAR DOCUMENTO #14
Tue Jun 11 3:43:02 PYT 2013: MTD_FORMULARIO_DOCUMENTOS :

Tue Jun 11 3:43:02 PYT 2013: INCICIO SISTEMA
Tue Jun 11 3:43:02 PYT 2013: CLASS_LISTA_DOCUMENTOS Inicializar
Tue Jun 11 3:43:19 PYT 2013: Upload Archivo:/tmp/phpsySEk7
Tue Jun 11 3:43:19 PYT 2013: Upload Archivo: File: _1370936599.pdf
Tue Jun 11 3:43:19 PYT 2013: Upload Archivo: moviendo archivos /tmp/phpsySEk7 to /var/pdfflex/_1370936599.pdf
Tue Jun 11 3:43:19 PYT 2013: Upload Archivo: OK _1370936599.pdf
Tue Jun 11 3:43:19 PYT 2013: ingregsar comando: pdf2swf /var/pdfflex/_1370936599.pdf -o /var/pdfflex/directory/_1370936599.pdf.swf -f -T 9 -t -s storeallcharacters
Tue Jun 11 3:43:22 PYT 2013: --- OPERACIONES --
Tue Jun 11 3:43:22 PYT 2013: --- OPERACIONES: actualizar_documento--
Tue Jun 11 3:43:22 PYT 2013: MTD_ACTUALIZAR_DOCUMENTO :

Tue Jun 11 3:43:22 PYT 2013: MTD_ACTUALIZAR_DOCUMENTO : uid 
Tue Jun 11 3:43:22 PYT 2013: MTD_ACTUALIZAR_DOCUMENTO : file _1370936599.pdf
Tue Jun 11 3:43:22 PYT 2013: MTD_ACTUALIZAR_DOCUMENTO : status OK
Tue Jun 11 3:44:05 PYT 2013: MTD_ACTUALIZAR_DOCUMENTO> uploaded {OK} 
Tue Jun 11 3:44:05 PYT 2013: MTD_ACTUALIZAR_DOCUMENTO> Titulo: LEY FEDERAL DE PROCEDIMIENTO ADMINISTRATIVO
Tue Jun 11 3:44:05 PYT 2013: MTD_ACTUALIZAR_DOCUMENTO> Descripcion: Nueva Ley publicada en el Diario Oficial de la Federación el 4 de agosto de 1995
Tue Jun 11 3:44:05 PYT 2013: MTD_ACTUALIZAR_DOCUMENTO> Archivo: /var/pdfflex/_1370936599.pdf
Tue Jun 11 3:44:05 PYT 2013: MTD_ACTUALIZAR_DOCUMENTO> Categorias:1:1
Tue Jun 11 3:44:05 PYT 2013: MTD_ACTUALIZAR_DOCUMENTO>UPDATE  documentos 
                SET  
                titulo='LEY FEDERAL DE PROCEDIMIENTO ADMINISTRATIVO',
                descripcion='Nueva Ley publicada en el Diario Oficial de la Federación el 4 de agosto de 1995',
                rutadocumento='/var/pdfflex/_1370936599.pdf',
                rutaimagen = 'thumbs/_1370936599.jpg',
                etiquetas='leyes',
                idcategoria = '1',
                idsubcategoria = '1'
                WHERE iddocumento= 14 LIMIT 1;
Tue Jun 11 3:44:05 PYT 2013: MTD_ACTUALIZAR_DOCUMENTO> Documento actualizado exitosamente
Tue Jun 11 3:44:20 PYT 2013: INCICIO SISTEMA
Tue Jun 11 3:44:20 PYT 2013: CLASS_LISTA_DOCUMENTOS Inicializar
Tue Jun 11 3:45:09 PYT 2013: INCICIO SISTEMA
Tue Jun 11 3:45:09 PYT 2013: CLASS_LISTA_DOCUMENTOS Inicializar
Tue Jun 11 3:46:32 PYT 2013: INCICIO SISTEMA
Tue Jun 11 3:46:32 PYT 2013: Seccion administracion 
Tue Jun 11 3:46:32 PYT 2013: Web: 
Tue Jun 11 3:46:32 PYT 2013: Web: menu principal 
Tue Jun 11 3:46:33 PYT 2013: INCICIO SISTEMA
Tue Jun 11 3:46:33 PYT 2013: Seccion administracion 
Tue Jun 11 3:46:33 PYT 2013: Web: 
Tue Jun 11 3:46:33 PYT 2013: BUSCAR_DOCUMENTOS
Tue Jun 11 3:46:33 PYT 2013: BUSCAR_DOCUMENTOS > Busqueda:
Tue Jun 11 3:46:33 PYT 2013: BUSCAR_DOCUMENTOS :

Tue Jun 11 3:46:35 PYT 2013: --- OPERACIONES --
Tue Jun 11 3:46:35 PYT 2013: --- OPERACIONES: editar_documentos--
Tue Jun 11 3:46:35 PYT 2013: EDITAR DOCUMENTO #14
Tue Jun 11 3:46:35 PYT 2013: MTD_FORMULARIO_DOCUMENTOS :

Tue Jun 11 3:46:35 PYT 2013: INCICIO SISTEMA
Tue Jun 11 3:46:35 PYT 2013: CLASS_LISTA_DOCUMENTOS Inicializar
Tue Jun 11 3:48:24 PYT 2013: Upload Archivo:/tmp/phpMCnnlb
Tue Jun 11 3:48:24 PYT 2013: Upload Archivo: File: _1370936904.pdf
Tue Jun 11 3:48:24 PYT 2013: Upload Archivo: moviendo archivos /tmp/phpMCnnlb to /var/pdfflex/_1370936904.pdf
Tue Jun 11 3:48:24 PYT 2013: Upload Archivo: OK _1370936904.pdf
Tue Jun 11 3:48:24 PYT 2013: ingregsar comando: pdf2swf /var/pdfflex/_1370936904.pdf -o /var/pdfflex/directory/_1370936904.pdf.swf -f -T 9 -t -s storeallcharacters
Tue Jun 11 3:48:27 PYT 2013: --- OPERACIONES --
Tue Jun 11 3:48:27 PYT 2013: --- OPERACIONES: actualizar_documento--
Tue Jun 11 3:48:27 PYT 2013: MTD_ACTUALIZAR_DOCUMENTO :

Tue Jun 11 3:48:27 PYT 2013: MTD_ACTUALIZAR_DOCUMENTO : uid 
Tue Jun 11 3:48:27 PYT 2013: MTD_ACTUALIZAR_DOCUMENTO : file _1370936904.pdf
Tue Jun 11 3:48:27 PYT 2013: MTD_ACTUALIZAR_DOCUMENTO : status OK
Tue Jun 11 3:48:27 PYT 2013: MTD_ACTUALIZAR_DOCUMENTO> uploaded {OK} 
Tue Jun 11 3:48:27 PYT 2013: MTD_ACTUALIZAR_DOCUMENTO> Titulo: LEY FEDERAL DE PROCEDIMIENTO ADMINISTRATIVO
Tue Jun 11 3:48:27 PYT 2013: MTD_ACTUALIZAR_DOCUMENTO> Descripcion: Nueva Ley publicada en el Diario Oficial de la Federación el 4 de agosto de 1995
Tue Jun 11 3:48:27 PYT 2013: MTD_ACTUALIZAR_DOCUMENTO> Archivo: /var/pdfflex/_1370936904.pdf
Tue Jun 11 3:48:27 PYT 2013: MTD_ACTUALIZAR_DOCUMENTO> Categorias:1:1
Tue Jun 11 3:48:27 PYT 2013: MTD_ACTUALIZAR_DOCUMENTO>UPDATE  documentos 
                SET  
                titulo='LEY FEDERAL DE PROCEDIMIENTO ADMINISTRATIVO',
                descripcion='Nueva Ley publicada en el Diario Oficial de la Federación el 4 de agosto de 1995',
                rutadocumento='/var/pdfflex/_1370936904.pdf',
                rutaimagen = 'thumbs/_1370936904.jpg',
                etiquetas='leyes',
                idcategoria = '1',
                idsubcategoria = '1'
                WHERE iddocumento= 14 LIMIT 1;
Tue Jun 11 3:48:27 PYT 2013: MTD_ACTUALIZAR_DOCUMENTO> Documento actualizado exitosamente
Tue Jun 11 3:48:31 PYT 2013: INCICIO SISTEMA
Tue Jun 11 3:48:31 PYT 2013: CLASS_LISTA_DOCUMENTOS Inicializar
